listed items that should be unlisted:
unlisted items that should be listed:
bdrc-W3CN3207
items in buddhist-digital-resource-center-restricted that should not be:
bdrc-W4CZ354413
items not in buddhist-digital-resource-center-restricted that should be:
bdrc-W00EGS1016699
bdrc-W00EGS1016750
bdrc-W00EGS1016981
bdrc-W00EGS1017196
bdrc-W00KG03658
bdrc-W00KG03794
bdrc-W13649
bdrc-W17209
bdrc-W18120
bdrc-W19792
bdrc-W19961
bdrc-W19963
bdrc-W1AC330
bdrc-W1AC408
bdrc-W1KG13617
bdrc-W1KG13802
bdrc-W1KG15407
bdrc-W1KG16001
bdrc-W1KG17189
bdrc-W1KG17609
bdrc-W1KG24215
bdrc-W1KG24995
bdrc-W1KG25488
bdrc-W1KG4884
bdrc-W1KG5665
bdrc-W1KG5698
bdrc-W1KG5705
bdrc-W1KG5737
bdrc-W1KG6058
bdrc-W1KG6150
bdrc-W1KG6152
bdrc-W1KG6288
bdrc-W1KG659
bdrc-W1KG802
bdrc-W1PD105783
bdrc-W1PD105855
bdrc-W1PD179846
bdrc-W1PD180878
bdrc-W1PD45095
bdrc-W1PD45495
bdrc-W1PD76232
bdrc-W1PD83960
bdrc-W1PD90033
bdrc-W1PD95746
bdrc-W20081
bdrc-W20087
bdrc-W20097
bdrc-W20141
bdrc-W20143
bdrc-W20184
bdrc-W20186
bdrc-W20382
bdrc-W20393
bdrc-W20395
bdrc-W20397
bdrc-W20410
bdrc-W20411
bdrc-W20424
bdrc-W20432
bdrc-W20446
bdrc-W20454
bdrc-W20517
bdrc-W20849
bdrc-W20856
bdrc-W20916
bdrc-W21017
bdrc-W21597
bdrc-W21604
bdrc-W21611
bdrc-W21612
bdrc-W21620
bdrc-W21621
bdrc-W21693
bdrc-W21716
bdrc-W21743
bdrc-W21757
bdrc-W21784
bdrc-W21793
bdrc-W21860
bdrc-W21865
bdrc-W21871
bdrc-W21880
bdrc-W21896
bdrc-W21916
bdrc-W21923
bdrc-W21953
bdrc-W21975
bdrc-W22010
bdrc-W22039
bdrc-W22165
bdrc-W22290
bdrc-W23175
bdrc-W23567
bdrc-W23664
bdrc-W23830
bdrc-W23882
bdrc-W23912
bdrc-W24029
bdrc-W24034
bdrc-W24036
bdrc-W24051
bdrc-W24575
bdrc-W24664
bdrc-W24672
bdrc-W24679
bdrc-W24886
bdrc-W25006
bdrc-W25102
bdrc-W25146
bdrc-W25167
bdrc-W25168
bdrc-W25184
bdrc-W25185
bdrc-W25213
bdrc-W25220
bdrc-W25245
bdrc-W25254
bdrc-W25263
bdrc-W25265
bdrc-W25985
bdrc-W26078
bdrc-W27016
bdrc-W27314
bdrc-W27318
bdrc-W27413
bdrc-W27495
bdrc-W27499
bdrc-W27736
bdrc-W28834
bdrc-W28839
bdrc-W28866
bdrc-W28936
bdrc-W28960
bdrc-W28983
bdrc-W29013
bdrc-W29032
bdrc-W29091
bdrc-W29233
bdrc-W29246
bdrc-W29267
bdrc-W29295
bdrc-W29648
bdrc-W29661
bdrc-W29662
bdrc-W29663
bdrc-W29665
bdrc-W29684
bdrc-W29686
bdrc-W29896
bdrc-W29897
bdrc-W29975
bdrc-W29978
bdrc-W29980
bdrc-W2CZ5668
bdrc-W2CZ5669
bdrc-W2CZ6238
bdrc-W2CZ6602
bdrc-W2CZ6604
bdrc-W2CZ6656
bdrc-W2CZ6767
bdrc-W2CZ6771
bdrc-W2CZ6779
bdrc-W2CZ7868
bdrc-W2CZ8024
bdrc-W2CZ8064
bdrc-W2CZ8093
bdrc-W2DB25449
bdrc-W2DB4573
bdrc-W2DB4593
bdrc-W2DB4626
bdrc-W2MS811
bdrc-W2PD16796
bdrc-W2PD16797
bdrc-W2PD16798
bdrc-W2PD16917
bdrc-W2PD17391
bdrc-W2PD17397
bdrc-W30012
bdrc-W30014
bdrc-W30016
bdrc-W30086
bdrc-W30398
bdrc-W30403
bdrc-W3817
bdrc-W3CN2688
bdrc-W3CN3329
bdrc-W3CN3416
bdrc-W3CN5330
bdrc-W3CN5348
bdrc-W3CN5475
bdrc-W3CN5519
bdrc-W3CN554
bdrc-W3CN6621
bdrc-W4CZ1097
bdrc-W4CZ332935
bdrc-W5JW3
bdrc-W5JW4
bdrc-W669
bdrc-W7499
bdrc-W8LS20371
items in inlibrary that should not be:
bdrc-W00KG0619
bdrc-W1AB6
bdrc-W1AB7
bdrc-W1KG109088
bdrc-W1KG109094
bdrc-W1KG109095
bdrc-W1KG109096
bdrc-W1KG109097
bdrc-W1KG109098
bdrc-W1KG109099
bdrc-W1KG109100
bdrc-W1KG116063
bdrc-W1KG15416
bdrc-W1KG15580
bdrc-W1KG15896
bdrc-W1KG20787
bdrc-W1KG21998
bdrc-W1KG22420
bdrc-W1KG23742
bdrc-W1KG23749
bdrc-W1KG23754
bdrc-W1KG23757
bdrc-W1KG24217
bdrc-W1KG24524
bdrc-W1KG25909
bdrc-W1KG25915
bdrc-W1KG6202
bdrc-W1KG91163
bdrc-W1KG91164
bdrc-W1KG91165
bdrc-W1KG91166
bdrc-W1KG91171
bdrc-W2CZ7990
bdrc-W2KG207346
bdrc-W2KG207347
bdrc-W2KG207551
bdrc-W2KG207552
bdrc-W2KG207553
bdrc-W2KG207554
bdrc-W3CN17676
bdrc-W3CN17679
bdrc-W3CN17685
bdrc-W3CN9674
bdrc-W4CZ294740
bdrc-W4CZ294911
bdrc-W4CZ294913
bdrc-W4CZ294914
bdrc-W4CZ294915
bdrc-W4CZ294916
bdrc-W4CZ294917
bdrc-W4CZ294918
bdrc-W4CZ294919
bdrc-W4CZ294922
bdrc-W4CZ294923
bdrc-W4CZ294924
bdrc-W4CZ295065
bdrc-W4CZ295070
bdrc-W4CZ295071
bdrc-W4CZ295072
bdrc-W4CZ295074
bdrc-W4CZ295075
bdrc-W4CZ295076
bdrc-W4CZ295077
bdrc-W4CZ295078
bdrc-W4CZ295080
bdrc-W4CZ295081
bdrc-W4CZ295084
bdrc-W4CZ295937
bdrc-W8LS16366
bdrc-W8LS23999
bdrc-W8LS26176
bdrc-W8LS32706
bdrc-W8LS42293
bdrc-W8LS76094
items not in inlibrary that should be:
bdrc-W00EGS1016699
bdrc-W00EGS1016750
bdrc-W00EGS1016981
bdrc-W00EGS1017196
bdrc-W00KG03658
bdrc-W00KG03794
bdrc-W13649
bdrc-W17209
bdrc-W18120
bdrc-W19792
bdrc-W19961
bdrc-W19963
bdrc-W1AC330
bdrc-W1AC408
bdrc-W1KG13617
bdrc-W1KG13802
bdrc-W1KG15407
bdrc-W1KG16001
bdrc-W1KG17189
bdrc-W1KG17609
bdrc-W1KG24995
bdrc-W1KG25488
bdrc-W1KG4884
bdrc-W1KG5665
bdrc-W1KG5698
bdrc-W1KG5705
bdrc-W1KG5737
bdrc-W1KG6058
bdrc-W1KG6150
bdrc-W1KG6152
bdrc-W1KG6288
bdrc-W1KG659
bdrc-W1KG802
bdrc-W1PD105783
bdrc-W1PD105855
bdrc-W1PD179846
bdrc-W1PD180878
bdrc-W1PD45095
bdrc-W1PD45495
bdrc-W1PD76232
bdrc-W1PD83960
bdrc-W1PD90033
bdrc-W1PD95746
bdrc-W20081
bdrc-W20087
bdrc-W20097
bdrc-W20141
bdrc-W20143
bdrc-W20184
bdrc-W20186
bdrc-W20382
bdrc-W20393
bdrc-W20395
bdrc-W20397
bdrc-W20410
bdrc-W20411
bdrc-W20424
bdrc-W20432
bdrc-W20446
bdrc-W20454
bdrc-W20517
bdrc-W20849
bdrc-W20856
bdrc-W20916
bdrc-W21017
bdrc-W21597
bdrc-W21604
bdrc-W21611
bdrc-W21612
bdrc-W21620
bdrc-W21621
bdrc-W21693
bdrc-W21716
bdrc-W21743
bdrc-W21757
bdrc-W21784
bdrc-W21793
bdrc-W21860
bdrc-W21865
bdrc-W21871
bdrc-W21880
bdrc-W21896
bdrc-W21916
bdrc-W21923
bdrc-W21953
bdrc-W21975
bdrc-W22010
bdrc-W22039
bdrc-W22165
bdrc-W22290
bdrc-W23175
bdrc-W23567
bdrc-W23664
bdrc-W23830
bdrc-W23882
bdrc-W23912
bdrc-W24029
bdrc-W24034
bdrc-W24036
bdrc-W24051
bdrc-W24575
bdrc-W24664
bdrc-W24672
bdrc-W24679
bdrc-W24886
bdrc-W25006
bdrc-W25102
bdrc-W25146
bdrc-W25167
bdrc-W25168
bdrc-W25184
bdrc-W25185
bdrc-W25213
bdrc-W25220
bdrc-W25245
bdrc-W25254
bdrc-W25263
bdrc-W25265
bdrc-W25985
bdrc-W26078
bdrc-W27016
bdrc-W27314
bdrc-W27318
bdrc-W27413
bdrc-W27495
bdrc-W27499
bdrc-W27736
bdrc-W28834
bdrc-W28839
bdrc-W28866
bdrc-W28936
bdrc-W28960
bdrc-W28983
bdrc-W29013
bdrc-W29032
bdrc-W29091
bdrc-W29233
bdrc-W29246
bdrc-W29267
bdrc-W29295
bdrc-W29648
bdrc-W29661
bdrc-W29662
bdrc-W29663
bdrc-W29665
bdrc-W29684
bdrc-W29686
bdrc-W29896
bdrc-W29897
bdrc-W29975
bdrc-W29978
bdrc-W29980
bdrc-W2CZ5668
bdrc-W2CZ5669
bdrc-W2CZ6238
bdrc-W2CZ6602
bdrc-W2CZ6604
bdrc-W2CZ6656
bdrc-W2CZ6767
bdrc-W2CZ6771
bdrc-W2CZ6779
bdrc-W2CZ7868
bdrc-W2CZ8024
bdrc-W2CZ8093
bdrc-W2DB25449
bdrc-W2DB4573
bdrc-W2DB4593
bdrc-W2DB4626
bdrc-W2MS811
bdrc-W2PD16796
bdrc-W2PD16797
bdrc-W2PD16798
bdrc-W2PD16917
bdrc-W2PD17391
bdrc-W2PD17397
bdrc-W30012
bdrc-W30014
bdrc-W30016
bdrc-W30086
bdrc-W30398
bdrc-W30403
bdrc-W3817
bdrc-W3CN2688
bdrc-W3CN3329
bdrc-W3CN3416
bdrc-W3CN5330
bdrc-W3CN5348
bdrc-W3CN5475
bdrc-W3CN5519
bdrc-W3CN554
bdrc-W3CN6621
bdrc-W4CZ1097
bdrc-W5JW3
bdrc-W5JW4
bdrc-W669
bdrc-W7499
bdrc-W8LS20371
bdrc-W1FPL113
bdrc-W1FPL390
bdrc-W1FPL411
bdrc-W1FPL599
bdrc-W1FPL769
bdrc-W1FPL871
bdrc-W1FPL938
bdrc-W1FPL958
bdrc-W1EAP3740
bdrc-W1FEMC030236
items in geo_restricted that should not be:
items not in geo_restricted that should be:
bdrc-W00EGS1016699
bdrc-W00EGS1016750
bdrc-W00EGS1017196
bdrc-W00KG03658
bdrc-W00KG03794
bdrc-W17209
bdrc-W1986
bdrc-W19975
bdrc-W1KG12986
bdrc-W1KG13617
bdrc-W1KG13759
bdrc-W1KG13802
bdrc-W1KG17609
bdrc-W1KG24215
bdrc-W1KG2733
bdrc-W1KG4218
bdrc-W1KG5194
bdrc-W1KG5737
bdrc-W1KG881
bdrc-W1KG8897
bdrc-W1KG89148
bdrc-W1KG988
bdrc-W1PD177853
bdrc-W1PD45495
bdrc-W2046
bdrc-W20548
bdrc-W20813
bdrc-W20916
bdrc-W21026
bdrc-W21611
bdrc-W21612
bdrc-W21716
bdrc-W21793
bdrc-W21810
bdrc-W21860
bdrc-W21865
bdrc-W21894
bdrc-W21939
bdrc-W21950
bdrc-W22103
bdrc-W22200
bdrc-W22393
bdrc-W23151
bdrc-W23184
bdrc-W23185
bdrc-W23198
bdrc-W23345
bdrc-W23435
bdrc-W23450
bdrc-W23453
bdrc-W23633
bdrc-W23635
bdrc-W23637
bdrc-W23664
bdrc-W23690
bdrc-W23773
bdrc-W23828
bdrc-W23871
bdrc-W23898
bdrc-W23912
bdrc-W23933
bdrc-W23993
bdrc-W24672
bdrc-W24766
bdrc-W25102
bdrc-W25815
bdrc-W26078
bdrc-W27300
bdrc-W27314
bdrc-W28732
bdrc-W28936
bdrc-W28960
bdrc-W29011
bdrc-W29013
bdrc-W29233
bdrc-W29307
bdrc-W29468
bdrc-W29628
bdrc-W29661
bdrc-W29662
bdrc-W29663
bdrc-W29665
bdrc-W29670
bdrc-W29688
bdrc-W2CZ5667
bdrc-W2CZ5669
bdrc-W2CZ5987
bdrc-W2CZ6767
bdrc-W2CZ6771
bdrc-W2CZ7914
bdrc-W2CZ8093
bdrc-W2DB4593
bdrc-W2MS2274
bdrc-W2PD17397
bdrc-W30016
bdrc-W30152
bdrc-W30178
bdrc-W30398
bdrc-W30403
bdrc-W30452
bdrc-W30532
bdrc-W3CN3416
bdrc-W3CN4693
bdrc-W3CN5519
bdrc-W3PD1100
bdrc-W4CZ20864
bdrc-W4CZ332935
bdrc-W4CZ74375
bdrc-W8226
bdrc-W8683
bdrc-W8LS17156
bdrc-W8LS20290
bdrc-W8LS20296
bdrc-W8LS20329
bdrc-W9088
