listed items that should be unlisted:


bdrc-W4CZ368810




unlisted items that should be listed:






items in buddhist-digital-resource-center-restricted that should not be:


bdrc-W00KG03664
bdrc-W15562
bdrc-W1GS60389
bdrc-W1KG12159
bdrc-W1KG12626
bdrc-W1KG12713
bdrc-W1KG12721
bdrc-W1KG18586
bdrc-W1KG24220
bdrc-W1KG25593
bdrc-W1KG3173
bdrc-W1KG5704
bdrc-W1KG8718
bdrc-W1KG9274
bdrc-W1PD137783
bdrc-W22128
bdrc-W22393
bdrc-W2PD17448
bdrc-W2PD19201
bdrc-W3CN15975
bdrc-W3CN15976
bdrc-W3CN18488
bdrc-W3CN2116
bdrc-W3CN2198
bdrc-W3CN2409
bdrc-W3CN3014
bdrc-W3CN3227
bdrc-W3CN3402
bdrc-W3CN3408
bdrc-W3CN3418
bdrc-W3CN3432
bdrc-W3CN471
bdrc-W3CN5667
bdrc-W3CN5823
bdrc-W3CN6021
bdrc-W3CN6433
bdrc-W3CN6442
bdrc-W3CN6445
bdrc-W3CN6549
bdrc-W3CN6670
bdrc-W3CN6718
bdrc-W3CN6819
bdrc-W3CN6897
bdrc-W3CN6915
bdrc-W3CN6943
bdrc-W3CN6976
bdrc-W3CN7036
bdrc-W3CN7829
bdrc-W3CN8173
bdrc-W3CN8305
bdrc-W3CN9698
bdrc-W3MS214
bdrc-W3MS261
bdrc-W3PD190
bdrc-W3PD381
bdrc-W3PD887
bdrc-W3PD982
bdrc-W4CZ1062
bdrc-W4CZ1721
bdrc-W4CZ294737
bdrc-W4CZ294738
bdrc-W4CZ294739
bdrc-W4CZ294740
bdrc-W4CZ294741
bdrc-W4CZ294911
bdrc-W4CZ294912
bdrc-W4CZ294913
bdrc-W4CZ294914
bdrc-W4CZ294915
bdrc-W4CZ294916
bdrc-W4CZ294917
bdrc-W4CZ294918
bdrc-W4CZ294919
bdrc-W4CZ294920
bdrc-W4CZ294921
bdrc-W4CZ294922
bdrc-W4CZ294923
bdrc-W4CZ294924
bdrc-W4CZ295065
bdrc-W4CZ295066
bdrc-W4CZ295068
bdrc-W4CZ295069
bdrc-W4CZ295070
bdrc-W4CZ295071
bdrc-W4CZ295072
bdrc-W4CZ295073
bdrc-W4CZ295074
bdrc-W4CZ295075
bdrc-W4CZ295076
bdrc-W4CZ295077
bdrc-W4CZ295078
bdrc-W4CZ295080
bdrc-W4CZ295084
bdrc-W4CZ75
bdrc-W4PD3076
bdrc-W4PD973
bdrc-W8238
bdrc-W8LS16366
bdrc-W8LS17047
bdrc-W8LS17072
bdrc-W8LS17095
bdrc-W8LS17110
bdrc-W8LS17143
bdrc-W8LS17217
bdrc-W8LS17337
bdrc-W8LS17345
bdrc-W8LS17357
bdrc-W8LS17371
bdrc-W8LS17921
bdrc-W8LS17922
bdrc-W8LS17925
bdrc-W8LS18964
bdrc-W8LS18982
bdrc-W8LS19021
bdrc-W8LS19135
bdrc-W8LS19237
bdrc-W8LS20236
bdrc-W8LS20251
bdrc-W8LS20454




items not in buddhist-digital-resource-center-restricted that should be:


bdrc-W00EGS1016612
bdrc-W00EGS1016725
bdrc-W00KG03658
bdrc-W00KG09667
bdrc-W19963
bdrc-W1AC408
bdrc-W1KG11817
bdrc-W1KG13703
bdrc-W1KG13802
bdrc-W1KG1412
bdrc-W1KG14970
bdrc-W1KG14992
bdrc-W1KG15407
bdrc-W1KG16154
bdrc-W1KG16578
bdrc-W1KG16727
bdrc-W1KG16728
bdrc-W1KG17609
bdrc-W1KG22296
bdrc-W1KG22946
bdrc-W1KG23085
bdrc-W1KG23086
bdrc-W1KG23538
bdrc-W1KG23817
bdrc-W1KG24215
bdrc-W1KG25386
bdrc-W1KG25488
bdrc-W1KG25527
bdrc-W1KG3374
bdrc-W1KG3460
bdrc-W1KG4254
bdrc-W1KG4255
bdrc-W1KG5258
bdrc-W1KG5259
bdrc-W1KG5265
bdrc-W1KG5272
bdrc-W1KG5620
bdrc-W1KG5623
bdrc-W1KG5868
bdrc-W1KG5875
bdrc-W1KG5967
bdrc-W1KG5991
bdrc-W1KG6058
bdrc-W1KG6152
bdrc-W1KG6288
bdrc-W1PD105783
bdrc-W1PD177852
bdrc-W20068
bdrc-W20087
bdrc-W20109
bdrc-W20141
bdrc-W20184
bdrc-W20185
bdrc-W20186
bdrc-W20202
bdrc-W20222
bdrc-W20242
bdrc-W20382
bdrc-W20397
bdrc-W20410
bdrc-W20452
bdrc-W20820
bdrc-W20832
bdrc-W20852
bdrc-W21017
bdrc-W21592
bdrc-W21604
bdrc-W21678
bdrc-W21696
bdrc-W21716
bdrc-W21743
bdrc-W21793
bdrc-W21860
bdrc-W21896
bdrc-W21912
bdrc-W21916
bdrc-W21923
bdrc-W21968
bdrc-W22010
bdrc-W22045
bdrc-W23664
bdrc-W24590
bdrc-W25213
bdrc-W25220
bdrc-W25243
bdrc-W25245
bdrc-W25263
bdrc-W25265
bdrc-W26010
bdrc-W26031
bdrc-W27016
bdrc-W28831
bdrc-W28847
bdrc-W28860
bdrc-W28861
bdrc-W28959
bdrc-W28964
bdrc-W28970
bdrc-W29091
bdrc-W29233
bdrc-W29237
bdrc-W29238
bdrc-W29239
bdrc-W29240
bdrc-W29267
bdrc-W29295
bdrc-W2PD17384
bdrc-W2PD17385
bdrc-W2PD17391
bdrc-W2PD17626
bdrc-W30052
bdrc-W30070
bdrc-W30071
bdrc-W30072
bdrc-W30319
bdrc-W30394
bdrc-W3CN15689
bdrc-W3CN15690
bdrc-W3CN15693
bdrc-W3CN16599
bdrc-W3CN17670
bdrc-W3CN17752
bdrc-W3CN21518
bdrc-W3CN21524
bdrc-W3CN21836
bdrc-W3CN22040
bdrc-W3CN3416
bdrc-W3CN5475
bdrc-W3CN6386
bdrc-W3CN6600
bdrc-W3CN6621
bdrc-W3CN7826
bdrc-W4CZ294159
bdrc-W4CZ307971
bdrc-W4CZ307986
bdrc-W4CZ307987
bdrc-W4CZ332935
bdrc-W4CZ368810
bdrc-W8LS18002
bdrc-W8LS18012
bdrc-W8LS18146
bdrc-W8LS20753
bdrc-W8LS34404
bdrc-W8LS36509




items in inlibrary that should not be:


bdrc-W00KG0619
bdrc-W1AB6
bdrc-W1AB7
bdrc-W1GS60389
bdrc-W1KG109088
bdrc-W1KG109094
bdrc-W1KG109095
bdrc-W1KG109096
bdrc-W1KG109097
bdrc-W1KG109098
bdrc-W1KG109099
bdrc-W1KG109100
bdrc-W1KG116063
bdrc-W1KG14350
bdrc-W1KG14534
bdrc-W1KG14589
bdrc-W1KG14607
bdrc-W1KG14700
bdrc-W1KG15416
bdrc-W1KG15580
bdrc-W1KG15896
bdrc-W1KG18570
bdrc-W1KG18571
bdrc-W1KG18572
bdrc-W1KG18584
bdrc-W1KG18586
bdrc-W1KG18762
bdrc-W1KG18766
bdrc-W1KG20787
bdrc-W1KG20958
bdrc-W1KG21296
bdrc-W1KG21998
bdrc-W1KG22129
bdrc-W1KG22207
bdrc-W1KG22238
bdrc-W1KG22420
bdrc-W1KG23270
bdrc-W1KG23485
bdrc-W1KG23742
bdrc-W1KG23749
bdrc-W1KG23754
bdrc-W1KG23757
bdrc-W1KG24056
bdrc-W1KG24217
bdrc-W1KG24220
bdrc-W1KG24278
bdrc-W1KG24309
bdrc-W1KG24356
bdrc-W1KG24524
bdrc-W1KG25909
bdrc-W1KG25915
bdrc-W1KG3173
bdrc-W1KG5704
bdrc-W1KG6202
bdrc-W1KG91163
bdrc-W1KG91164
bdrc-W1KG91165
bdrc-W1KG91166
bdrc-W1KG91171
bdrc-W1PD137783
bdrc-W20133
bdrc-W2CZ7990
bdrc-W2CZ8081
bdrc-W2KG207346
bdrc-W2KG207347
bdrc-W2KG207551
bdrc-W2KG207552
bdrc-W2KG207553
bdrc-W2KG207554
bdrc-W3CN15975
bdrc-W3CN15976
bdrc-W3CN17676
bdrc-W3CN17679
bdrc-W3CN17685
bdrc-W3CN9674
bdrc-W4CZ294738
bdrc-W4CZ294740
bdrc-W4CZ294741
bdrc-W4CZ294909
bdrc-W4CZ294911
bdrc-W4CZ294913
bdrc-W4CZ294914
bdrc-W4CZ294915
bdrc-W4CZ294916
bdrc-W4CZ294917
bdrc-W4CZ294918
bdrc-W4CZ294919
bdrc-W4CZ294920
bdrc-W4CZ294922
bdrc-W4CZ294923
bdrc-W4CZ294924
bdrc-W4CZ295065
bdrc-W4CZ295067
bdrc-W4CZ295068
bdrc-W4CZ295069
bdrc-W4CZ295070
bdrc-W4CZ295071
bdrc-W4CZ295072
bdrc-W4CZ295073
bdrc-W4CZ295074
bdrc-W4CZ295075
bdrc-W4CZ295076
bdrc-W4CZ295077
bdrc-W4CZ295078
bdrc-W4CZ295079
bdrc-W4CZ295080
bdrc-W4CZ295081
bdrc-W4CZ295082
bdrc-W4CZ295083
bdrc-W4CZ295084
bdrc-W4CZ295937
bdrc-W4PD3076
bdrc-W8LS16366
bdrc-W8LS23999
bdrc-W8LS26176
bdrc-W8LS32706
bdrc-W8LS32707
bdrc-W8LS32710
bdrc-W8LS32711
bdrc-W8LS32713
bdrc-W8LS32714
bdrc-W8LS33983
bdrc-W8LS33986
bdrc-W8LS33989
bdrc-W8LS33992
bdrc-W8LS33995
bdrc-W8LS34513
bdrc-W8LS34520
bdrc-W8LS34523
bdrc-W8LS34835
bdrc-W8LS34844
bdrc-W8LS35880
bdrc-W8LS35883
bdrc-W8LS41700
bdrc-W8LS41706
bdrc-W8LS41707
bdrc-W8LS41708
bdrc-W8LS41719
bdrc-W8LS41742
bdrc-W8LS41743
bdrc-W8LS41745
bdrc-W8LS41750
bdrc-W8LS41751
bdrc-W8LS41752
bdrc-W8LS41875
bdrc-W8LS41876
bdrc-W8LS41877
bdrc-W8LS41879
bdrc-W8LS41880
bdrc-W8LS41881
bdrc-W8LS41947
bdrc-W8LS41948
bdrc-W8LS41960
bdrc-W8LS41961
bdrc-W8LS41962
bdrc-W8LS41971
bdrc-W8LS41973
bdrc-W8LS41974
bdrc-W8LS41976
bdrc-W8LS41991
bdrc-W8LS41992
bdrc-W8LS41994
bdrc-W8LS41995
bdrc-W8LS41996
bdrc-W8LS41997
bdrc-W8LS42112
bdrc-W8LS42113
bdrc-W8LS42114
bdrc-W8LS42119
bdrc-W8LS42130
bdrc-W8LS42132
bdrc-W8LS42133
bdrc-W8LS42134
bdrc-W8LS42136
bdrc-W8LS42149
bdrc-W8LS42150
bdrc-W8LS42151
bdrc-W8LS42152
bdrc-W8LS42175
bdrc-W8LS42181
bdrc-W8LS42206
bdrc-W8LS42207
bdrc-W8LS42218
bdrc-W8LS42228
bdrc-W8LS42234
bdrc-W8LS42235
bdrc-W8LS42243
bdrc-W8LS42246
bdrc-W8LS42247
bdrc-W8LS42248
bdrc-W8LS42249
bdrc-W8LS42259
bdrc-W8LS42272
bdrc-W8LS42292
bdrc-W8LS43778
bdrc-W8LS43808
bdrc-W8LS43811
bdrc-W8LS43814
bdrc-W8LS43817
bdrc-W8LS43820
bdrc-W8LS43823
bdrc-W8LS43850
bdrc-W8LS43859
bdrc-W8LS43863
bdrc-W8LS43883
bdrc-W8LS43892
bdrc-W8LS44000
bdrc-W8LS44003
bdrc-W8LS44163
bdrc-W8LS44166
bdrc-W8LS66715
bdrc-W8LS67568
bdrc-W8LS67611
bdrc-W8LS76094




items not in inlibrary that should be:


bdrc-W00EGS1016612
bdrc-W00EGS1016620
bdrc-W00EGS1016725
bdrc-W00EGS1016733
bdrc-W00EGS1016925
bdrc-W00EGS1016940
bdrc-W00EGS1016949
bdrc-W00EGS1016988
bdrc-W00EGS1017292
bdrc-W00EGS1017349
bdrc-W00KG03658
bdrc-W00KG03695
bdrc-W00KG09667
bdrc-W19963
bdrc-W19981
bdrc-W19998
bdrc-W1AC408
bdrc-W1CZ2267
bdrc-W1CZ2269
bdrc-W1CZ2282
bdrc-W1CZ2394
bdrc-W1CZ2403
bdrc-W1CZ2415
bdrc-W1GS66291
bdrc-W1KG11817
bdrc-W1KG1350
bdrc-W1KG1354
bdrc-W1KG1356
bdrc-W1KG1360
bdrc-W1KG1364
bdrc-W1KG13703
bdrc-W1KG13797
bdrc-W1KG13802
bdrc-W1KG1408
bdrc-W1KG1412
bdrc-W1KG1418
bdrc-W1KG1424
bdrc-W1KG1426
bdrc-W1KG1428
bdrc-W1KG1460
bdrc-W1KG1462
bdrc-W1KG1464
bdrc-W1KG1467
bdrc-W1KG1476
bdrc-W1KG1477
bdrc-W1KG1478
bdrc-W1KG14970
bdrc-W1KG14992
bdrc-W1KG15407
bdrc-W1KG16002
bdrc-W1KG16578
bdrc-W1KG16728
bdrc-W1KG1680
bdrc-W1KG17456
bdrc-W1KG17609
bdrc-W1KG20783
bdrc-W1KG20957
bdrc-W1KG21013
bdrc-W1KG21090
bdrc-W1KG2119
bdrc-W1KG2120
bdrc-W1KG2164
bdrc-W1KG22909
bdrc-W1KG22946
bdrc-W1KG23085
bdrc-W1KG23086
bdrc-W1KG23817
bdrc-W1KG25386
bdrc-W1KG25389
bdrc-W1KG25392
bdrc-W1KG25488
bdrc-W1KG25527
bdrc-W1KG2757
bdrc-W1KG3365
bdrc-W1KG3374
bdrc-W1KG4254
bdrc-W1KG4255
bdrc-W1KG4855
bdrc-W1KG4936
bdrc-W1KG5007
bdrc-W1KG5093
bdrc-W1KG5258
bdrc-W1KG5259
bdrc-W1KG5265
bdrc-W1KG5272
bdrc-W1KG5611
bdrc-W1KG5617
bdrc-W1KG5618
bdrc-W1KG5619
bdrc-W1KG5620
bdrc-W1KG5622
bdrc-W1KG5623
bdrc-W1KG5868
bdrc-W1KG5875
bdrc-W1KG5967
bdrc-W1KG5991
bdrc-W1KG6058
bdrc-W1KG6152
bdrc-W1KG6288
bdrc-W1KG819
bdrc-W1KG8314
bdrc-W1KG8481
bdrc-W1KG852
bdrc-W1KG878
bdrc-W1PD105783
bdrc-W1PD177852
bdrc-W20068
bdrc-W20087
bdrc-W20109
bdrc-W20141
bdrc-W20184
bdrc-W20185
bdrc-W20186
bdrc-W20222
bdrc-W20242
bdrc-W20382
bdrc-W20397
bdrc-W20410
bdrc-W20452
bdrc-W20820
bdrc-W20832
bdrc-W20852
bdrc-W21017
bdrc-W21592
bdrc-W21604
bdrc-W21672
bdrc-W21678
bdrc-W21696
bdrc-W21716
bdrc-W21722
bdrc-W21743
bdrc-W21793
bdrc-W21860
bdrc-W21896
bdrc-W21912
bdrc-W21916
bdrc-W21923
bdrc-W21968
bdrc-W22010
bdrc-W22045
bdrc-W23664
bdrc-W24590
bdrc-W24880
bdrc-W25213
bdrc-W25220
bdrc-W25243
bdrc-W25245
bdrc-W25263
bdrc-W25265
bdrc-W26010
bdrc-W26031
bdrc-W26675
bdrc-W27016
bdrc-W28263
bdrc-W28831
bdrc-W28847
bdrc-W28860
bdrc-W28861
bdrc-W28959
bdrc-W28964
bdrc-W28970
bdrc-W29091
bdrc-W29233
bdrc-W29237
bdrc-W29238
bdrc-W29239
bdrc-W29240
bdrc-W29244
bdrc-W29267
bdrc-W29295
bdrc-W2CZ8015
bdrc-W2PD17384
bdrc-W2PD17385
bdrc-W2PD17391
bdrc-W2PD17624
bdrc-W2PD17626
bdrc-W30052
bdrc-W30070
bdrc-W30071
bdrc-W30072
bdrc-W30319
bdrc-W30394
bdrc-W3CN21518
bdrc-W3CN21524
bdrc-W3CN21836
bdrc-W3CN21845
bdrc-W3CN22040
bdrc-W3CN3226
bdrc-W3CN3403
bdrc-W3CN3414
bdrc-W3CN3416
bdrc-W3CN3417
bdrc-W3CN5011
bdrc-W3CN5475
bdrc-W3CN5739
bdrc-W3CN6386
bdrc-W3CN6451
bdrc-W3CN6552
bdrc-W3CN6600
bdrc-W3CN6603
bdrc-W3CN6621
bdrc-W3CN6688
bdrc-W3CN6694
bdrc-W3CN6700
bdrc-W3CN6727
bdrc-W3CN6730
bdrc-W3CN6757
bdrc-W3CN6864
bdrc-W3CN6867
bdrc-W3CN6870
bdrc-W3CN6873
bdrc-W3CN6879
bdrc-W3CN6888
bdrc-W3CN6891
bdrc-W3CN6912
bdrc-W3CN6922
bdrc-W3CN6931
bdrc-W3CN6946
bdrc-W3CN6988
bdrc-W3CN6991
bdrc-W3CN7000
bdrc-W3CN7826
bdrc-W3CN8381
bdrc-W3CN8399
bdrc-W3JT13552
bdrc-W4CZ24515
bdrc-W4CZ333421
bdrc-W4CZ354985
bdrc-W4CZ367174
bdrc-W4CZ367175
bdrc-W4CZ367176
bdrc-W4CZ367177
bdrc-W4CZ367179
bdrc-W4CZ367185
bdrc-W4CZ368750
bdrc-W4CZ368754
bdrc-W4CZ368777
bdrc-W4CZ368779
bdrc-W4CZ368781
bdrc-W4CZ368785
bdrc-W4CZ368790
bdrc-W4CZ368791
bdrc-W4CZ368795
bdrc-W4CZ368800
bdrc-W4CZ368811
bdrc-W4CZ368813
bdrc-W4CZ368820
bdrc-W4CZ368835
bdrc-W4CZ368836
bdrc-W4CZ368838
bdrc-W4CZ368839
bdrc-W4CZ368840
bdrc-W4CZ368842
bdrc-W4CZ368843
bdrc-W8LS17281
bdrc-W8LS18146
bdrc-W8LS30933
bdrc-W8LS30939
bdrc-W8LS68027
bdrc-W8LS68030
bdrc-W8LS68033
bdrc-W8LS68036
bdrc-W8LS68039
bdrc-W8LS68042
bdrc-W8LS68045
bdrc-W8LS75793
bdrc-W8LS75802




items not in bdrc-fplmanuscripts that should be:


bdrc-W1FPL1033
bdrc-W1FPL1063
bdrc-W1FPL113
bdrc-W1FPL1170
bdrc-W1FPL1172
bdrc-W1FPL159
bdrc-W1FPL360
bdrc-W1FPL390
bdrc-W1FPL393
bdrc-W1FPL411
bdrc-W1FPL599
bdrc-W1FPL741
bdrc-W1FPL769
bdrc-W1FPL871
bdrc-W1FPL938
bdrc-W1FPL958
bdrc-W1EAP10000
bdrc-W1EAP10780
bdrc-W1EAP2484
bdrc-W1EAP2944
bdrc-W1EAP3740
bdrc-W1EAP4277
bdrc-W1EAP5949
bdrc-W1EAP6101
bdrc-W1EAP6589
bdrc-W1EAP7971




items not in bdrc-khmermanuscripts that should be:


bdrc-W1FEMC030003
bdrc-W1FEMC030156
bdrc-W1FEMC030157
bdrc-W1FEMC030158
bdrc-W1FEMC030159
bdrc-W1FEMC030160
bdrc-W1FEMC030161
bdrc-W1FEMC030162
bdrc-W1FEMC030163
bdrc-W1FEMC030202
bdrc-W1FEMC030203
bdrc-W1FEMC030204
bdrc-W1FEMC030205
bdrc-W1FEMC030236
bdrc-W1FEMC030237
bdrc-W1FEMC030238
bdrc-W1FEMC030240
bdrc-W1FEMC030241
bdrc-W1FEMC030242
bdrc-W1FEMC030243
bdrc-W1FEMC030244
bdrc-W1FEMC030245
bdrc-W1FEMC030246
bdrc-W1FEMC030247
bdrc-W1FEMC030248
bdrc-W1FEMC030249
bdrc-W1FEMC030250
bdrc-W1FEMC030251
bdrc-W1FEMC030252
bdrc-W1FEMC030253
bdrc-W1FEMC030254
bdrc-W1FEMC030255
bdrc-W1FEMC030256
bdrc-W1FEMC030257
bdrc-W1FEMC030258
bdrc-W1FEMC030259
bdrc-W1FEMC030260
bdrc-W1FEMC030261
bdrc-W1FEMC030262
bdrc-W1FEMC030263
bdrc-W1FEMC030264
bdrc-W1FEMC030265
bdrc-W1FEMC030266
bdrc-W1FEMC030267
bdrc-W1FEMC030268
bdrc-W1FEMC030269
bdrc-W1FEMC030270
bdrc-W1FEMC030271
bdrc-W1FEMC030272
bdrc-W1FEMC030427
bdrc-W1FEMC030428
bdrc-W1FEMC030429
bdrc-W1FEMC030430
bdrc-W1FEMC030431
bdrc-W1FEMC030432
bdrc-W1FEMC030433
bdrc-W1FEMC030434
bdrc-W1FEMC030435




items in geo_restricted that should not be:


bdrc-W3CN15671
bdrc-W3CN15683
bdrc-W3CN15685
bdrc-W3CN16179
bdrc-W3CN16180
bdrc-W3CN16181
bdrc-W3CN16183
bdrc-W4CZ328549
bdrc-W8LS36509




items not in geo_restricted that should be:


bdrc-W00EGS1016047
bdrc-W00EGS1016213
bdrc-W00EGS1016273
bdrc-W00EGS1016296
bdrc-W00EGS1016678
bdrc-W00EGS1016686
bdrc-W00EGS1016699
bdrc-W00EGS1016703
bdrc-W00EGS1016750
bdrc-W00EGS1016782
bdrc-W00EGS1016899
bdrc-W00EGS1016924
bdrc-W00EGS1016928
bdrc-W00EGS1016947
bdrc-W00EGS1016950
bdrc-W00EGS1016951
bdrc-W00EGS1016956
bdrc-W00EGS1016958
bdrc-W00EGS1016963
bdrc-W00EGS1016983
bdrc-W00EGS1016994
bdrc-W00EGS1017030
bdrc-W00EGS1017048
bdrc-W00EGS1017069
bdrc-W00EGS1017093
bdrc-W00EGS1017120
bdrc-W00EGS1017157
bdrc-W00EGS1017169
bdrc-W00EGS1017196
bdrc-W00EGS1017219
bdrc-W00EGS1017303
bdrc-W00EGS1017306
bdrc-W00EGS1017316
bdrc-W00EGS1017328
bdrc-W00EGS1017401
bdrc-W00EGS1017555
bdrc-W00KG010085
bdrc-W00KG010265
bdrc-W00KG01048
bdrc-W00KG015
bdrc-W00KG01510
bdrc-W00KG01511
bdrc-W00KG01513
bdrc-W00KG01514
bdrc-W00KG01515
bdrc-W00KG01516
bdrc-W00KG01518
bdrc-W00KG01519
bdrc-W00KG01521
bdrc-W00KG01522
bdrc-W00KG01613
bdrc-W00KG01661
bdrc-W00KG01663
bdrc-W00KG02330
bdrc-W00KG02331
bdrc-W00KG02333
bdrc-W00KG02334
bdrc-W00KG02390
bdrc-W00KG02743
bdrc-W00KG03151
bdrc-W00KG03598
bdrc-W00KG03600
bdrc-W00KG03611
bdrc-W00KG03652
bdrc-W00KG03658
bdrc-W00KG03664
bdrc-W00KG03680
bdrc-W00KG03685
bdrc-W00KG03688
bdrc-W00KG03794
bdrc-W00KG03797
bdrc-W00KG03940
bdrc-W00KG03976
bdrc-W00KG0614
bdrc-W00KG07597
bdrc-W00KG07619
bdrc-W00KG08
bdrc-W00KG08362
bdrc-W00KG08430
bdrc-W00KG08442
bdrc-W00KG08457
bdrc-W00KG09
bdrc-W00KG09211
bdrc-W00KG09216
bdrc-W00KG09670
bdrc-W00KG09686
bdrc-W00KG09693
bdrc-W00KG09729
bdrc-W00KG09736
bdrc-W00KG09739
bdrc-W00KG09750
bdrc-W00KG09757
bdrc-W00KG09764
bdrc-W00KG09766
bdrc-W00KG09825
bdrc-W00KG09980
bdrc-W10200
bdrc-W10247
bdrc-W10314
bdrc-W10329
bdrc-W10419
bdrc-W10736
bdrc-W11051
bdrc-W1174
bdrc-W12094
bdrc-W1229
bdrc-W13528
bdrc-W13536
bdrc-W13779
bdrc-W14133
bdrc-W14322
bdrc-W14376
bdrc-W14457
bdrc-W14592
bdrc-W14615
bdrc-W15562
bdrc-W16484
bdrc-W16515
bdrc-W16912
bdrc-W16936
bdrc-W17209
bdrc-W175
bdrc-W17722
bdrc-W18122
bdrc-W18126
bdrc-W18133
bdrc-W19223
bdrc-W1923
bdrc-W19462
bdrc-W19471
bdrc-W19615
bdrc-W19617
bdrc-W19680
bdrc-W19801
bdrc-W19803
bdrc-W19811
bdrc-W19830
bdrc-W19836
bdrc-W19848
bdrc-W1986
bdrc-W19884
bdrc-W19962
bdrc-W19965
bdrc-W19988
bdrc-W19995
bdrc-W19997
bdrc-W19999
bdrc-W1AB2
bdrc-W1AB5
bdrc-W1AC16
bdrc-W1AC2
bdrc-W1AC213
bdrc-W1AC241
bdrc-W1AC242
bdrc-W1AC278
bdrc-W1AC282
bdrc-W1AC283
bdrc-W1AC29
bdrc-W1AC299
bdrc-W1AC308
bdrc-W1AC309
bdrc-W1AC316
bdrc-W1AC319
bdrc-W1AC320
bdrc-W1AC321
bdrc-W1AC337
bdrc-W1AC340
bdrc-W1AC345
bdrc-W1AC346
bdrc-W1AC35
bdrc-W1AC354
bdrc-W1AC361
bdrc-W1AC368
bdrc-W1AC384
bdrc-W1AC387
bdrc-W1AC389
bdrc-W1AC40
bdrc-W1AC406
bdrc-W1AC413
bdrc-W1AC423
bdrc-W1AC430
bdrc-W1AC434
bdrc-W1AC435
bdrc-W1AC436
bdrc-W1AC441
bdrc-W1AC442
bdrc-W1AC9
bdrc-W1AT884
bdrc-W1CZ1012
bdrc-W1CZ1034
bdrc-W1CZ1087
bdrc-W1CZ1100
bdrc-W1CZ1146
bdrc-W1CZ1395
bdrc-W1CZ1877
bdrc-W1CZ1992
bdrc-W1CZ2043
bdrc-W1CZ2262
bdrc-W1CZ2276
bdrc-W1CZ2390
bdrc-W1CZ2429
bdrc-W1CZ2485
bdrc-W1CZ2488
bdrc-W1CZ2511
bdrc-W1CZ2548
bdrc-W1CZ2730
bdrc-W1CZ2855
bdrc-W1CZ2856
bdrc-W1CZ2857
bdrc-W1CZ504
bdrc-W1CZ690
bdrc-W1CZ896
bdrc-W1CZ911
bdrc-W1GS135531
bdrc-W1GS139873
bdrc-W1GS140301
bdrc-W1GS44028
bdrc-W1GS44054
bdrc-W1GS44055
bdrc-W1GS44056
bdrc-W1GS45274
bdrc-W1GS53494
bdrc-W1GS54156
bdrc-W1GS56008
bdrc-W1GS56154
bdrc-W1GS56161
bdrc-W1GS58442
bdrc-W1GS60386
bdrc-W1GS66248
bdrc-W1GS66286
bdrc-W1GS66291
bdrc-W1GS66299
bdrc-W1GS66314
bdrc-W1GS66353
bdrc-W1GS66375
bdrc-W1GS88136
bdrc-W1GS91829
bdrc-W1GS94773
bdrc-W1JM1
bdrc-W1KG1
bdrc-W1KG10137
bdrc-W1KG10193
bdrc-W1KG10241
bdrc-W1KG10250
bdrc-W1KG10253
bdrc-W1KG10281
bdrc-W1KG10294
bdrc-W1KG10590
bdrc-W1KG10766
bdrc-W1KG10778
bdrc-W1KG1096
bdrc-W1KG11666
bdrc-W1KG11691
bdrc-W1KG11703
bdrc-W1KG11733
bdrc-W1KG11817
bdrc-W1KG11923
bdrc-W1KG11958
bdrc-W1KG11965
bdrc-W1KG12061
bdrc-W1KG12070
bdrc-W1KG12075
bdrc-W1KG12153
bdrc-W1KG12160
bdrc-W1KG12177
bdrc-W1KG12204
bdrc-W1KG12305
bdrc-W1KG12338
bdrc-W1KG12370
bdrc-W1KG12420
bdrc-W1KG12427
bdrc-W1KG1247
bdrc-W1KG12660
bdrc-W1KG1281
bdrc-W1KG1286
bdrc-W1KG12979
bdrc-W1KG12986
bdrc-W1KG13109
bdrc-W1KG13116
bdrc-W1KG13119
bdrc-W1KG13166
bdrc-W1KG13431
bdrc-W1KG13617
bdrc-W1KG13698
bdrc-W1KG13759
bdrc-W1KG13764
bdrc-W1KG13768
bdrc-W1KG13785
bdrc-W1KG13790
bdrc-W1KG13792
bdrc-W1KG13795
bdrc-W1KG13798
bdrc-W1KG13802
bdrc-W1KG13808
bdrc-W1KG13809
bdrc-W1KG13810
bdrc-W1KG13813
bdrc-W1KG13823
bdrc-W1KG13840
bdrc-W1KG13989
bdrc-W1KG13990
bdrc-W1KG14
bdrc-W1KG1412
bdrc-W1KG14132
bdrc-W1KG14133
bdrc-W1KG14136
bdrc-W1KG14137
bdrc-W1KG14138
bdrc-W1KG14139
bdrc-W1KG14455
bdrc-W1KG14473
bdrc-W1KG14511
bdrc-W1KG14513
bdrc-W1KG14517
bdrc-W1KG14531
bdrc-W1KG14533
bdrc-W1KG14538
bdrc-W1KG14550
bdrc-W1KG14555
bdrc-W1KG14557
bdrc-W1KG14603
bdrc-W1KG14616
bdrc-W1KG14641
bdrc-W1KG14646
bdrc-W1KG14647
bdrc-W1KG14648
bdrc-W1KG14649
bdrc-W1KG14650
bdrc-W1KG14651
bdrc-W1KG14653
bdrc-W1KG14655
bdrc-W1KG14662
bdrc-W1KG14665
bdrc-W1KG14667
bdrc-W1KG14673
bdrc-W1KG14674
bdrc-W1KG14675
bdrc-W1KG14676
bdrc-W1KG14677
bdrc-W1KG14678
bdrc-W1KG14700
bdrc-W1KG14701
bdrc-W1KG14713
bdrc-W1KG14720
bdrc-W1KG14727
bdrc-W1KG14738
bdrc-W1KG14743
bdrc-W1KG14777
bdrc-W1KG14780
bdrc-W1KG14787
bdrc-W1KG14815
bdrc-W1KG15446
bdrc-W1KG15463
bdrc-W1KG15855
bdrc-W1KG1592
bdrc-W1KG15935
bdrc-W1KG1596
bdrc-W1KG15962
bdrc-W1KG15990
bdrc-W1KG15995
bdrc-W1KG16152
bdrc-W1KG16154
bdrc-W1KG16203
bdrc-W1KG16208
bdrc-W1KG16212
bdrc-W1KG16214
bdrc-W1KG16464
bdrc-W1KG16554
bdrc-W1KG16556
bdrc-W1KG1656
bdrc-W1KG16565
bdrc-W1KG1657
bdrc-W1KG16579
bdrc-W1KG16581
bdrc-W1KG16588
bdrc-W1KG16651
bdrc-W1KG16652
bdrc-W1KG16655
bdrc-W1KG1666
bdrc-W1KG16720
bdrc-W1KG16726
bdrc-W1KG16728
bdrc-W1KG16787
bdrc-W1KG16793
bdrc-W1KG16803
bdrc-W1KG16805
bdrc-W1KG1685
bdrc-W1KG1687
bdrc-W1KG16917
bdrc-W1KG17022
bdrc-W1KG17175
bdrc-W1KG17180
bdrc-W1KG17190
bdrc-W1KG17192
bdrc-W1KG17199
bdrc-W1KG17201
bdrc-W1KG17210
bdrc-W1KG17214
bdrc-W1KG17217
bdrc-W1KG17218
bdrc-W1KG17220
bdrc-W1KG17222
bdrc-W1KG17280
bdrc-W1KG17329
bdrc-W1KG17426
bdrc-W1KG17448
bdrc-W1KG17454
bdrc-W1KG17578
bdrc-W1KG17604
bdrc-W1KG17607
bdrc-W1KG17609
bdrc-W1KG1791
bdrc-W1KG18139
bdrc-W1KG18292
bdrc-W1KG18530
bdrc-W1KG18535
bdrc-W1KG18537
bdrc-W1KG18563
bdrc-W1KG18570
bdrc-W1KG18571
bdrc-W1KG18572
bdrc-W1KG18573
bdrc-W1KG18574
bdrc-W1KG18580
bdrc-W1KG18584
bdrc-W1KG18586
bdrc-W1KG18631
bdrc-W1KG18762
bdrc-W1KG18766
bdrc-W1KG18838
bdrc-W1KG20637
bdrc-W1KG20639
bdrc-W1KG20785
bdrc-W1KG20856
bdrc-W1KG20858
bdrc-W1KG20879
bdrc-W1KG20931
bdrc-W1KG20956
bdrc-W1KG20958
bdrc-W1KG20999
bdrc-W1KG21016
bdrc-W1KG21018
bdrc-W1KG21020
bdrc-W1KG21089
bdrc-W1KG21231
bdrc-W1KG21300
bdrc-W1KG21754
bdrc-W1KG21821
bdrc-W1KG21841
bdrc-W1KG21842
bdrc-W1KG21959
bdrc-W1KG22023
bdrc-W1KG22086
bdrc-W1KG22129
bdrc-W1KG22147
bdrc-W1KG22150
bdrc-W1KG22186
bdrc-W1KG22207
bdrc-W1KG22238
bdrc-W1KG22301
bdrc-W1KG22373
bdrc-W1KG22580
bdrc-W1KG22691
bdrc-W1KG22943
bdrc-W1KG22950
bdrc-W1KG22986
bdrc-W1KG23085
bdrc-W1KG23421
bdrc-W1KG23485
bdrc-W1KG23490
bdrc-W1KG23538
bdrc-W1KG23567
bdrc-W1KG23599
bdrc-W1KG23600
bdrc-W1KG23601
bdrc-W1KG23667
bdrc-W1KG23669
bdrc-W1KG23671
bdrc-W1KG23697
bdrc-W1KG23700
bdrc-W1KG23711
bdrc-W1KG23738
bdrc-W1KG23739
bdrc-W1KG23753
bdrc-W1KG23847
bdrc-W1KG23848
bdrc-W1KG23851
bdrc-W1KG24015
bdrc-W1KG24018
bdrc-W1KG24041
bdrc-W1KG24056
bdrc-W1KG24057
bdrc-W1KG24060
bdrc-W1KG24061
bdrc-W1KG24101
bdrc-W1KG24104
bdrc-W1KG24106
bdrc-W1KG24215
bdrc-W1KG24218
bdrc-W1KG24220
bdrc-W1KG24221
bdrc-W1KG24278
bdrc-W1KG24309
bdrc-W1KG24356
bdrc-W1KG24467
bdrc-W1KG24477
bdrc-W1KG24648
bdrc-W1KG24770
bdrc-W1KG24797
bdrc-W1KG24817
bdrc-W1KG24829
bdrc-W1KG24838
bdrc-W1KG24862
bdrc-W1KG24915
bdrc-W1KG24977
bdrc-W1KG24998
bdrc-W1KG25056
bdrc-W1KG25162
bdrc-W1KG25219
bdrc-W1KG25246
bdrc-W1KG25291
bdrc-W1KG25371
bdrc-W1KG25449
bdrc-W1KG25485
bdrc-W1KG25503
bdrc-W1KG25548
bdrc-W1KG25593
bdrc-W1KG25596
bdrc-W1KG25655
bdrc-W1KG25670
bdrc-W1KG25682
bdrc-W1KG25692
bdrc-W1KG25710
bdrc-W1KG25716
bdrc-W1KG25719
bdrc-W1KG25734
bdrc-W1KG25749
bdrc-W1KG25770
bdrc-W1KG25823
bdrc-W1KG25864
bdrc-W1KG25867
bdrc-W1KG25891
bdrc-W1KG25894
bdrc-W1KG25897
bdrc-W1KG25914
bdrc-W1KG25918
bdrc-W1KG26091
bdrc-W1KG26110
bdrc-W1KG2726
bdrc-W1KG2733
bdrc-W1KG2808
bdrc-W1KG3173
bdrc-W1KG3410
bdrc-W1KG3511
bdrc-W1KG3555
bdrc-W1KG3642
bdrc-W1KG3710
bdrc-W1KG3714
bdrc-W1KG3815
bdrc-W1KG3816
bdrc-W1KG3877
bdrc-W1KG3982
bdrc-W1KG3994
bdrc-W1KG4191
bdrc-W1KG4210
bdrc-W1KG4218
bdrc-W1KG422
bdrc-W1KG4224
bdrc-W1KG4225
bdrc-W1KG4226
bdrc-W1KG4227
bdrc-W1KG4265
bdrc-W1KG4276
bdrc-W1KG4281
bdrc-W1KG4293
bdrc-W1KG4302
bdrc-W1KG4303
bdrc-W1KG4328
bdrc-W1KG4333
bdrc-W1KG4334
bdrc-W1KG4335
bdrc-W1KG4336
bdrc-W1KG4428
bdrc-W1KG4460
bdrc-W1KG4467
bdrc-W1KG4472
bdrc-W1KG4523
bdrc-W1KG4531
bdrc-W1KG4532
bdrc-W1KG4601
bdrc-W1KG4608
bdrc-W1KG461
bdrc-W1KG4778
bdrc-W1KG4779
bdrc-W1KG478
bdrc-W1KG4852
bdrc-W1KG4857
bdrc-W1KG4865
bdrc-W1KG4868
bdrc-W1KG4876
bdrc-W1KG492
bdrc-W1KG4937
bdrc-W1KG4942
bdrc-W1KG5000
bdrc-W1KG5002
bdrc-W1KG509
bdrc-W1KG5149
bdrc-W1KG515
bdrc-W1KG518
bdrc-W1KG5182
bdrc-W1KG519
bdrc-W1KG5194
bdrc-W1KG521
bdrc-W1KG5254
bdrc-W1KG5328
bdrc-W1KG5371
bdrc-W1KG5375
bdrc-W1KG5377
bdrc-W1KG5422
bdrc-W1KG545
bdrc-W1KG5450
bdrc-W1KG5451
bdrc-W1KG5539
bdrc-W1KG5560
bdrc-W1KG5615
bdrc-W1KG5620
bdrc-W1KG5623
bdrc-W1KG5724
bdrc-W1KG5727
bdrc-W1KG5737
bdrc-W1KG5760
bdrc-W1KG5773
bdrc-W1KG5775
bdrc-W1KG580
bdrc-W1KG5842
bdrc-W1KG5859
bdrc-W1KG5868
bdrc-W1KG5872
bdrc-W1KG5875
bdrc-W1KG5907
bdrc-W1KG5945
bdrc-W1KG5962
bdrc-W1KG6007
bdrc-W1KG6008
bdrc-W1KG6048
bdrc-W1KG6050
bdrc-W1KG6051
bdrc-W1KG6055
bdrc-W1KG6057
bdrc-W1KG6085
bdrc-W1KG6109
bdrc-W1KG6120
bdrc-W1KG6122
bdrc-W1KG6124
bdrc-W1KG6129
bdrc-W1KG6132
bdrc-W1KG6134
bdrc-W1KG6135
bdrc-W1KG6136
bdrc-W1KG6137
bdrc-W1KG6147
bdrc-W1KG6155
bdrc-W1KG6157
bdrc-W1KG6162
bdrc-W1KG6188
bdrc-W1KG6248
bdrc-W1KG6259
bdrc-W1KG6289
bdrc-W1KG6292
bdrc-W1KG6330
bdrc-W1KG6346
bdrc-W1KG6347
bdrc-W1KG658
bdrc-W1KG662
bdrc-W1KG746
bdrc-W1KG818
bdrc-W1KG8317
bdrc-W1KG8465
bdrc-W1KG8527
bdrc-W1KG8532
bdrc-W1KG854
bdrc-W1KG861
bdrc-W1KG869
bdrc-W1KG8724
bdrc-W1KG8725
bdrc-W1KG873
bdrc-W1KG8897
bdrc-W1KG89148
bdrc-W1KG9015
bdrc-W1KG9039
bdrc-W1KG9087
bdrc-W1KG9088
bdrc-W1KG9090
bdrc-W1KG91170
bdrc-W1KG9274
bdrc-W1KG9409
bdrc-W1KG9561
bdrc-W1KG9609
bdrc-W1KG9771
bdrc-W1KG9801
bdrc-W1KG9827
bdrc-W1KG9862
bdrc-W1KG987
bdrc-W1KG988
bdrc-W1KG9980
bdrc-W1KG9994
bdrc-W1PD100944
bdrc-W1PD105777
bdrc-W1PD105786
bdrc-W1PD105798
bdrc-W1PD105801
bdrc-W1PD105816
bdrc-W1PD105840
bdrc-W1PD105846
bdrc-W1PD105852
bdrc-W1PD105872
bdrc-W1PD105875
bdrc-W1PD105878
bdrc-W1PD105902
bdrc-W1PD105917
bdrc-W1PD105923
bdrc-W1PD107937
bdrc-W1PD133151
bdrc-W1PD133163
bdrc-W1PD133165
bdrc-W1PD137783
bdrc-W1PD137800
bdrc-W1PD137818
bdrc-W1PD137820
bdrc-W1PD137852
bdrc-W1PD137856
bdrc-W1PD137858
bdrc-W1PD137863
bdrc-W1PD137884
bdrc-W1PD137887
bdrc-W1PD137888
bdrc-W1PD137891
bdrc-W1PD152281
bdrc-W1PD152284
bdrc-W1PD152297
bdrc-W1PD152299
bdrc-W1PD159374
bdrc-W1PD159396
bdrc-W1PD159397
bdrc-W1PD159408
bdrc-W1PD159411
bdrc-W1PD159412
bdrc-W1PD159415
bdrc-W1PD159416
bdrc-W1PD159417
bdrc-W1PD159442
bdrc-W1PD159444
bdrc-W1PD159525
bdrc-W1PD159533
bdrc-W1PD166109
bdrc-W1PD177852
bdrc-W1PD177853
bdrc-W1PD181143
bdrc-W1PD181165
bdrc-W1PD181170
bdrc-W1PD181173
bdrc-W1PD181177
bdrc-W1PD181178
bdrc-W1PD181181
bdrc-W1PD181210
bdrc-W1PD2074
bdrc-W1PD4
bdrc-W1PD45098
bdrc-W1PD45099
bdrc-W1PD45157
bdrc-W1PD45495
bdrc-W1PD45496
bdrc-W1PD5284
bdrc-W1PD53257
bdrc-W1PD53263
bdrc-W1PD53276
bdrc-W1PD76622
bdrc-W1PD87837
bdrc-W1PD88994
bdrc-W1PD89051
bdrc-W1PD90129
bdrc-W1PD90704
bdrc-W1PD95698
bdrc-W1PD95727
bdrc-W1PD95802
bdrc-W1PD95814
bdrc-W1PD95844
bdrc-W1PD96682
bdrc-W1PD96945
bdrc-W1PD97
bdrc-W1PD97741
bdrc-W1PD98
bdrc-W20009
bdrc-W20015
bdrc-W20027
bdrc-W20082
bdrc-W20112
bdrc-W20130
bdrc-W20131
bdrc-W20133
bdrc-W20134
bdrc-W20138
bdrc-W20140
bdrc-W20142
bdrc-W20146
bdrc-W20171
bdrc-W20214
bdrc-W20225
bdrc-W20235
bdrc-W20241
bdrc-W20381
bdrc-W20426
bdrc-W20428
bdrc-W20434
bdrc-W20442
bdrc-W2046
bdrc-W20462
bdrc-W20520
bdrc-W20813
bdrc-W20820
bdrc-W20821
bdrc-W20826
bdrc-W20829
bdrc-W20830
bdrc-W20840
bdrc-W20850
bdrc-W20859
bdrc-W20914
bdrc-W20916
bdrc-W21016
bdrc-W21026
bdrc-W21027
bdrc-W2122
bdrc-W2124
bdrc-W21295
bdrc-W21508
bdrc-W21601
bdrc-W21609
bdrc-W21610
bdrc-W21611
bdrc-W21612
bdrc-W21615
bdrc-W21634
bdrc-W21679
bdrc-W21690
bdrc-W21716
bdrc-W21718
bdrc-W21793
bdrc-W21804
bdrc-W21807
bdrc-W21809
bdrc-W21810
bdrc-W21813
bdrc-W21814
bdrc-W21825
bdrc-W21846
bdrc-W21860
bdrc-W21863
bdrc-W21865
bdrc-W21873
bdrc-W21875
bdrc-W21884
bdrc-W21889
bdrc-W21892
bdrc-W21894
bdrc-W21898
bdrc-W21911
bdrc-W21915
bdrc-W21939
bdrc-W21950
bdrc-W21968
bdrc-W21980
bdrc-W22001
bdrc-W22006
bdrc-W22022
bdrc-W22056
bdrc-W22061
bdrc-W22071
bdrc-W22073
bdrc-W22081
bdrc-W22095
bdrc-W22096
bdrc-W22097
bdrc-W22098
bdrc-W22103
bdrc-W22115
bdrc-W22116
bdrc-W22128
bdrc-W22130
bdrc-W22133
bdrc-W22159
bdrc-W22160
bdrc-W22186
bdrc-W22188
bdrc-W22200
bdrc-W22203
bdrc-W22247
bdrc-W22250
bdrc-W22273
bdrc-W22277
bdrc-W22327
bdrc-W22361
bdrc-W22380
bdrc-W22393
bdrc-W22432
bdrc-W22434
bdrc-W22704
bdrc-W22936
bdrc-W22946
bdrc-W22982
bdrc-W23151
bdrc-W23160
bdrc-W23171
bdrc-W23176
bdrc-W23184
bdrc-W23185
bdrc-W23192
bdrc-W23198
bdrc-W23218
bdrc-W23345
bdrc-W23426
bdrc-W23435
bdrc-W23438
bdrc-W23446
bdrc-W23448
bdrc-W23450
bdrc-W23453
bdrc-W23471
bdrc-W23478
bdrc-W23543
bdrc-W23556
bdrc-W23558
bdrc-W23563
bdrc-W23564
bdrc-W23602
bdrc-W23605
bdrc-W23633
bdrc-W23635
bdrc-W23636
bdrc-W23637
bdrc-W23638
bdrc-W23648
bdrc-W23664
bdrc-W23671
bdrc-W23674
bdrc-W23681
bdrc-W23690
bdrc-W23693
bdrc-W23713
bdrc-W23723
bdrc-W23724
bdrc-W23726
bdrc-W23733
bdrc-W23749
bdrc-W23759
bdrc-W23773
bdrc-W23782
bdrc-W23796
bdrc-W23806
bdrc-W23807
bdrc-W23828
bdrc-W23829
bdrc-W23858
bdrc-W23864
bdrc-W23871
bdrc-W23891
bdrc-W23898
bdrc-W23900
bdrc-W23904
bdrc-W23912
bdrc-W23933
bdrc-W23993
bdrc-W24122
bdrc-W24672
bdrc-W24766
bdrc-W24769
bdrc-W25007
bdrc-W25095
bdrc-W25096
bdrc-W25102
bdrc-W25114
bdrc-W25199
bdrc-W25268
bdrc-W25273
bdrc-W25586
bdrc-W25815
bdrc-W25975
bdrc-W25995
bdrc-W26078
bdrc-W2625
bdrc-W26372
bdrc-W27024
bdrc-W27212
bdrc-W27214
bdrc-W27300
bdrc-W27303
bdrc-W27309
bdrc-W27310
bdrc-W27311
bdrc-W27314
bdrc-W27414
bdrc-W27480
bdrc-W27867
bdrc-W27883
bdrc-W27913
bdrc-W28065
bdrc-W2831
bdrc-W28732
bdrc-W28738
bdrc-W28799
bdrc-W28809
bdrc-W28832
bdrc-W28845
bdrc-W28876
bdrc-W28925
bdrc-W28936
bdrc-W28949
bdrc-W28960
bdrc-W28962
bdrc-W28965
bdrc-W28970
bdrc-W29009
bdrc-W29011
bdrc-W29013
bdrc-W29014
bdrc-W29035
bdrc-W29045
bdrc-W29046
bdrc-W29114
bdrc-W29157
bdrc-W29195
bdrc-W29208
bdrc-W29219
bdrc-W29232
bdrc-W29233
bdrc-W29235
bdrc-W29237
bdrc-W29238
bdrc-W29242
bdrc-W29249
bdrc-W29251
bdrc-W29254
bdrc-W29259
bdrc-W29263
bdrc-W29307
bdrc-W29329
bdrc-W29339
bdrc-W29468
bdrc-W29498
bdrc-W29516
bdrc-W29552
bdrc-W29628
bdrc-W29633
bdrc-W29654
bdrc-W29688
bdrc-W29689
bdrc-W29900
bdrc-W29903
bdrc-W29905
bdrc-W2CZ5667
bdrc-W2CZ5669
bdrc-W2CZ5987
bdrc-W2CZ6023
bdrc-W2CZ6767
bdrc-W2CZ6771
bdrc-W2CZ7729
bdrc-W2CZ7841
bdrc-W2CZ7846
bdrc-W2CZ7860
bdrc-W2CZ7914
bdrc-W2CZ7955
bdrc-W2CZ8008
bdrc-W2CZ8076
bdrc-W2CZ8081
bdrc-W2CZ8082
bdrc-W2CZ8092
bdrc-W2CZ8093
bdrc-W2CZ8096
bdrc-W2CZ9078
bdrc-W2CZ9080
bdrc-W2CZ9083
bdrc-W2CZ9099
bdrc-W2CZ9107
bdrc-W2DB13636
bdrc-W2DB16418
bdrc-W2DB25427
bdrc-W2DB25428
bdrc-W2DB25452
bdrc-W2DB4577
bdrc-W2DB4591
bdrc-W2DB4592
bdrc-W2DB4593
bdrc-W2DB4599
bdrc-W2DB4606
bdrc-W2DB4607
bdrc-W2DB4613
bdrc-W2DB5974
bdrc-W2KG228703
bdrc-W2KG228736
bdrc-W2KG229024
bdrc-W2KG5015
bdrc-W2KG5016
bdrc-W2KG5018
bdrc-W2KG5019
bdrc-W2KG5020
bdrc-W2KG5025
bdrc-W2KG5026
bdrc-W2KG5027
bdrc-W2KG5034
bdrc-W2KG5036
bdrc-W2KG768
bdrc-W2MS2274
bdrc-W2MS743
bdrc-W2PD14777
bdrc-W2PD17394
bdrc-W2PD17395
bdrc-W2PD17397
bdrc-W2PD17434
bdrc-W2PD17435
bdrc-W2PD17439
bdrc-W2PD17442
bdrc-W2PD17448
bdrc-W2PD17459
bdrc-W2PD17467
bdrc-W2PD17487
bdrc-W2PD17634
bdrc-W2PD17648
bdrc-W2PD19086
bdrc-W2PD19096
bdrc-W2PD19122
bdrc-W2PD19197
bdrc-W2PD19199
bdrc-W2PD19200
bdrc-W2PD19399
bdrc-W2PD19431
bdrc-W2PD19446
bdrc-W2PD19458
bdrc-W2PD19644
bdrc-W2PD19769
bdrc-W2PD20252
bdrc-W30016
bdrc-W30026
bdrc-W30049
bdrc-W30066
bdrc-W30067
bdrc-W30110
bdrc-W30126
bdrc-W30135
bdrc-W30146
bdrc-W30172
bdrc-W30178
bdrc-W30199
bdrc-W30292
bdrc-W30336
bdrc-W30379
bdrc-W30388
bdrc-W30391
bdrc-W30395
bdrc-W30397
bdrc-W30399
bdrc-W30410
bdrc-W30417
bdrc-W30422
bdrc-W30426
bdrc-W30434
bdrc-W30475
bdrc-W30478
bdrc-W30480
bdrc-W30481
bdrc-W30496
bdrc-W30532
bdrc-W30535
bdrc-W30536
bdrc-W384
bdrc-W3CN10201
bdrc-W3CN10204
bdrc-W3CN10210
bdrc-W3CN10545
bdrc-W3CN10619
bdrc-W3CN10625
bdrc-W3CN1455
bdrc-W3CN1458
bdrc-W3CN15667
bdrc-W3CN15680
bdrc-W3CN15682
bdrc-W3CN15687
bdrc-W3CN15714
bdrc-W3CN15716
bdrc-W3CN15969
bdrc-W3CN15970
bdrc-W3CN15971
bdrc-W3CN15973
bdrc-W3CN15974
bdrc-W3CN17326
bdrc-W3CN17329
bdrc-W3CN17342
bdrc-W3CN17354
bdrc-W3CN17383
bdrc-W3CN17386
bdrc-W3CN17702
bdrc-W3CN17705
bdrc-W3CN17706
bdrc-W3CN17714
bdrc-W3CN17717
bdrc-W3CN17723
bdrc-W3CN17729
bdrc-W3CN17730
bdrc-W3CN17756
bdrc-W3CN17763
bdrc-W3CN1956
bdrc-W3CN21837
bdrc-W3CN2353
bdrc-W3CN2406
bdrc-W3CN2460
bdrc-W3CN26205
bdrc-W3CN26206
bdrc-W3CN26309
bdrc-W3CN26313
bdrc-W3CN26316
bdrc-W3CN26322
bdrc-W3CN26335
bdrc-W3CN26340
bdrc-W3CN26345
bdrc-W3CN26349
bdrc-W3CN26471
bdrc-W3CN2886
bdrc-W3CN2914
bdrc-W3CN3118
bdrc-W3CN3227
bdrc-W3CN3328
bdrc-W3CN3333
bdrc-W3CN3345
bdrc-W3CN3381
bdrc-W3CN3408
bdrc-W3CN3414
bdrc-W3CN3416
bdrc-W3CN3417
bdrc-W3CN3425
bdrc-W3CN3430
bdrc-W3CN4346
bdrc-W3CN4642
bdrc-W3CN4645
bdrc-W3CN4684
bdrc-W3CN4693
bdrc-W3CN4709
bdrc-W3CN471
bdrc-W3CN4844
bdrc-W3CN50
bdrc-W3CN5011
bdrc-W3CN5026
bdrc-W3CN506
bdrc-W3CN5102
bdrc-W3CN5135
bdrc-W3CN5210
bdrc-W3CN5270
bdrc-W3CN5297
bdrc-W3CN5300
bdrc-W3CN5312
bdrc-W3CN5318
bdrc-W3CN532
bdrc-W3CN5411
bdrc-W3CN542
bdrc-W3CN5423
bdrc-W3CN5481
bdrc-W3CN5519
bdrc-W3CN561
bdrc-W3CN5823
bdrc-W3CN6021
bdrc-W3CN6433
bdrc-W3CN6442
bdrc-W3CN6445
bdrc-W3CN6458
bdrc-W3CN6549
bdrc-W3CN6615
bdrc-W3CN6658
bdrc-W3CN6670
bdrc-W3CN6819
bdrc-W3CN6870
bdrc-W3CN6897
bdrc-W3CN6915
bdrc-W3CN694
bdrc-W3CN6943
bdrc-W3CN6976
bdrc-W3CN7036
bdrc-W3CN7048
bdrc-W3CN7054
bdrc-W3CN7099
bdrc-W3CN715
bdrc-W3CN7493
bdrc-W3CN7689
bdrc-W3CN7794
bdrc-W3CN7814
bdrc-W3CN7826
bdrc-W3CN7829
bdrc-W3CN7856
bdrc-W3CN7859
bdrc-W3CN7913
bdrc-W3CN7991
bdrc-W3CN7997
bdrc-W3CN8000
bdrc-W3CN8015
bdrc-W3CN8057
bdrc-W3CN8060
bdrc-W3CN8147
bdrc-W3CN8167
bdrc-W3CN8305
bdrc-W3CN9071
bdrc-W3CN9077
bdrc-W3CN9086
bdrc-W3CN9095
bdrc-W3CN9098
bdrc-W3CN9284
bdrc-W3CN9293
bdrc-W3CN9323
bdrc-W3CN9332
bdrc-W3CN9668
bdrc-W3CN9698
bdrc-W3CN9707
bdrc-W3CN9710
bdrc-W3CN9714
bdrc-W3CN9717
bdrc-W3CN9726
bdrc-W3CN9729
bdrc-W3CN9732
bdrc-W3CN9756
bdrc-W3CN9765
bdrc-W3CN9771
bdrc-W3CN9793
bdrc-W3CN9986
bdrc-W3JT13584
bdrc-W3JT13585
bdrc-W3JT13586
bdrc-W3JT13587
bdrc-W3JT13588
bdrc-W3JT13602
bdrc-W3JT13603
bdrc-W3JT13605
bdrc-W3JT13606
bdrc-W3JT13624
bdrc-W3JT13661
bdrc-W3JT13662
bdrc-W3MS838
bdrc-W3MS878
bdrc-W3PD1002
bdrc-W3PD1100
bdrc-W3PD1288
bdrc-W3PD185
bdrc-W3PD188
bdrc-W3PD190
bdrc-W3PD225
bdrc-W3PD362
bdrc-W3PD381
bdrc-W3PD394
bdrc-W3PD415
bdrc-W3PD416
bdrc-W3PD430
bdrc-W447
bdrc-W4615
bdrc-W4CN12077
bdrc-W4CZ1021
bdrc-W4CZ1022
bdrc-W4CZ1042
bdrc-W4CZ1044
bdrc-W4CZ1687
bdrc-W4CZ1721
bdrc-W4CZ20864
bdrc-W4CZ294458
bdrc-W4CZ294738
bdrc-W4CZ294739
bdrc-W4CZ294740
bdrc-W4CZ294741
bdrc-W4CZ294911
bdrc-W4CZ294913
bdrc-W4CZ294914
bdrc-W4CZ294915
bdrc-W4CZ294916
bdrc-W4CZ294917
bdrc-W4CZ294918
bdrc-W4CZ294919
bdrc-W4CZ294920
bdrc-W4CZ294922
bdrc-W4CZ294923
bdrc-W4CZ294924
bdrc-W4CZ295065
bdrc-W4CZ295068
bdrc-W4CZ295069
bdrc-W4CZ295070
bdrc-W4CZ295071
bdrc-W4CZ295072
bdrc-W4CZ295073
bdrc-W4CZ295074
bdrc-W4CZ295075
bdrc-W4CZ295076
bdrc-W4CZ295077
bdrc-W4CZ295078
bdrc-W4CZ295079
bdrc-W4CZ295080
bdrc-W4CZ295084
bdrc-W4CZ295763
bdrc-W4CZ295926
bdrc-W4CZ295928
bdrc-W4CZ295929
bdrc-W4CZ295931
bdrc-W4CZ301723
bdrc-W4CZ301728
bdrc-W4CZ301800
bdrc-W4CZ301801
bdrc-W4CZ301807
bdrc-W4CZ301812
bdrc-W4CZ30702
bdrc-W4CZ307776
bdrc-W4CZ307966
bdrc-W4CZ307972
bdrc-W4CZ307978
bdrc-W4CZ307979
bdrc-W4CZ307988
bdrc-W4CZ307989
bdrc-W4CZ30835
bdrc-W4CZ309042
bdrc-W4CZ309043
bdrc-W4CZ309044
bdrc-W4CZ315240
bdrc-W4CZ315241
bdrc-W4CZ315242
bdrc-W4CZ315243
bdrc-W4CZ315244
bdrc-W4CZ315245
bdrc-W4CZ315247
bdrc-W4CZ315248
bdrc-W4CZ315249
bdrc-W4CZ315254
bdrc-W4CZ315255
bdrc-W4CZ315256
bdrc-W4CZ315257
bdrc-W4CZ315258
bdrc-W4CZ315259
bdrc-W4CZ315261
bdrc-W4CZ315262
bdrc-W4CZ315271
bdrc-W4CZ315280
bdrc-W4CZ315282
bdrc-W4CZ321165
bdrc-W4CZ328462
bdrc-W4CZ328518
bdrc-W4CZ328519
bdrc-W4CZ328520
bdrc-W4CZ328522
bdrc-W4CZ328523
bdrc-W4CZ328524
bdrc-W4CZ328525
bdrc-W4CZ328526
bdrc-W4CZ328528
bdrc-W4CZ328529
bdrc-W4CZ328530
bdrc-W4CZ328536
bdrc-W4CZ328537
bdrc-W4CZ328538
bdrc-W4CZ328539
bdrc-W4CZ328541
bdrc-W4CZ328542
bdrc-W4CZ328545
bdrc-W4CZ328546
bdrc-W4CZ332935
bdrc-W4CZ34105
bdrc-W4CZ354417
bdrc-W4CZ354418
bdrc-W4CZ354419
bdrc-W4CZ354421
bdrc-W4CZ354422
bdrc-W4CZ354423
bdrc-W4CZ354979
bdrc-W4CZ354986
bdrc-W4CZ354998
bdrc-W4CZ355866
bdrc-W4CZ355869
bdrc-W4CZ355891
bdrc-W4CZ355893
bdrc-W4CZ5369
bdrc-W4CZ58512
bdrc-W4CZ58530
bdrc-W4CZ58534
bdrc-W4CZ62374
bdrc-W4CZ65025
bdrc-W4CZ65571
bdrc-W4CZ74191
bdrc-W4CZ74200
bdrc-W4CZ74207
bdrc-W4CZ74215
bdrc-W4CZ74375
bdrc-W4CZ7445
bdrc-W4CZ74475
bdrc-W4CZ74520
bdrc-W4CZ74526
bdrc-W4PD1180
bdrc-W4PD1207
bdrc-W4PD211
bdrc-W4PD502
bdrc-W4PD506
bdrc-W4PD759
bdrc-W5062
bdrc-W5331
bdrc-W5424
bdrc-W5926
bdrc-W703
bdrc-W7371
bdrc-W7445
bdrc-W7503
bdrc-W7735
bdrc-W8027
bdrc-W8226
bdrc-W8245
bdrc-W861
bdrc-W8683
bdrc-W8723
bdrc-W8880
bdrc-W8LS15812
bdrc-W8LS15966
bdrc-W8LS16005
bdrc-W8LS16458
bdrc-W8LS17015
bdrc-W8LS17020
bdrc-W8LS17023
bdrc-W8LS17154
bdrc-W8LS17156
bdrc-W8LS17286
bdrc-W8LS17314
bdrc-W8LS17423
bdrc-W8LS17426
bdrc-W8LS17429
bdrc-W8LS17432
bdrc-W8LS17435
bdrc-W8LS17438
bdrc-W8LS17439
bdrc-W8LS17442
bdrc-W8LS17463
bdrc-W8LS17499
bdrc-W8LS17500
bdrc-W8LS17565
bdrc-W8LS17577
bdrc-W8LS17631
bdrc-W8LS17743
bdrc-W8LS17841
bdrc-W8LS17977
bdrc-W8LS18002
bdrc-W8LS18058
bdrc-W8LS18202
bdrc-W8LS18243
bdrc-W8LS18260
bdrc-W8LS18262
bdrc-W8LS18263
bdrc-W8LS18350
bdrc-W8LS18496
bdrc-W8LS18499
bdrc-W8LS18505
bdrc-W8LS18511
bdrc-W8LS18547
bdrc-W8LS18628
bdrc-W8LS18658
bdrc-W8LS18685
bdrc-W8LS18694
bdrc-W8LS18706
bdrc-W8LS18709
bdrc-W8LS18712
bdrc-W8LS18742
bdrc-W8LS18751
bdrc-W8LS18760
bdrc-W8LS18772
bdrc-W8LS18775
bdrc-W8LS18784
bdrc-W8LS18787
bdrc-W8LS18796
bdrc-W8LS18832
bdrc-W8LS18898
bdrc-W8LS18901
bdrc-W8LS18913
bdrc-W8LS18916
bdrc-W8LS18925
bdrc-W8LS18955
bdrc-W8LS18958
bdrc-W8LS19000
bdrc-W8LS19015
bdrc-W8LS19021
bdrc-W8LS19042
bdrc-W8LS19060
bdrc-W8LS19090
bdrc-W8LS19099
bdrc-W8LS19126
bdrc-W8LS19153
bdrc-W8LS19210
bdrc-W8LS19296
bdrc-W8LS19302
bdrc-W8LS19894
bdrc-W8LS20236
bdrc-W8LS20263
bdrc-W8LS20266
bdrc-W8LS20290
bdrc-W8LS20296
bdrc-W8LS20326
bdrc-W8LS20329
bdrc-W8LS20374
bdrc-W8LS20418
bdrc-W8LS20433
bdrc-W8LS20454
bdrc-W8LS20492
bdrc-W8LS20504
bdrc-W8LS20507
bdrc-W8LS20573
bdrc-W8LS20579
bdrc-W8LS20649
bdrc-W8LS20655
bdrc-W8LS20732
bdrc-W8LS20766
bdrc-W8LS20767
bdrc-W8LS20768
bdrc-W8LS20832
bdrc-W8LS20836
bdrc-W8LS20839
bdrc-W8LS20842
bdrc-W8LS20848
bdrc-W8LS20864
bdrc-W8LS20881
bdrc-W8LS20912
bdrc-W8LS22419
bdrc-W8LS22437
bdrc-W8LS22440
bdrc-W8LS22449
bdrc-W8LS23409
bdrc-W8LS23412
bdrc-W8LS23418
bdrc-W8LS23427
bdrc-W8LS24713
bdrc-W8LS24716
bdrc-W8LS24717
bdrc-W8LS24718
bdrc-W8LS24719
bdrc-W8LS24728
bdrc-W8LS24731
bdrc-W8LS24734
bdrc-W8LS24737
bdrc-W8LS25027
bdrc-W8LS25036
bdrc-W8LS25048
bdrc-W8LS25572
bdrc-W8LS25575
bdrc-W8LS26105
bdrc-W8LS26145
bdrc-W8LS26148
bdrc-W8LS26151
bdrc-W8LS26173
bdrc-W8LS26179
bdrc-W8LS32707
bdrc-W8LS32708
bdrc-W8LS32710
bdrc-W8LS32711
bdrc-W8LS32712
bdrc-W8LS32713
bdrc-W8LS32714
bdrc-W8LS32716
bdrc-W8LS32717
bdrc-W8LS33974
bdrc-W8LS33977
bdrc-W8LS33980
bdrc-W8LS33983
bdrc-W8LS33986
bdrc-W8LS33989
bdrc-W8LS33992
bdrc-W8LS33995
bdrc-W8LS34513
bdrc-W8LS34520
bdrc-W8LS34523
bdrc-W8LS34835
bdrc-W8LS34844
bdrc-W8LS35850
bdrc-W8LS35870
bdrc-W8LS35873
bdrc-W8LS35880
bdrc-W8LS35883
bdrc-W8LS36533
bdrc-W8LS41700
bdrc-W8LS41705
bdrc-W8LS41706
bdrc-W8LS41707
bdrc-W8LS41708
bdrc-W8LS41719
bdrc-W8LS41721
bdrc-W8LS41742
bdrc-W8LS41743
bdrc-W8LS41745
bdrc-W8LS41750
bdrc-W8LS41751
bdrc-W8LS41752
bdrc-W8LS41875
bdrc-W8LS41876
bdrc-W8LS41877
bdrc-W8LS41879
bdrc-W8LS41880
bdrc-W8LS41881
bdrc-W8LS41947
bdrc-W8LS41948
bdrc-W8LS41960
bdrc-W8LS41961
bdrc-W8LS41962
bdrc-W8LS41971
bdrc-W8LS41972
bdrc-W8LS41973
bdrc-W8LS41974
bdrc-W8LS41976
bdrc-W8LS41991
bdrc-W8LS41992
bdrc-W8LS41993
bdrc-W8LS41994
bdrc-W8LS41995
bdrc-W8LS41996
bdrc-W8LS41997
bdrc-W8LS42112
bdrc-W8LS42113
bdrc-W8LS42114
bdrc-W8LS42119
bdrc-W8LS42130
bdrc-W8LS42131
bdrc-W8LS42132
bdrc-W8LS42133
bdrc-W8LS42134
bdrc-W8LS42136
bdrc-W8LS42149
bdrc-W8LS42150
bdrc-W8LS42151
bdrc-W8LS42152
bdrc-W8LS42173
bdrc-W8LS42175
bdrc-W8LS42181
bdrc-W8LS42206
bdrc-W8LS42207
bdrc-W8LS42218
bdrc-W8LS42228
bdrc-W8LS42234
bdrc-W8LS42235
bdrc-W8LS42243
bdrc-W8LS42246
bdrc-W8LS42247
bdrc-W8LS42248
bdrc-W8LS42249
bdrc-W8LS42259
bdrc-W8LS42272
bdrc-W8LS42292
bdrc-W8LS43778
bdrc-W8LS43781
bdrc-W8LS43784
bdrc-W8LS43787
bdrc-W8LS43790
bdrc-W8LS43793
bdrc-W8LS43796
bdrc-W8LS43799
bdrc-W8LS43802
bdrc-W8LS43805
bdrc-W8LS43808
bdrc-W8LS43811
bdrc-W8LS43814
bdrc-W8LS43817
bdrc-W8LS43820
bdrc-W8LS43823
bdrc-W8LS43850
bdrc-W8LS43853
bdrc-W8LS43856
bdrc-W8LS43859
bdrc-W8LS43863
bdrc-W8LS43867
bdrc-W8LS43870
bdrc-W8LS43877
bdrc-W8LS43880
bdrc-W8LS43883
bdrc-W8LS43886
bdrc-W8LS43889
bdrc-W8LS43892
bdrc-W8LS43895
bdrc-W8LS43898
bdrc-W8LS43973
bdrc-W8LS43974
bdrc-W8LS43975
bdrc-W8LS43976
bdrc-W8LS43977
bdrc-W8LS43991
bdrc-W8LS43994
bdrc-W8LS43997
bdrc-W8LS44000
bdrc-W8LS44003
bdrc-W8LS44116
bdrc-W8LS44122
bdrc-W8LS44125
bdrc-W8LS44131
bdrc-W8LS44134
bdrc-W8LS44137
bdrc-W8LS44140
bdrc-W8LS44143
bdrc-W8LS44146
bdrc-W8LS44152
bdrc-W8LS44157
bdrc-W8LS44160
bdrc-W8LS44163
bdrc-W8LS44166
bdrc-W8LS44169
bdrc-W8LS44172
bdrc-W8LS44175
bdrc-W8LS44179
bdrc-W8LS44182
bdrc-W8LS44185
bdrc-W8LS44188
bdrc-W8LS44191
bdrc-W8LS44210
bdrc-W8LS44211
bdrc-W8LS44216
bdrc-W8LS44219
bdrc-W8LS66221
bdrc-W8LS66224
bdrc-W8LS66230
bdrc-W8LS66236
bdrc-W8LS66239
bdrc-W8LS66242
bdrc-W8LS66245
bdrc-W8LS66248
bdrc-W8LS66251
bdrc-W8LS66254
bdrc-W8LS66257
bdrc-W8LS66260
bdrc-W8LS66268
bdrc-W8LS66271
bdrc-W8LS66274
bdrc-W8LS66277
bdrc-W8LS66287
bdrc-W8LS66290
bdrc-W8LS66293
bdrc-W8LS66296
bdrc-W8LS66303
bdrc-W8LS66346
bdrc-W8LS66349
bdrc-W8LS66352
bdrc-W8LS66355
bdrc-W8LS66358
bdrc-W8LS66361
bdrc-W8LS66364
bdrc-W8LS66367
bdrc-W8LS66370
bdrc-W8LS66371
bdrc-W8LS66376
bdrc-W8LS66379
bdrc-W8LS66382
bdrc-W8LS66386
bdrc-W8LS66389
bdrc-W8LS66392
bdrc-W8LS66395
bdrc-W8LS66398
bdrc-W8LS66402
bdrc-W8LS66405
bdrc-W8LS66412
bdrc-W8LS66415
bdrc-W8LS66416
bdrc-W8LS66423
bdrc-W8LS66440
bdrc-W8LS66442
bdrc-W8LS66444
bdrc-W8LS66464
bdrc-W8LS66467
bdrc-W8LS66468
bdrc-W8LS66469
bdrc-W8LS66486
bdrc-W8LS66487
bdrc-W8LS66488
bdrc-W8LS66489
bdrc-W8LS66503
bdrc-W8LS66506
bdrc-W8LS66509
bdrc-W8LS66512
bdrc-W8LS66517
bdrc-W8LS66518
bdrc-W8LS66519
bdrc-W8LS66520
bdrc-W8LS66529
bdrc-W8LS66532
bdrc-W8LS66539
bdrc-W8LS66540
bdrc-W8LS66541
bdrc-W8LS66542
bdrc-W8LS66543
bdrc-W8LS66551
bdrc-W8LS66552
bdrc-W8LS66618
bdrc-W8LS66621
bdrc-W8LS66624
bdrc-W8LS66627
bdrc-W8LS66630
bdrc-W8LS66633
bdrc-W8LS66636
bdrc-W8LS66639
bdrc-W8LS66642
bdrc-W8LS66645
bdrc-W8LS66648
bdrc-W8LS66649
bdrc-W8LS66650
bdrc-W8LS66711
bdrc-W8LS66715
bdrc-W8LS66718
bdrc-W8LS66724
bdrc-W8LS66876
bdrc-W8LS66877
bdrc-W8LS66878
bdrc-W8LS66882
bdrc-W8LS66993
bdrc-W8LS66996
bdrc-W8LS67151
bdrc-W8LS67152
bdrc-W8LS67153
bdrc-W8LS67160
bdrc-W8LS67163
bdrc-W8LS67166
bdrc-W8LS67169
bdrc-W8LS67172
bdrc-W8LS67173
bdrc-W8LS67174
bdrc-W8LS67175
bdrc-W8LS67176
bdrc-W8LS67177
bdrc-W8LS67190
bdrc-W8LS67193
bdrc-W8LS67196
bdrc-W8LS67498
bdrc-W8LS67501
bdrc-W8LS67504
bdrc-W8LS67507
bdrc-W8LS67510
bdrc-W8LS67513
bdrc-W8LS67515
bdrc-W8LS67516
bdrc-W8LS67524
bdrc-W8LS67527
bdrc-W8LS67530
bdrc-W8LS67533
bdrc-W8LS67541
bdrc-W8LS67545
bdrc-W8LS67548
bdrc-W8LS67551
bdrc-W8LS67554
bdrc-W8LS67558
bdrc-W8LS67562
bdrc-W8LS67568
bdrc-W8LS67571
bdrc-W8LS67572
bdrc-W8LS67577
bdrc-W8LS67581
bdrc-W8LS67584
bdrc-W8LS67587
bdrc-W8LS67590
bdrc-W8LS67593
bdrc-W8LS67596
bdrc-W8LS67597
bdrc-W8LS67598
bdrc-W8LS67605
bdrc-W8LS67608
bdrc-W8LS67611
bdrc-W8LS67614
bdrc-W8LS67617
bdrc-W8LS67620
bdrc-W8LS67623
bdrc-W8LS67626
bdrc-W8LS67629
bdrc-W8LS67632
bdrc-W8LS67633
bdrc-W8LS67634
bdrc-W8LS67635
bdrc-W8LS67636
bdrc-W8LS67647
bdrc-W8LS67650
bdrc-W8LS67653
bdrc-W8LS67656
bdrc-W8LS67659
bdrc-W8LS67662
bdrc-W8LS67663
bdrc-W8LS67668
bdrc-W8LS67671
bdrc-W8LS67674
bdrc-W8LS67678
bdrc-W8LS67682
bdrc-W8LS67685
bdrc-W8LS67997
bdrc-W8LS68000
bdrc-W8LS68003
bdrc-W8LS68006
bdrc-W8LS68009
bdrc-W8LS68012
bdrc-W8LS68018
bdrc-W8LS68021
bdrc-W8LS68024
bdrc-W8LS73595
bdrc-W8LS73601
bdrc-W8LS73607
bdrc-W8LS73613
bdrc-W8LS73622
bdrc-W8LS73659
bdrc-W8LS73665
bdrc-W8LS73668
bdrc-W8LS73674
bdrc-W8LS73677
bdrc-W8LS73683
bdrc-W8LS73712
bdrc-W8LS73750
bdrc-W8LS73821
bdrc-W8LS75581
bdrc-W8LS75604
bdrc-W8LS75641
bdrc-W8LS75642
bdrc-W8LS75677
bdrc-W8LS75684
bdrc-W8LS75757
bdrc-W8LS75781
bdrc-W8LS75784
bdrc-W8LS75863
bdrc-W8LS75869
bdrc-W8LS75872
bdrc-W8LS75882
bdrc-W8LS75888
bdrc-W8LS75891
bdrc-W8LS75898
bdrc-W8LS75901
bdrc-W8LS75904
bdrc-W8LS75907
bdrc-W8LS75910
bdrc-W8LS75913
bdrc-W8LS75916
bdrc-W8LS75920
bdrc-W8LS75923
bdrc-W8LS75926
bdrc-W8LS76087
bdrc-W8LS76097
bdrc-W8LS76112
bdrc-W8LS76152
bdrc-W8LS76156
bdrc-W8LS76160
bdrc-W8LS76163
bdrc-W8LS76166
bdrc-W8LS76169
bdrc-W8LS76219
bdrc-W8LS76237
bdrc-W8LS76250
bdrc-W9088
bdrc-W914


