W21743
W21757
W21793
W21860
W21871
W21880
W21896
W21916
W21923
W21975
W22010
W22039
W22103
W21939
W22165
W22290
W20077
W23175
W23151
W23198
W23453
W23664
W23773
W23830
W23912
W24575
W24664
W24679
W24672
W24766
W24051
W25006
W25146
W25167
W25168
W25184
W25185
W25213
W25220
W25245
W25254
W25263
W25265
W25985
W26078
W27016
W27314
W27495
W27736
W28834
W28732
W28839
W28866
W28936
W29013
W29032
W29091
W29233
W29267
W29295
W29307
W29648
W29628
W29661
W29662
W29663
W29665
W29670
W29684
W29686
W29896
W29897
W29688
W1PD137854
W29468
W3CN26813
W2PD17391
W30012
W30152
W30178
W30398
W30403
W30452
W30532
W3CN3416
W3PD1100
W3CN2688
W1KG802
W1KG89148
W1KG9980
W1PD45095
W1PD76232
W1PD83960
W1FEMC020153
W1AC408
W1FEMC034094
W21026
W28948
W23435
W23567
W21894
W21950
W23633
W21016
W20097
W23635
W22200
W23450
W23637
W21810
W21865
W23871
W3CN26879
W23345
W22393
W21784
W21953
W23993
W1KG988
W1KG4218
W23933
W2CZ5669
W2CZ5987
W28960
W2CZ5667
W2CZ7914
W1FEMC030236
W2CZ6767
W2CZ6771
W1KG12986
W21747
W1KG13617
W1KG5182
W1KG5665
W23898
W23828
W1PD90033
W1KG5705
W669
W23690
W7499
W23882
W8226
W24029
W8LS17156
W24034
W2PD16917
W24036
W1KG14743
W24886
W1NLM2696
W25102
W1KG25488
W25815
W1KG2733
W27318
W1KG5194
W27413
W1KG4884
W27499
W1PD177853
W28983
W1PD179846
W29011
W1PD95746
W29246
W23705
W27300
W29975
W2CZ8024
W29978
W30086
W29980
W2CZ8093
W2CZ5668
W1NLM2745
W2CZ6238
W5JW3
W2CZ6602
W29338
W2CZ6604
W2CZ6656
W2CZ6779
W2CZ7868
W1NLM5380
W2CZ8064
W2DB25449
W1KG17605
W1KG881
W2DB4573
W2DB4593
W2DB4626
W1PD166109
W20813
W2MS2274
W2MS811
W2PD16797
W2PD16796
W2PD16798
W2PD17397
W2PD19399
W30014
W30016
W30397
W23947
W3817
W3CN5330
W3CN5348
W3CN554
W3CN5519
W3CN6621
W3CN7776
W1PD96682
W23613
W4CZ1097
W4CZ20864
W4CZ332935
W4CZ74375
W5JW4
W8683
W8LS20296
W8LS20290
W8LS20329
W8LS20371
W9088
W00KG010089
W1FEMC020349
W1FEMC037056
W1FEMC037057
W1FEMC037055
W1FEMC037163
W1FEMC037295
W1FEMC037335
W1FEMC037378
W1FEMC037376
W1FEMC037375
W1FEMC037431
W1FEMC037432
W1FEMC037430
W1FEMC037454
W1FEMC042169
W1FEMC043589
W1FEMC043679
W1FEMC043707
W1FEMC043709
W1FEMC043655
W1FEMC045069
W4CZ309048
W28391
W1FEMC046078
W1FEMC046616
W1FEMC046644
W1FEMC046647
W1FEMC046659
W1FEMC047018
W1FEMC047244
W1FEMC047246
W1FEMC047256
W1FEMC047286
W00EGS1016750
W00EGS1016699
W00KG03658
W00EGS1016981
W00KG03794
W00EGS1017196
W13649
W18120
W17209
W19792
W19963
W19961
W1986
W19975
W1EAP3740
W1AC330
W1FPL390
W1FPL411
W1FPL871
W1FPL769
W1FPL113
W1FPL938
W1FPL958
W1FPL599
W1KG14667
W1KG13759
W1KG14303
W1KG15407
W1KG16001
W1KG17609
W1KG17189
W1KG24995
W1KG5737
W1KG5698
W1KG6058
W1KG6152
W1KG6150
W1KG659
W1KG6288
W1KG8897
W1PD105855
W1KG14783
W1PD180878
W1PD45495
W20081
W20087
W20141
W20143
W20184
W20186
W20393
W20395
W20397
W20410
W20411
W20424
W20432
W20446
W00KG02689
W20454
W00KG02634
W20382
W30296
W20517
W2046
W20849
W20856
W20916
W21017
W21597
W21604
W21611
W21612
W21620
W21621
W21693
W21716
