listed items that should be unlisted:
unlisted items that should be listed:
bdrc-W1KG24889
bdrc-W1KG24968
bdrc-W1KG25001
bdrc-W1KG25365
bdrc-W1KG25380
bdrc-W1KG25398
bdrc-W1KG25404
bdrc-W1KG25685
bdrc-W1KG25688
bdrc-W1KG25737
bdrc-W1KG26089
bdrc-W2PD17390
bdrc-W2PD17393
bdrc-W2PD17399
bdrc-W2PD17443
bdrc-W2PD17444
bdrc-W2PD17445
bdrc-W2PD17617
bdrc-W2PD17619
bdrc-W2PD19094
bdrc-W2PD19635
bdrc-W3CN2098
bdrc-W3CN2101
bdrc-W3CN2104
bdrc-W3CN2107
bdrc-W3CN2110
bdrc-W3CN2119
bdrc-W3CN2124
bdrc-W3CN2131
bdrc-W3CN2157
bdrc-W3CN2160
bdrc-W3CN2163
bdrc-W3CN2166
bdrc-W3CN2169
bdrc-W3CN2172
bdrc-W3CN2175
bdrc-W3CN2178
bdrc-W3CN3207
bdrc-W3CN3401
bdrc-W3CN3412
bdrc-W3CN3413
bdrc-W3CN4675
bdrc-W3CN4855
bdrc-W3CN4863
bdrc-W3CN5150
bdrc-W3CN5507
bdrc-W3CN5510
bdrc-W3CN5513
bdrc-W3CN5555
bdrc-W3CN5565
bdrc-W3CN5612
bdrc-W3CN5910
bdrc-W3CN5922
bdrc-W3CN6326
bdrc-W3CN6335
bdrc-W3CN6412
bdrc-W3CN6415
bdrc-W3CN6418
bdrc-W3CN6427
bdrc-W3CN6519
bdrc-W3CN6522
bdrc-W3CN6525
bdrc-W3CN6528
bdrc-W3CN6531
bdrc-W3CN6540
bdrc-W3CN6543
bdrc-W3CN6546
bdrc-W3CN6591
bdrc-W3CN6661
bdrc-W3CN6664
bdrc-W3CN6673
bdrc-W3CN6679
bdrc-W3CN6682
bdrc-W3CN6697
bdrc-W3CN6703
bdrc-W3CN6706
bdrc-W3CN6709
bdrc-W3CN6712
bdrc-W3CN6715
bdrc-W3CN6721
bdrc-W3CN6724
bdrc-W3CN6733
bdrc-W3CN6736
bdrc-W3CN6739
bdrc-W3CN6751
bdrc-W3CN6822
bdrc-W3CN6825
bdrc-W3CN6828
bdrc-W3CN6837
bdrc-W3CN6840
bdrc-W3CN6846
bdrc-W3CN6876
bdrc-W3CN6882
bdrc-W3CN6903
bdrc-W3CN6906
bdrc-W3CN6925
bdrc-W3CN6952
bdrc-W3CN6955
bdrc-W3CN6961
bdrc-W3CN6964
bdrc-W3CN6967
bdrc-W3CN6970
bdrc-W3CN6973
bdrc-W3CN6979
bdrc-W3CN6985
bdrc-W3CN7007
bdrc-W3CN7016
bdrc-W3CN8049
bdrc-W3CN8176
bdrc-W3PD205
bdrc-W3PD219
bdrc-W3PD220
bdrc-W3PD221
bdrc-W3PD222
bdrc-W3PD223
bdrc-W3PD224
bdrc-W3PD226
bdrc-W3PD231
bdrc-W3PD233
bdrc-W3PD235
bdrc-W3PD237
bdrc-W3PD238
bdrc-W3PD239
bdrc-W3PD240
bdrc-W3PD241
bdrc-W3PD400
bdrc-W8LS18541
bdrc-W8LS18646
bdrc-W8LS18967
bdrc-W8LS18970
bdrc-W8LS18973
bdrc-W8LS18976
bdrc-W8LS18979
bdrc-W8LS18985
bdrc-W8LS18988
bdrc-W8LS18991
bdrc-W8LS18994
bdrc-W8LS18997
bdrc-W8LS19003
bdrc-W8LS19006
bdrc-W8LS19111
bdrc-W8LS19219
bdrc-W8LS19231
bdrc-W8LS19234
bdrc-W8LS20272
bdrc-W8LS20344
bdrc-W8LS20383
bdrc-W8LS20510
bdrc-W8LS20513
bdrc-W8LS20531
bdrc-W8LS20534
bdrc-W8LS20537
bdrc-W8LS20540
bdrc-W8LS20543
bdrc-W8LS20546
bdrc-W8LS20549
bdrc-W8LS20631
items in buddhist-digital-resource-center-restricted that should not be:
bdrc-W4CZ354413
items not in buddhist-digital-resource-center-restricted that should be:
bdrc-W1KG13802
bdrc-W1KG24215
bdrc-W1PD105783
bdrc-W3CN3329
bdrc-W3CN5475
items in inlibrary that should not be:
bdrc-W00KG0619
bdrc-W1AB6
bdrc-W1AB7
bdrc-W1KG109088
bdrc-W1KG109094
bdrc-W1KG109095
bdrc-W1KG109096
bdrc-W1KG109097
bdrc-W1KG109098
bdrc-W1KG109099
bdrc-W1KG109100
bdrc-W1KG116063
bdrc-W1KG15416
bdrc-W1KG15580
bdrc-W1KG15896
bdrc-W1KG20787
bdrc-W1KG21998
bdrc-W1KG22420
bdrc-W1KG23742
bdrc-W1KG23749
bdrc-W1KG23754
bdrc-W1KG23757
bdrc-W1KG24217
bdrc-W1KG24524
bdrc-W1KG25909
bdrc-W1KG25915
bdrc-W1KG6202
bdrc-W1KG91163
bdrc-W1KG91164
bdrc-W1KG91165
bdrc-W1KG91166
bdrc-W1KG91171
bdrc-W2CZ7990
bdrc-W2KG207346
bdrc-W2KG207347
bdrc-W2KG207551
bdrc-W2KG207552
bdrc-W2KG207553
bdrc-W2KG207554
bdrc-W3CN17676
bdrc-W3CN17679
bdrc-W3CN17685
bdrc-W3CN9674
bdrc-W4CZ294740
bdrc-W4CZ294911
bdrc-W4CZ294913
bdrc-W4CZ294914
bdrc-W4CZ294915
bdrc-W4CZ294916
bdrc-W4CZ294917
bdrc-W4CZ294918
bdrc-W4CZ294919
bdrc-W4CZ294922
bdrc-W4CZ294923
bdrc-W4CZ294924
bdrc-W4CZ295065
bdrc-W4CZ295070
bdrc-W4CZ295071
bdrc-W4CZ295072
bdrc-W4CZ295074
bdrc-W4CZ295075
bdrc-W4CZ295076
bdrc-W4CZ295077
bdrc-W4CZ295078
bdrc-W4CZ295080
bdrc-W4CZ295081
bdrc-W4CZ295084
bdrc-W4CZ295937
bdrc-W8LS16366
bdrc-W8LS23999
bdrc-W8LS26176
bdrc-W8LS32706
bdrc-W8LS42293
bdrc-W8LS76094
items not in inlibrary that should be:
bdrc-W1KG13802
bdrc-W1PD105783
bdrc-W3CN3329
bdrc-W3CN5475
items in geo_restricted that should not be:
items not in geo_restricted that should be:
bdrc-W1KG13802
bdrc-W1KG24215
bdrc-W20548
bdrc-W23184
bdrc-W23185
bdrc-W3CN4693
