bdrc-W00EGS1016676
bdrc-W00EGS1016962
bdrc-W00EGS1017042
bdrc-W00EGS1017093
bdrc-W00EGS1017419
bdrc-W00EGS1017555
bdrc-W00KG015
bdrc-W00KG01522
bdrc-W00KG03
bdrc-W00KG03604
bdrc-W00KG03984
bdrc-W00KG0547
bdrc-W00KG0618
bdrc-W00KG0619
bdrc-W00KG0620
bdrc-W00KG07
bdrc-W00KG07606
bdrc-W00KG07624
bdrc-W00KG07627
bdrc-W00KG08443
bdrc-W00KG09736
bdrc-W00KG09737
bdrc-W00KG09748
bdrc-W00KG09763
bdrc-W10431
bdrc-W12034
bdrc-W12164
bdrc-W13532
bdrc-W13653
bdrc-W13887
bdrc-W14133
bdrc-W14425
bdrc-W148
bdrc-W15222
bdrc-W15915
bdrc-W16079
bdrc-W16484
bdrc-W17165
bdrc-W17166
bdrc-W18123
bdrc-W18127
bdrc-W18598
bdrc-W18619
bdrc-W19223
bdrc-W19617
bdrc-W19639
bdrc-W19643
bdrc-W19657
bdrc-W19678
bdrc-W19680
bdrc-W19684
bdrc-W19710
bdrc-W19803
bdrc-W19825
bdrc-W19835
bdrc-W19841
bdrc-W19848
bdrc-W19849
bdrc-W19956
bdrc-W19962
bdrc-W19976
bdrc-W19981
bdrc-W19994
bdrc-W1AB2
bdrc-W1AB5
bdrc-W1AB6
bdrc-W1AB7
bdrc-W1AC208
bdrc-W1AC209
bdrc-W1AC221
bdrc-W1AC222
bdrc-W1AC321
bdrc-W1AT869
bdrc-W1AT883
bdrc-W1CZ2403
bdrc-W1FEMC030003
bdrc-W1FEMC030156
bdrc-W1FEMC030157
bdrc-W1FEMC030158
bdrc-W1FEMC030159
bdrc-W1FEMC030160
bdrc-W1FEMC030161
bdrc-W1FEMC030162
bdrc-W1FEMC030163
bdrc-W1FEMC030202
bdrc-W1FEMC030203
bdrc-W1FEMC030204
bdrc-W1FEMC030205
bdrc-W1FEMC030237
bdrc-W1FEMC030238
bdrc-W1FEMC030240
bdrc-W1FEMC030241
bdrc-W1FEMC030242
bdrc-W1FEMC030243
bdrc-W1FEMC030244
bdrc-W1FEMC030245
bdrc-W1FEMC030246
bdrc-W1FEMC030247
bdrc-W1FEMC030248
bdrc-W1FEMC030249
bdrc-W1FEMC030250
bdrc-W1FEMC030251
bdrc-W1FEMC030252
bdrc-W1FEMC030253
bdrc-W1FEMC030254
bdrc-W1FEMC030255
bdrc-W1FEMC030256
bdrc-W1FEMC030257
bdrc-W1FEMC030258
bdrc-W1FEMC030259
bdrc-W1FEMC030260
bdrc-W1FEMC030261
bdrc-W1FEMC030262
bdrc-W1FEMC030263
bdrc-W1FEMC030264
bdrc-W1FEMC030265
bdrc-W1FEMC030266
bdrc-W1FEMC030267
bdrc-W1FEMC030268
bdrc-W1FEMC030269
bdrc-W1FEMC030270
bdrc-W1FEMC030271
bdrc-W1FEMC030272
bdrc-W1FEMC030427
bdrc-W1FEMC030428
bdrc-W1FEMC030429
bdrc-W1FEMC030430
bdrc-W1FEMC030431
bdrc-W1FEMC030432
bdrc-W1FEMC030433
bdrc-W1FEMC030434
bdrc-W1FEMC030435
bdrc-W1GS140301
bdrc-W1GS54156
bdrc-W1GS66375
bdrc-W1GS91831
bdrc-W1KG10030
bdrc-W1KG10137
bdrc-W1KG10153
bdrc-W1KG10155
bdrc-W1KG10193
bdrc-W1KG10237
bdrc-W1KG10241
bdrc-W1KG10250
bdrc-W1KG10253
bdrc-W1KG10281
bdrc-W1KG10294
bdrc-W1KG10421
bdrc-W1KG10436
bdrc-W1KG10549
bdrc-W1KG10590
bdrc-W1KG10630
bdrc-W1KG10631
bdrc-W1KG10739
bdrc-W1KG10749
bdrc-W1KG10766
bdrc-W1KG10770
bdrc-W1KG10778
bdrc-W1KG10786
bdrc-W1KG10787
bdrc-W1KG109088
bdrc-W1KG109094
bdrc-W1KG109095
bdrc-W1KG109096
bdrc-W1KG109097
bdrc-W1KG109098
bdrc-W1KG109099
bdrc-W1KG109100
bdrc-W1KG116063
bdrc-W1KG11666
bdrc-W1KG11691
bdrc-W1KG11704
bdrc-W1KG11733
bdrc-W1KG11781
bdrc-W1KG11797
bdrc-W1KG11817
bdrc-W1KG11882
bdrc-W1KG11923
bdrc-W1KG11958
bdrc-W1KG11965
bdrc-W1KG12059
bdrc-W1KG12060
bdrc-W1KG12061
bdrc-W1KG12070
bdrc-W1KG12153
bdrc-W1KG12159
bdrc-W1KG12160
bdrc-W1KG12175
bdrc-W1KG12177
bdrc-W1KG12204
bdrc-W1KG12218
bdrc-W1KG12300
bdrc-W1KG12301
bdrc-W1KG12302
bdrc-W1KG12303
bdrc-W1KG12304
bdrc-W1KG12305
bdrc-W1KG12306
bdrc-W1KG12338
bdrc-W1KG12370
bdrc-W1KG12420
bdrc-W1KG12422
bdrc-W1KG12423
bdrc-W1KG12425
bdrc-W1KG12540
bdrc-W1KG12589
bdrc-W1KG12626
bdrc-W1KG12629
bdrc-W1KG12660
bdrc-W1KG12664
bdrc-W1KG12665
bdrc-W1KG12713
bdrc-W1KG12767
bdrc-W1KG12777
bdrc-W1KG12789
bdrc-W1KG12962
bdrc-W1KG12972
bdrc-W1KG12977
bdrc-W1KG12979
bdrc-W1KG12980
bdrc-W1KG13022
bdrc-W1KG13102
bdrc-W1KG13106
bdrc-W1KG13107
bdrc-W1KG13108
bdrc-W1KG13109
bdrc-W1KG13110
bdrc-W1KG13111
bdrc-W1KG13112
bdrc-W1KG13113
bdrc-W1KG13114
bdrc-W1KG13116
bdrc-W1KG13117
bdrc-W1KG13118
bdrc-W1KG13119
bdrc-W1KG13120
bdrc-W1KG13121
bdrc-W1KG13125
bdrc-W1KG13166
bdrc-W1KG13431
bdrc-W1KG13432
bdrc-W1KG13604
bdrc-W1KG13605
bdrc-W1KG13683
bdrc-W1KG13686
bdrc-W1KG13697
bdrc-W1KG13698
bdrc-W1KG13703
bdrc-W1KG13789
bdrc-W1KG13795
bdrc-W1KG13802
bdrc-W1KG13823
bdrc-W1KG13827
bdrc-W1KG13840
bdrc-W1KG13989
bdrc-W1KG15003
bdrc-W1KG15004
bdrc-W1KG15006
bdrc-W1KG15036
bdrc-W1KG15037
bdrc-W1KG15238
bdrc-W1KG15241
bdrc-W1KG15364
bdrc-W1KG15365
bdrc-W1KG15366
bdrc-W1KG15408
bdrc-W1KG15416
bdrc-W1KG15446
bdrc-W1KG15453
bdrc-W1KG15459
bdrc-W1KG15463
bdrc-W1KG15464
bdrc-W1KG15471
bdrc-W1KG15516
bdrc-W1KG15517
bdrc-W1KG15518
bdrc-W1KG15580
bdrc-W1KG15855
bdrc-W1KG15896
bdrc-W1KG1592
bdrc-W1KG15933
bdrc-W1KG15934
bdrc-W1KG15935
bdrc-W1KG15962
bdrc-W1KG15974
bdrc-W1KG16152
bdrc-W1KG16207
bdrc-W1KG16208
bdrc-W1KG16213
bdrc-W1KG16214
bdrc-W1KG16216
bdrc-W1KG16278
bdrc-W1KG16464
bdrc-W1KG16579
bdrc-W1KG16599
bdrc-W1KG1660
bdrc-W1KG16600
bdrc-W1KG16601
bdrc-W1KG16602
bdrc-W1KG16603
bdrc-W1KG16604
bdrc-W1KG16605
bdrc-W1KG16606
bdrc-W1KG16607
bdrc-W1KG16608
bdrc-W1KG16609
bdrc-W1KG16610
bdrc-W1KG16611
bdrc-W1KG16612
bdrc-W1KG16613
bdrc-W1KG16726
bdrc-W1KG16728
bdrc-W1KG16730
bdrc-W1KG16731
bdrc-W1KG16734
bdrc-W1KG16738
bdrc-W1KG16741
bdrc-W1KG16742
bdrc-W1KG16744
bdrc-W1KG16745
bdrc-W1KG16754
bdrc-W1KG16760
bdrc-W1KG16786
bdrc-W1KG16787
bdrc-W1KG16788
bdrc-W1KG16789
bdrc-W1KG16790
bdrc-W1KG16791
bdrc-W1KG16793
bdrc-W1KG16794
bdrc-W1KG16795
bdrc-W1KG16796
bdrc-W1KG16797
bdrc-W1KG16798
bdrc-W1KG16799
bdrc-W1KG16800
bdrc-W1KG16801
bdrc-W1KG16802
bdrc-W1KG16803
bdrc-W1KG16805
bdrc-W1KG16806
bdrc-W1KG16917
bdrc-W1KG16928
bdrc-W1KG16945
bdrc-W1KG16950
bdrc-W1KG16951
bdrc-W1KG17022
bdrc-W1KG17023
bdrc-W1KG17024
bdrc-W1KG17025
bdrc-W1KG17057
bdrc-W1KG17112
bdrc-W1KG17130
bdrc-W1KG17152
bdrc-W1KG17157
bdrc-W1KG17175
bdrc-W1KG17177
bdrc-W1KG17180
bdrc-W1KG17280
bdrc-W1KG17281
bdrc-W1KG17282
bdrc-W1KG17418
bdrc-W1KG17419
bdrc-W1KG17420
bdrc-W1KG17421
bdrc-W1KG17446
bdrc-W1KG17454
bdrc-W1KG17456
bdrc-W1KG17603
bdrc-W1KG1804
bdrc-W1KG18068
bdrc-W1KG18131
bdrc-W1KG18134
bdrc-W1KG18139
bdrc-W1KG18185
bdrc-W1KG18187
bdrc-W1KG18239
bdrc-W1KG18292
bdrc-W1KG18326
bdrc-W1KG18407
bdrc-W1KG18518
bdrc-W1KG18530
bdrc-W1KG18532
bdrc-W1KG18533
bdrc-W1KG18534
bdrc-W1KG18535
bdrc-W1KG18537
bdrc-W1KG18586
bdrc-W1KG18758
bdrc-W1KG18759
bdrc-W1KG18764
bdrc-W1KG18765
bdrc-W1KG18838
bdrc-W1KG19100
bdrc-W1KG1934
bdrc-W1KG19402
bdrc-W1KG1958
bdrc-W1KG20637
bdrc-W1KG20638
bdrc-W1KG20639
bdrc-W1KG20783
bdrc-W1KG20785
bdrc-W1KG20787
bdrc-W1KG20874
bdrc-W1KG20875
bdrc-W1KG20879
bdrc-W1KG20929
bdrc-W1KG20930
bdrc-W1KG20931
bdrc-W1KG20956
bdrc-W1KG20957
bdrc-W1KG20998
bdrc-W1KG20999
bdrc-W1KG21000
bdrc-W1KG21012
bdrc-W1KG21013
bdrc-W1KG21016
bdrc-W1KG21020
bdrc-W1KG21089
bdrc-W1KG21090
bdrc-W1KG2171
bdrc-W1KG21998
bdrc-W1KG22150
bdrc-W1KG22420
bdrc-W1KG22580
bdrc-W1KG22691
bdrc-W1KG22903
bdrc-W1KG22904
bdrc-W1KG22905
bdrc-W1KG22906
bdrc-W1KG22908
bdrc-W1KG22909
bdrc-W1KG22943
bdrc-W1KG22946
bdrc-W1KG22949
bdrc-W1KG22950
bdrc-W1KG22951
bdrc-W1KG22986
bdrc-W1KG22987
bdrc-W1KG22988
bdrc-W1KG22990
bdrc-W1KG22991
bdrc-W1KG23020
bdrc-W1KG23085
bdrc-W1KG23087
bdrc-W1KG23091
bdrc-W1KG23131
bdrc-W1KG23649
bdrc-W1KG23742
bdrc-W1KG23749
bdrc-W1KG23754
bdrc-W1KG23757
bdrc-W1KG24215
bdrc-W1KG24217
bdrc-W1KG24524
bdrc-W1KG24753
bdrc-W1KG24889
bdrc-W1KG24968
bdrc-W1KG25001
bdrc-W1KG25089
bdrc-W1KG25135
bdrc-W1KG25162
bdrc-W1KG25183
bdrc-W1KG25219
bdrc-W1KG25246
bdrc-W1KG25353
bdrc-W1KG25362
bdrc-W1KG25365
bdrc-W1KG25371
bdrc-W1KG25377
bdrc-W1KG25380
bdrc-W1KG25383
bdrc-W1KG25386
bdrc-W1KG25389
bdrc-W1KG25392
bdrc-W1KG25395
bdrc-W1KG25398
bdrc-W1KG25401
bdrc-W1KG25404
bdrc-W1KG25410
bdrc-W1KG25413
bdrc-W1KG25416
bdrc-W1KG25419
bdrc-W1KG25422
bdrc-W1KG25431
bdrc-W1KG25443
bdrc-W1KG25449
bdrc-W1KG25461
bdrc-W1KG25482
bdrc-W1KG25485
bdrc-W1KG25503
bdrc-W1KG25548
bdrc-W1KG25578
bdrc-W1KG25593
bdrc-W1KG25596
bdrc-W1KG25685
bdrc-W1KG25688
bdrc-W1KG25716
bdrc-W1KG25719
bdrc-W1KG25734
bdrc-W1KG25737
bdrc-W1KG25743
bdrc-W1KG25749
bdrc-W1KG25770
bdrc-W1KG25779
bdrc-W1KG25782
bdrc-W1KG25837
bdrc-W1KG25909
bdrc-W1KG25915
bdrc-W1KG26089
bdrc-W1KG2726
bdrc-W1KG2757
bdrc-W1KG3372
bdrc-W1KG3374
bdrc-W1KG3386
bdrc-W1KG3847
bdrc-W1KG3926
bdrc-W1KG4242
bdrc-W1KG4246
bdrc-W1KG4250
bdrc-W1KG4251
bdrc-W1KG4253
bdrc-W1KG4254
bdrc-W1KG4255
bdrc-W1KG4256
bdrc-W1KG4257
bdrc-W1KG4258
bdrc-W1KG4262
bdrc-W1KG4263
bdrc-W1KG4265
bdrc-W1KG4273
bdrc-W1KG4328
bdrc-W1KG4333
bdrc-W1KG4876
bdrc-W1KG5093
bdrc-W1KG5129
bdrc-W1KG5451
bdrc-W1KG5452
bdrc-W1KG5468
bdrc-W1KG5507
bdrc-W1KG5611
bdrc-W1KG5618
bdrc-W1KG5772
bdrc-W1KG5775
bdrc-W1KG580
bdrc-W1KG5808
bdrc-W1KG5816
bdrc-W1KG5842
bdrc-W1KG5857
bdrc-W1KG5859
bdrc-W1KG5866
bdrc-W1KG5868
bdrc-W1KG5871
bdrc-W1KG5872
bdrc-W1KG5875
bdrc-W1KG5876
bdrc-W1KG5879
bdrc-W1KG5905
bdrc-W1KG5930
bdrc-W1KG5962
bdrc-W1KG5967
bdrc-W1KG5987
bdrc-W1KG5991
bdrc-W1KG6007
bdrc-W1KG6014
bdrc-W1KG6048
bdrc-W1KG6051
bdrc-W1KG6055
bdrc-W1KG6056
bdrc-W1KG6068
bdrc-W1KG6149
bdrc-W1KG6155
bdrc-W1KG6169
bdrc-W1KG6202
bdrc-W1KG6247
bdrc-W1KG6248
bdrc-W1KG6249
bdrc-W1KG6254
bdrc-W1KG6256
bdrc-W1KG6298
bdrc-W1KG6346
bdrc-W1KG6347
bdrc-W1KG8296
bdrc-W1KG8299
bdrc-W1KG8313
bdrc-W1KG8316
bdrc-W1KG8317
bdrc-W1KG8319
bdrc-W1KG8320
bdrc-W1KG8527
bdrc-W1KG8529
bdrc-W1KG8531
bdrc-W1KG8532
bdrc-W1KG8533
bdrc-W1KG8536
bdrc-W1KG8580
bdrc-W1KG8583
bdrc-W1KG8584
bdrc-W1KG8585
bdrc-W1KG8586
bdrc-W1KG8718
bdrc-W1KG8725
bdrc-W1KG8823
bdrc-W1KG9015
bdrc-W1KG9028
bdrc-W1KG9029
bdrc-W1KG9030
bdrc-W1KG9031
bdrc-W1KG9032
bdrc-W1KG9033
bdrc-W1KG9034
bdrc-W1KG9035
bdrc-W1KG9036
bdrc-W1KG9037
bdrc-W1KG9038
bdrc-W1KG9039
bdrc-W1KG9040
bdrc-W1KG9087
bdrc-W1KG9088
bdrc-W1KG91163
bdrc-W1KG91164
bdrc-W1KG91165
bdrc-W1KG91166
bdrc-W1KG91170
bdrc-W1KG91171
bdrc-W1KG9122
bdrc-W1KG9123
bdrc-W1KG9274
bdrc-W1KG9407
bdrc-W1KG9412
bdrc-W1KG9453
bdrc-W1KG9608
bdrc-W1KG9771
bdrc-W1KG9772
bdrc-W1KG9788
bdrc-W1KG9801
bdrc-W1KG9827
bdrc-W1PD100944
bdrc-W1PD104698
bdrc-W1PD104832
bdrc-W1PD105783
bdrc-W1PD105801
bdrc-W1PD105825
bdrc-W1PD105864
bdrc-W1PD105899
bdrc-W1PD107142
bdrc-W1PD107152
bdrc-W1PD107937
bdrc-W1PD108085
bdrc-W1PD108087
bdrc-W1PD108254
bdrc-W1PD133171
bdrc-W1PD137811
bdrc-W1PD137838
bdrc-W1PD137846
bdrc-W1PD137870
bdrc-W1PD137882
bdrc-W1PD137883
bdrc-W1PD137886
bdrc-W1PD137888
bdrc-W1PD152295
bdrc-W1PD152297
bdrc-W1PD153537
bdrc-W1PD159415
bdrc-W1PD159424
bdrc-W1PD177557
bdrc-W1PD181210
bdrc-W1PD53257
bdrc-W1PD83963
bdrc-W1PD83965
bdrc-W1PD83977
bdrc-W1PD86474
bdrc-W1PD88977
bdrc-W1PD88983
bdrc-W1PD88984
bdrc-W1PD89024
bdrc-W1PD89084
bdrc-W1PD90129
bdrc-W1PD95698
bdrc-W1PD95727
bdrc-W1PD95787
bdrc-W1PD95802
bdrc-W1PD95805
bdrc-W1PD95807
bdrc-W1PD95808
bdrc-W1PD95809
bdrc-W1PD95810
bdrc-W1PD95811
bdrc-W1PD95812
bdrc-W1PD95813
bdrc-W1PD95814
bdrc-W1PD95815
bdrc-W1PD96069
bdrc-W1PD96348
bdrc-W1PD96945
bdrc-W1PD96997
bdrc-W20015
bdrc-W20019
bdrc-W20026
bdrc-W20034
bdrc-W20036
bdrc-W20044
bdrc-W20063
bdrc-W20075
bdrc-W20078
bdrc-W20082
bdrc-W20085
bdrc-W20088
bdrc-W20089
bdrc-W20092
bdrc-W20095
bdrc-W20103
bdrc-W20105
bdrc-W20106
bdrc-W20114
bdrc-W20127
bdrc-W20129
bdrc-W20130
bdrc-W20131
bdrc-W20134
bdrc-W20138
bdrc-W20149
bdrc-W20172
bdrc-W20179
bdrc-W20189
bdrc-W20193
bdrc-W20194
bdrc-W20202
bdrc-W20214
bdrc-W20215
bdrc-W20220
bdrc-W20221
bdrc-W20225
bdrc-W20226
bdrc-W20227
bdrc-W20233
bdrc-W20244
bdrc-W20325
bdrc-W20398
bdrc-W20399
bdrc-W20401
bdrc-W20402
bdrc-W20403
bdrc-W20404
bdrc-W20405
bdrc-W20428
bdrc-W20434
bdrc-W20442
bdrc-W20455
bdrc-W20456
bdrc-W20457
bdrc-W20459
bdrc-W20482
bdrc-W20485
bdrc-W20528
bdrc-W20548
bdrc-W20564
bdrc-W20568
bdrc-W20574
bdrc-W20821
bdrc-W20827
bdrc-W20869
bdrc-W21018
bdrc-W21500
bdrc-W21582
bdrc-W21598
bdrc-W21599
bdrc-W21600
bdrc-W21601
bdrc-W21602
bdrc-W21618
bdrc-W21623
bdrc-W21636
bdrc-W21656
bdrc-W21661
bdrc-W21674
bdrc-W21682
bdrc-W21683
bdrc-W21686
bdrc-W21687
bdrc-W21694
bdrc-W21699
bdrc-W21700
bdrc-W21707
bdrc-W21722
bdrc-W21744
bdrc-W21746
bdrc-W21756
bdrc-W21762
bdrc-W21763
bdrc-W21767
bdrc-W21768
bdrc-W21774
bdrc-W21782
bdrc-W21804
bdrc-W21807
bdrc-W21813
bdrc-W21821
bdrc-W21827
bdrc-W21838
bdrc-W21846
bdrc-W21848
bdrc-W21849
bdrc-W21861
bdrc-W21863
bdrc-W21864
bdrc-W21873
bdrc-W21875
bdrc-W21879
bdrc-W21882
bdrc-W21884
bdrc-W21886
bdrc-W21889
bdrc-W21898
bdrc-W21910
bdrc-W21913
bdrc-W21915
bdrc-W21926
bdrc-W21934
bdrc-W21945
bdrc-W21964
bdrc-W21971
bdrc-W21985
bdrc-W21987
bdrc-W21994
bdrc-W22008
bdrc-W22013
bdrc-W22015
bdrc-W22017
bdrc-W22018
bdrc-W22023
bdrc-W22032
bdrc-W22033
bdrc-W22035
bdrc-W22038
bdrc-W22040
bdrc-W22041
bdrc-W22042
bdrc-W22044
bdrc-W22051
bdrc-W22056
bdrc-W22062
bdrc-W22063
bdrc-W22064
bdrc-W22066
bdrc-W22067
bdrc-W22068
bdrc-W22069
bdrc-W22071
bdrc-W22072
bdrc-W22073
bdrc-W22076
bdrc-W22081
bdrc-W22098
bdrc-W22099
bdrc-W22102
bdrc-W22106
bdrc-W22116
bdrc-W22128
bdrc-W22130
bdrc-W22149
bdrc-W22152
bdrc-W22159
bdrc-W22160
bdrc-W22163
bdrc-W22167
bdrc-W22177
bdrc-W22186
bdrc-W22188
bdrc-W22247
bdrc-W22280
bdrc-W22298
bdrc-W22343
bdrc-W22359
bdrc-W22378
bdrc-W22720
bdrc-W22914
bdrc-W23171
bdrc-W23176
bdrc-W23184
bdrc-W23185
bdrc-W23638
bdrc-W23663
bdrc-W23674
bdrc-W23693
bdrc-W23888
bdrc-W23893
bdrc-W23894
bdrc-W24824
bdrc-W24826
bdrc-W24827
bdrc-W25007
bdrc-W25095
bdrc-W25114
bdrc-W25115
bdrc-W25121
bdrc-W25125
bdrc-W25126
bdrc-W25139
bdrc-W25143
bdrc-W25144
bdrc-W25197
bdrc-W25199
bdrc-W25268
bdrc-W25269
bdrc-W25270
bdrc-W26005
bdrc-W26010
bdrc-W26180
bdrc-W26372
bdrc-W26963
bdrc-W27307
bdrc-W27313
bdrc-W27401
bdrc-W28064
bdrc-W28263
bdrc-W2831
bdrc-W28737
bdrc-W28799
bdrc-W28841
bdrc-W28845
bdrc-W28949
bdrc-W28955
bdrc-W28969
bdrc-W28979
bdrc-W29106
bdrc-W29114
bdrc-W29144
bdrc-W29219
bdrc-W29242
bdrc-W29244
bdrc-W29251
bdrc-W29263
bdrc-W29278
bdrc-W29488
bdrc-W29489
bdrc-W29510
bdrc-W29513
bdrc-W29515
bdrc-W29520
bdrc-W29523
bdrc-W29564
bdrc-W29642
bdrc-W29646
bdrc-W29653
bdrc-W29655
bdrc-W29674
bdrc-W29898
bdrc-W29899
bdrc-W29901
bdrc-W29987
bdrc-W29989
bdrc-W29993
bdrc-W2CZ10139
bdrc-W2CZ10141
bdrc-W2CZ10142
bdrc-W2CZ6023
bdrc-W2CZ7841
bdrc-W2CZ7859
bdrc-W2CZ7862
bdrc-W2CZ7876
bdrc-W2CZ7877
bdrc-W2CZ7990
bdrc-W2CZ8008
bdrc-W2CZ8015
bdrc-W2CZ8020
bdrc-W2CZ8025
bdrc-W2CZ8032
bdrc-W2CZ8040
bdrc-W2CZ8041
bdrc-W2CZ8044
bdrc-W2CZ8046
bdrc-W2CZ8050
bdrc-W2CZ8056
bdrc-W2CZ8057
bdrc-W2CZ8058
bdrc-W2CZ9121
bdrc-W2CZ9131
bdrc-W2CZ9154
bdrc-W2DB13645
bdrc-W2DB16421
bdrc-W2DB16422
bdrc-W2DB25060
bdrc-W2DB25438
bdrc-W2DB4588
bdrc-W2DB5978
bdrc-W2KG1677
bdrc-W2KG207346
bdrc-W2KG207347
bdrc-W2KG207551
bdrc-W2KG207552
bdrc-W2KG207553
bdrc-W2KG207554
bdrc-W2KG230201
bdrc-W2KG232487
bdrc-W2KG232488
bdrc-W2KG232489
bdrc-W2KG232490
bdrc-W2KG234627
bdrc-W2KG234628
bdrc-W2KG234630
bdrc-W2KG234631
bdrc-W2KG234633
bdrc-W2KG234634
bdrc-W2KG234635
bdrc-W2KG234636
bdrc-W2KG234638
bdrc-W2KG234639
bdrc-W2KG234640
bdrc-W2KG234641
bdrc-W2KG234642
bdrc-W2KG234644
bdrc-W2KG234645
bdrc-W2KG234646
bdrc-W2KG234647
bdrc-W2KG234648
bdrc-W2KG234649
bdrc-W2KG234650
bdrc-W2KG234652
bdrc-W2KG234655
bdrc-W2KG234656
bdrc-W2KG234657
bdrc-W2KG763
bdrc-W2KG766
bdrc-W2KG768
bdrc-W2PD17390
bdrc-W2PD17393
bdrc-W2PD17399
bdrc-W2PD17443
bdrc-W2PD17444
bdrc-W2PD17445
bdrc-W2PD17617
bdrc-W2PD17619
bdrc-W2PD19094
bdrc-W2PD19635
bdrc-W2PD19769
bdrc-W30026
bdrc-W30037
bdrc-W30049
bdrc-W30050
bdrc-W30058
bdrc-W30063
bdrc-W30066
bdrc-W30073
bdrc-W30085
bdrc-W30092
bdrc-W30106
bdrc-W30110
bdrc-W30114
bdrc-W30163
bdrc-W30278
bdrc-W30286
bdrc-W30367
bdrc-W30388
bdrc-W30389
bdrc-W30391
bdrc-W30408
bdrc-W30409
bdrc-W30418
bdrc-W30419
bdrc-W30422
bdrc-W30434
bdrc-W30474
bdrc-W30475
bdrc-W30477
bdrc-W30478
bdrc-W30479
bdrc-W30480
bdrc-W30481
bdrc-W30482
bdrc-W30483
bdrc-W30484
bdrc-W30495
bdrc-W30496
bdrc-W30516
bdrc-W30523
bdrc-W30525
bdrc-W30527
bdrc-W30528
bdrc-W3CN12981
bdrc-W3CN15719
bdrc-W3CN16599
bdrc-W3CN17676
bdrc-W3CN17679
bdrc-W3CN17685
bdrc-W3CN2098
bdrc-W3CN2101
bdrc-W3CN2104
bdrc-W3CN2107
bdrc-W3CN2110
bdrc-W3CN2119
bdrc-W3CN2124
bdrc-W3CN2131
bdrc-W3CN2157
bdrc-W3CN2160
bdrc-W3CN2163
bdrc-W3CN2166
bdrc-W3CN2169
bdrc-W3CN2172
bdrc-W3CN2175
bdrc-W3CN2178
bdrc-W3CN2397
bdrc-W3CN2886
bdrc-W3CN3014
bdrc-W3CN3207
bdrc-W3CN3329
bdrc-W3CN3400
bdrc-W3CN3401
bdrc-W3CN3412
bdrc-W3CN3413
bdrc-W3CN4675
bdrc-W3CN4693
bdrc-W3CN4855
bdrc-W3CN4863
bdrc-W3CN4927
bdrc-W3CN5150
bdrc-W3CN5177
bdrc-W3CN5180
bdrc-W3CN5210
bdrc-W3CN5216
bdrc-W3CN5252
bdrc-W3CN5258
bdrc-W3CN5315
bdrc-W3CN5384
bdrc-W3CN5475
bdrc-W3CN5484
bdrc-W3CN5487
bdrc-W3CN5507
bdrc-W3CN5510
bdrc-W3CN5513
bdrc-W3CN5555
bdrc-W3CN5565
bdrc-W3CN5612
bdrc-W3CN5618
bdrc-W3CN5910
bdrc-W3CN5922
bdrc-W3CN6326
bdrc-W3CN6335
bdrc-W3CN6412
bdrc-W3CN6415
bdrc-W3CN6418
bdrc-W3CN6427
bdrc-W3CN6519
bdrc-W3CN6522
bdrc-W3CN6525
bdrc-W3CN6528
bdrc-W3CN6531
bdrc-W3CN6540
bdrc-W3CN6543
bdrc-W3CN6546
bdrc-W3CN6591
bdrc-W3CN6618
bdrc-W3CN6661
bdrc-W3CN6664
bdrc-W3CN6673
bdrc-W3CN6679
bdrc-W3CN6682
bdrc-W3CN6688
bdrc-W3CN6694
bdrc-W3CN6697
bdrc-W3CN6703
bdrc-W3CN6706
bdrc-W3CN6709
bdrc-W3CN6712
bdrc-W3CN6715
bdrc-W3CN6721
bdrc-W3CN6724
bdrc-W3CN6733
bdrc-W3CN6736
bdrc-W3CN6739
bdrc-W3CN6751
bdrc-W3CN6822
bdrc-W3CN6825
bdrc-W3CN6828
bdrc-W3CN6831
bdrc-W3CN6837
bdrc-W3CN6840
bdrc-W3CN6846
bdrc-W3CN6849
bdrc-W3CN6852
bdrc-W3CN6876
bdrc-W3CN6882
bdrc-W3CN6903
bdrc-W3CN6906
bdrc-W3CN6925
bdrc-W3CN6952
bdrc-W3CN6955
bdrc-W3CN6961
bdrc-W3CN6964
bdrc-W3CN6967
bdrc-W3CN6970
bdrc-W3CN6973
bdrc-W3CN6979
bdrc-W3CN6985
bdrc-W3CN7007
bdrc-W3CN7016
bdrc-W3CN7904
bdrc-W3CN7910
bdrc-W3CN7994
bdrc-W3CN8003
bdrc-W3CN8024
bdrc-W3CN8049
bdrc-W3CN8084
bdrc-W3CN8087
bdrc-W3CN8176
bdrc-W3CN9674
bdrc-W3MS261
bdrc-W3MS838
bdrc-W3MS856
bdrc-W3MS878
bdrc-W3MS88
bdrc-W3PD1288
bdrc-W3PD205
bdrc-W3PD219
bdrc-W3PD220
bdrc-W3PD221
bdrc-W3PD222
bdrc-W3PD223
bdrc-W3PD224
bdrc-W3PD226
bdrc-W3PD231
bdrc-W3PD233
bdrc-W3PD235
bdrc-W3PD237
bdrc-W3PD238
bdrc-W3PD239
bdrc-W3PD240
bdrc-W3PD241
bdrc-W3PD400
bdrc-W4996
bdrc-W4CZ1021
bdrc-W4CZ1022
bdrc-W4CZ1044
bdrc-W4CZ1098
bdrc-W4CZ1107
bdrc-W4CZ1687
bdrc-W4CZ2193
bdrc-W4CZ24515
bdrc-W4CZ2732
bdrc-W4CZ294740
bdrc-W4CZ294911
bdrc-W4CZ294912
bdrc-W4CZ294913
bdrc-W4CZ294914
bdrc-W4CZ294915
bdrc-W4CZ294916
bdrc-W4CZ294917
bdrc-W4CZ294918
bdrc-W4CZ294919
bdrc-W4CZ294921
bdrc-W4CZ294922
bdrc-W4CZ294923
bdrc-W4CZ294924
bdrc-W4CZ295065
bdrc-W4CZ295066
bdrc-W4CZ295070
bdrc-W4CZ295071
bdrc-W4CZ295072
bdrc-W4CZ295074
bdrc-W4CZ295075
bdrc-W4CZ295076
bdrc-W4CZ295077
bdrc-W4CZ295078
bdrc-W4CZ295080
bdrc-W4CZ295081
bdrc-W4CZ295084
bdrc-W4CZ295937
bdrc-W4CZ30702
bdrc-W4CZ31321
bdrc-W4CZ34261
bdrc-W4CZ354413
bdrc-W4CZ57130
bdrc-W4CZ58512
bdrc-W4CZ58532
bdrc-W4CZ62374
bdrc-W4PD1207
bdrc-W4PD502
bdrc-W4PD973
bdrc-W7371
bdrc-W7445
bdrc-W7555
bdrc-W8248
bdrc-W8880
bdrc-W8LS15812
bdrc-W8LS16366
bdrc-W8LS16559
bdrc-W8LS16693
bdrc-W8LS16714
bdrc-W8LS16726
bdrc-W8LS16781
bdrc-W8LS16784
bdrc-W8LS16793
bdrc-W8LS16810
bdrc-W8LS16855
bdrc-W8LS17095
bdrc-W8LS17281
bdrc-W8LS17743
bdrc-W8LS17841
bdrc-W8LS18094
bdrc-W8LS18146
bdrc-W8LS18147
bdrc-W8LS18148
bdrc-W8LS18149
bdrc-W8LS18541
bdrc-W8LS18646
bdrc-W8LS18967
bdrc-W8LS18970
bdrc-W8LS18973
bdrc-W8LS18976
bdrc-W8LS18979
bdrc-W8LS18985
bdrc-W8LS18988
bdrc-W8LS18991
bdrc-W8LS18994
bdrc-W8LS18997
bdrc-W8LS19003
bdrc-W8LS19006
bdrc-W8LS19111
bdrc-W8LS19219
bdrc-W8LS19231
bdrc-W8LS19234
bdrc-W8LS20005
bdrc-W8LS20060
bdrc-W8LS20171
bdrc-W8LS20177
bdrc-W8LS20216
bdrc-W8LS20272
bdrc-W8LS20344
bdrc-W8LS20383
bdrc-W8LS20433
bdrc-W8LS20454
bdrc-W8LS20492
bdrc-W8LS20504
bdrc-W8LS20507
bdrc-W8LS20510
bdrc-W8LS20513
bdrc-W8LS20531
bdrc-W8LS20534
bdrc-W8LS20537
bdrc-W8LS20540
bdrc-W8LS20543
bdrc-W8LS20546
bdrc-W8LS20549
bdrc-W8LS20552
bdrc-W8LS20555
bdrc-W8LS20558
bdrc-W8LS20573
bdrc-W8LS20579
bdrc-W8LS20631
bdrc-W8LS23999
bdrc-W8LS26176
bdrc-W8LS32706
bdrc-W8LS42293
bdrc-W8LS43856
bdrc-W8LS76094
bdrc-W914
bdrc-W942
listed items that should be unlisted:
unlisted items that should be listed:
items in buddhist-digital-resource-center-restricted that should not be:
items not in buddhist-digital-resource-center-restricted that should be:
items in inlibrary that should not be:
items not in inlibrary that should be:
items in geo_restricted that should not be:
items not in geo_restricted that should be:
