/mnt/rs5Archive0/37/W1KG10137
/mnt/rs5Archive1/55/W1KG10155
/mnt/rs5Archive0/01/W2KG230201
/mnt/rs5Archive1/81/W3CN12981
/mnt/rs5Archive0/37/W1KG10137
/mnt/rs5Archive1/55/W1KG10155
/mnt/rs5Archive0/00/WID
/mnt/rs5Archive1/62/W00EGS1016962
/mnt/rs5Archive1/62/W00EGS1016962
/mnt/rs5Archive1/69/W00EGS1016969
/mnt/rs5Archive1/93/W00EGS1017093
/mnt/rs5Archive0/19/W00EGS1017419
/mnt/rs5Archive1/55/W00EGS1017555
/mnt/rs5Archive0/15/W00KG015
/mnt/rs5Archive0/03/W00KG03
/mnt/rs5Archive0/04/W00KG03604
/mnt/rs5Archive0/47/W00KG0547
/mnt/rs5Archive0/18/W00KG0618
/mnt/rs5Archive0/20/W00KG0620
/mnt/rs5Archive0/07/W00KG07
/mnt/rs5Archive0/43/W00KG08443
/mnt/rs5Archive0/06/W10206
/mnt/rs5Archive0/06/W10206
/mnt/rs5Archive0/31/W10431
/mnt/rs5Archive1/64/W12164
/mnt/rs5Archive1/87/W13887
/mnt/rs5Archive0/33/W14133
/mnt/rs5Archive0/25/W14425
/mnt/rs5Archive0/48/W148
/mnt/rs5Archive0/22/W15222
/mnt/rs5Archive0/15/W15915
/mnt/rs5Archive1/79/W16079
/mnt/rs5Archive1/84/W16484
/mnt/rs5Archive0/15/W16515
/mnt/rs5Archive1/65/W17165
/mnt/rs5Archive1/66/W17166
/mnt/rs5Archive0/23/W18123
/mnt/rs5Archive0/27/W18127
/mnt/rs5Archive1/98/W18598
/mnt/rs5Archive0/19/W18619
/mnt/rs5Archive0/17/W19617
/mnt/rs5Archive0/39/W19639
/mnt/rs5Archive0/43/W19643
/mnt/rs5Archive1/57/W19657
/mnt/rs5Archive1/78/W19678
/mnt/rs5Archive1/80/W19680
/mnt/rs5Archive1/84/W19684
/mnt/rs5Archive0/25/W19825
/mnt/rs5Archive0/41/W19841
/mnt/rs5Archive0/48/W19848
/mnt/rs5Archive0/49/W19849
/mnt/rs5Archive1/56/W19956
/mnt/rs5Archive1/62/W19962
/mnt/rs5Archive1/62/W19962
/mnt/rs5Archive1/76/W19976
/mnt/rs5Archive1/81/W19981
/mnt/rs5Archive1/94/W19994
/mnt/rs5Archive0/00/W1AB2
/mnt/rs5Archive0/00/W1AB5
/mnt/rs5Archive1/54/W1AC354
/mnt/rs5Archive1/61/W1AC361
/mnt/rs5Archive0/13/W1AC413
/mnt/rs5Archive0/33/W1FPL1033
/mnt/rs5Archive1/63/W1FPL1063
/mnt/rs5Archive1/59/W1FPL159
/mnt/rs5Archive1/60/W1FPL360
/mnt/rs5Archive1/93/W1FPL393
/mnt/rs5Archive0/41/W1FPL741
/mnt/rs5Archive1/73/W1GS139873
/mnt/rs5Archive0/01/W1GS140301
/mnt/rs5Archive1/56/W1GS54156
/mnt/rs5Archive0/30/W1KG10030
/mnt/rs5Archive0/37/W1KG10137
/mnt/rs5Archive1/55/W1KG10155
/mnt/rs5Archive1/93/W1KG10193
/mnt/rs5Archive0/37/W1KG10237
/mnt/rs5Archive0/41/W1KG10241
/mnt/rs5Archive1/50/W1KG10250
/mnt/rs5Archive1/53/W1KG10253
/mnt/rs5Archive1/81/W1KG10281
/mnt/rs5Archive0/21/W1KG10421
/mnt/rs5Archive1/94/W1KG10294
/mnt/rs5Archive0/36/W1KG10436
/mnt/rs5Archive0/49/W1KG10549
/mnt/rs5Archive1/90/W1KG10590
/mnt/rs5Archive0/30/W1KG10630
/mnt/rs5Archive0/31/W1KG10631
/mnt/rs5Archive0/39/W1KG10739
/mnt/rs5Archive1/87/W1KG10687
/mnt/rs5Archive0/49/W1KG10749
/mnt/rs5Archive1/66/W1KG10766
/mnt/rs5Archive1/70/W1KG10770
/mnt/rs5Archive1/78/W1KG10778
/mnt/rs5Archive1/87/W1KG10787
/mnt/rs5Archive1/91/W1KG11691
/mnt/rs5Archive0/04/W1KG11704
/mnt/rs5Archive0/33/W1KG11733
/mnt/rs5Archive1/81/W1KG11781
/mnt/rs5Archive1/97/W1KG11797
/mnt/rs5Archive1/82/W1KG11882
/mnt/rs5Archive0/23/W1KG11923
/mnt/rs5Archive1/65/W1KG11965
/mnt/rs5Archive1/59/W1KG12059
/mnt/rs5Archive1/60/W1KG12060
/mnt/rs5Archive1/61/W1KG12061
/mnt/rs5Archive1/70/W1KG12070
/mnt/rs5Archive1/53/W1KG12153
/mnt/rs5Archive1/60/W1KG12160
/mnt/rs5Archive1/77/W1KG12177
/mnt/rs5Archive0/04/W1KG12204
/mnt/rs5Archive0/18/W1KG12218
/mnt/rs5Archive0/02/W1KG12302
/mnt/rs5Archive0/03/W1KG12303
/mnt/rs5Archive0/04/W1KG12304
/mnt/rs5Archive0/05/W1KG12305
/mnt/rs5Archive0/06/W1KG12306
/mnt/rs5Archive0/38/W1KG12338
/mnt/rs5Archive1/70/W1KG12370
/mnt/rs5Archive0/20/W1KG12420
/mnt/rs5Archive0/22/W1KG12422
/mnt/rs5Archive0/23/W1KG12423
/mnt/rs5Archive0/25/W1KG12425
/mnt/rs5Archive0/40/W1KG12540
/mnt/rs5Archive1/89/W1KG12589
/mnt/rs5Archive0/26/W1KG12626
/mnt/rs5Archive0/29/W1KG12629
/mnt/rs5Archive1/64/W1KG12664
/mnt/rs5Archive1/60/W1KG12660
/mnt/rs5Archive1/65/W1KG12665
/mnt/rs5Archive0/13/W1KG12713
/mnt/rs5Archive1/77/W1KG12777
/mnt/rs5Archive1/89/W1KG12789
/mnt/rs5Archive1/62/W1KG12962
/mnt/rs5Archive1/72/W1KG12972
/mnt/rs5Archive1/77/W1KG12977
/mnt/rs5Archive1/79/W1KG12979
/mnt/rs5Archive1/80/W1KG12980
/mnt/rs5Archive0/22/W1KG13022
/mnt/rs5Archive0/02/W1KG13102
/mnt/rs5Archive0/06/W1KG13106
/mnt/rs5Archive0/07/W1KG13107
/mnt/rs5Archive0/08/W1KG13108
/mnt/rs5Archive0/09/W1KG13109
/mnt/rs5Archive0/10/W1KG13110
/mnt/rs5Archive0/11/W1KG13111
/mnt/rs5Archive0/12/W1KG13112
/mnt/rs5Archive0/13/W1KG13113
/mnt/rs5Archive0/14/W1KG13114
/mnt/rs5Archive0/16/W1KG13116
/mnt/rs5Archive0/17/W1KG13117
/mnt/rs5Archive0/18/W1KG13118
/mnt/rs5Archive0/19/W1KG13119
/mnt/rs5Archive0/20/W1KG13120
/mnt/rs5Archive0/21/W1KG13121
/mnt/rs5Archive1/66/W1KG13166
/mnt/rs5Archive0/31/W1KG13431
/mnt/rs5Archive0/32/W1KG13432
/mnt/rs5Archive0/04/W1KG13604
/mnt/rs5Archive0/05/W1KG13605
/mnt/rs5Archive1/83/W1KG13683
/mnt/rs5Archive1/86/W1KG13686
/mnt/rs5Archive1/97/W1KG13697
/mnt/rs5Archive1/98/W1KG13698
/mnt/rs5Archive0/03/W1KG13703
/mnt/rs5Archive1/95/W1KG13795
/mnt/rs5Archive0/40/W1KG13840
/mnt/rs5Archive1/89/W1KG13989
/mnt/rs5Archive0/14/W1KG14
/mnt/rs5Archive0/35/W1KG14335
/mnt/rs5Archive0/10/W1KG14410
/mnt/rs5Archive1/55/W1KG14455
/mnt/rs5Archive1/56/W1KG14456
/mnt/rs5Archive1/57/W1KG14457
/mnt/rs5Archive1/58/W1KG14458
/mnt/rs5Archive1/65/W1KG14465
/mnt/rs5Archive1/66/W1KG14466
/mnt/rs5Archive1/67/W1KG14467
/mnt/rs5Archive1/68/W1KG14468
/mnt/rs5Archive1/69/W1KG14469
/mnt/rs5Archive1/70/W1KG14470
/mnt/rs5Archive1/93/W1KG14493
/mnt/rs5Archive0/17/W1KG14517
/mnt/rs5Archive1/55/W1KG14555
/mnt/rs5Archive1/79/W1KG14679
/mnt/rs5Archive1/80/W1KG14680
/mnt/rs5Archive1/82/W1KG14682
/mnt/rs5Archive1/89/W1KG14689
/mnt/rs5Archive1/80/W1KG14780
/mnt/rs5Archive1/81/W1KG14781
/mnt/rs5Archive1/84/W1KG14784
/mnt/rs5Archive1/86/W1KG14786
/mnt/rs5Archive1/87/W1KG14787
/mnt/rs5Archive1/88/W1KG14788
/mnt/rs5Archive1/90/W1KG14790
/mnt/rs5Archive1/93/W1KG14793
/mnt/rs5Archive1/95/W1KG14795
/mnt/rs5Archive1/96/W1KG14796
/mnt/rs5Archive1/97/W1KG14797
/mnt/rs5Archive1/99/W1KG14799
/mnt/rs5Archive0/00/W1KG14800
/mnt/rs5Archive0/15/W1KG14815
/mnt/rs5Archive1/55/W1KG14955
/mnt/rs5Archive1/67/W1KG14967
/mnt/rs5Archive1/69/W1KG14969
/mnt/rs5Archive1/70/W1KG14970
/mnt/rs5Archive1/82/W1KG14982
/mnt/rs5Archive1/92/W1KG14992
/mnt/rs5Archive1/98/W1KG14998
/mnt/rs5Archive0/36/W1KG15036
/mnt/rs5Archive0/37/W1KG15037
/mnt/rs5Archive0/38/W1KG15238
/mnt/rs5Archive0/41/W1KG15241
/mnt/rs5Archive1/64/W1KG15364
/mnt/rs5Archive1/65/W1KG15365
/mnt/rs5Archive1/66/W1KG15366
/mnt/rs5Archive0/08/W1KG15408
/mnt/rs5Archive0/46/W1KG15446
/mnt/rs5Archive1/53/W1KG15453
/mnt/rs5Archive1/59/W1KG15459
/mnt/rs5Archive1/63/W1KG15463
/mnt/rs5Archive1/64/W1KG15464
/mnt/rs5Archive1/71/W1KG15471
/mnt/rs5Archive0/16/W1KG15516
/mnt/rs5Archive0/17/W1KG15517
/mnt/rs5Archive0/18/W1KG15518
/mnt/rs5Archive0/33/W1KG15933
/mnt/rs5Archive0/34/W1KG15934
/mnt/rs5Archive0/35/W1KG15935
/mnt/rs5Archive1/62/W1KG15962
/mnt/rs5Archive1/74/W1KG15974
/mnt/rs5Archive1/52/W1KG16152
/mnt/rs5Archive1/54/W1KG16154
/mnt/rs5Archive0/03/W1KG16203
/mnt/rs5Archive0/05/W1KG16205
/mnt/rs5Archive0/07/W1KG16207
/mnt/rs5Archive0/08/W1KG16208
/mnt/rs5Archive0/12/W1KG16212
/mnt/rs5Archive0/13/W1KG16213
/mnt/rs5Archive0/14/W1KG16214
/mnt/rs5Archive0/16/W1KG16216
/mnt/rs5Archive1/78/W1KG16278
/mnt/rs5Archive1/64/W1KG16464
/mnt/rs5Archive1/90/W1KG16590
/mnt/rs5Archive1/99/W1KG16599
/mnt/rs5Archive0/00/W1KG16600
/mnt/rs5Archive0/01/W1KG16601
/mnt/rs5Archive0/02/W1KG16602
/mnt/rs5Archive0/03/W1KG16603
/mnt/rs5Archive0/04/W1KG16604
/mnt/rs5Archive0/05/W1KG16605
/mnt/rs5Archive0/06/W1KG16606
/mnt/rs5Archive0/07/W1KG16607
/mnt/rs5Archive0/08/W1KG16608
/mnt/rs5Archive0/09/W1KG16609
/mnt/rs5Archive0/10/W1KG16610
/mnt/rs5Archive0/11/W1KG16611
/mnt/rs5Archive0/12/W1KG16612
/mnt/rs5Archive0/13/W1KG16613
/mnt/rs5Archive0/20/W1KG16720
/mnt/rs5Archive0/26/W1KG16726
/mnt/rs5Archive0/28/W1KG16728
/mnt/rs5Archive0/30/W1KG16730
/mnt/rs5Archive0/31/W1KG16731
/mnt/rs5Archive0/34/W1KG16734
/mnt/rs5Archive0/38/W1KG16738
/mnt/rs5Archive0/41/W1KG16741
/mnt/rs5Archive0/42/W1KG16742
/mnt/rs5Archive0/44/W1KG16744
/mnt/rs5Archive0/45/W1KG16745
/mnt/rs5Archive1/54/W1KG16754
/mnt/rs5Archive1/60/W1KG16760
/mnt/rs5Archive1/86/W1KG16786
/mnt/rs5Archive1/87/W1KG16787
/mnt/rs5Archive1/88/W1KG16788
/mnt/rs5Archive1/89/W1KG16789
/mnt/rs5Archive1/90/W1KG16790
/mnt/rs5Archive1/91/W1KG16791
/mnt/rs5Archive1/93/W1KG16793
/mnt/rs5Archive1/94/W1KG16794
/mnt/rs5Archive1/95/W1KG16795
/mnt/rs5Archive1/96/W1KG16796
/mnt/rs5Archive1/97/W1KG16797
/mnt/rs5Archive1/98/W1KG16798
/mnt/rs5Archive1/99/W1KG16799
/mnt/rs5Archive0/00/W1KG16800
/mnt/rs5Archive0/01/W1KG16801
/mnt/rs5Archive0/02/W1KG16802
/mnt/rs5Archive0/03/W1KG16803
/mnt/rs5Archive0/05/W1KG16805
/mnt/rs5Archive0/06/W1KG16806
/mnt/rs5Archive0/17/W1KG16917
/mnt/rs5Archive0/28/W1KG16928
/mnt/rs5Archive0/45/W1KG16945
/mnt/rs5Archive1/50/W1KG16950
/mnt/rs5Archive1/51/W1KG16951
/mnt/rs5Archive0/22/W1KG17022
/mnt/rs5Archive0/23/W1KG17023
/mnt/rs5Archive0/24/W1KG17024
/mnt/rs5Archive0/25/W1KG17025
/mnt/rs5Archive1/57/W1KG17057
/mnt/rs5Archive0/12/W1KG17112
/mnt/rs5Archive0/30/W1KG17130
/mnt/rs5Archive1/52/W1KG17152
/mnt/rs5Archive1/57/W1KG17157
/mnt/rs5Archive1/75/W1KG17175
/mnt/rs5Archive1/77/W1KG17177
/mnt/rs5Archive1/80/W1KG17180
/mnt/rs5Archive1/80/W1KG17280
/mnt/rs5Archive1/81/W1KG17281
/mnt/rs5Archive1/82/W1KG17282
/mnt/rs5Archive0/29/W1KG17329
/mnt/rs5Archive0/18/W1KG17418
/mnt/rs5Archive0/19/W1KG17419
/mnt/rs5Archive0/20/W1KG17420
/mnt/rs5Archive0/21/W1KG17421
/mnt/rs5Archive0/26/W1KG17426
/mnt/rs5Archive0/46/W1KG17446
/mnt/rs5Archive0/48/W1KG17448
/mnt/rs5Archive0/48/W1KG17448
/mnt/rs5Archive1/54/W1KG17454
/mnt/rs5Archive1/56/W1KG17456
/mnt/rs5Archive0/03/W1KG17603
/mnt/rs5Archive1/68/W1KG18068
/mnt/rs5Archive0/31/W1KG18131
/mnt/rs5Archive0/34/W1KG18134
/mnt/rs5Archive0/39/W1KG18139
/mnt/rs5Archive1/85/W1KG18185
/mnt/rs5Archive1/87/W1KG18187
/mnt/rs5Archive0/39/W1KG18239
/mnt/rs5Archive1/92/W1KG18292
/mnt/rs5Archive0/26/W1KG18326
/mnt/rs5Archive0/07/W1KG18407
/mnt/rs5Archive0/18/W1KG18518
/mnt/rs5Archive0/30/W1KG18530
/mnt/rs5Archive0/32/W1KG18532
/mnt/rs5Archive0/33/W1KG18533
/mnt/rs5Archive0/34/W1KG18534
/mnt/rs5Archive0/35/W1KG18535
/mnt/rs5Archive0/37/W1KG18537
/mnt/rs5Archive1/64/W1KG18564
/mnt/rs5Archive1/86/W1KG18586
/mnt/rs5Archive1/58/W1KG18758
/mnt/rs5Archive1/59/W1KG18759
/mnt/rs5Archive1/64/W1KG18764
/mnt/rs5Archive1/65/W1KG18765
/mnt/rs5Archive0/38/W1KG18838
/mnt/rs5Archive0/00/W1KG19100
/mnt/rs5Archive0/02/W1KG19402
/mnt/rs5Archive0/37/W1KG20637
/mnt/rs5Archive0/38/W1KG20638
/mnt/rs5Archive0/39/W1KG20639
/mnt/rs5Archive1/83/W1KG20783
/mnt/rs5Archive1/85/W1KG20785
/mnt/rs5Archive1/74/W1KG20874
/mnt/rs5Archive1/75/W1KG20875
/mnt/rs5Archive1/79/W1KG20879
/mnt/rs5Archive0/29/W1KG20929
/mnt/rs5Archive0/30/W1KG20930
/mnt/rs5Archive0/31/W1KG20931
/mnt/rs5Archive1/56/W1KG20956
/mnt/rs5Archive1/57/W1KG20957
/mnt/rs5Archive1/98/W1KG20998
/mnt/rs5Archive1/99/W1KG20999
/mnt/rs5Archive0/00/W1KG21000
/mnt/rs5Archive0/12/W1KG21012
/mnt/rs5Archive0/13/W1KG21013
/mnt/rs5Archive0/16/W1KG21016
/mnt/rs5Archive0/20/W1KG21020
/mnt/rs5Archive1/89/W1KG21089
/mnt/rs5Archive1/90/W1KG21090
/mnt/rs5Archive1/71/W1KG2171
/mnt/rs5Archive1/50/W1KG22150
/mnt/rs5Archive1/80/W1KG22580
/mnt/rs5Archive1/91/W1KG22691
/mnt/rs5Archive0/03/W1KG22903
/mnt/rs5Archive0/04/W1KG22904
/mnt/rs5Archive0/05/W1KG22905
/mnt/rs5Archive0/06/W1KG22906
/mnt/rs5Archive0/08/W1KG22908
/mnt/rs5Archive0/09/W1KG22909
/mnt/rs5Archive0/43/W1KG22943
/mnt/rs5Archive0/46/W1KG22946
/mnt/rs5Archive0/49/W1KG22949
/mnt/rs5Archive1/50/W1KG22950
/mnt/rs5Archive1/51/W1KG22951
/mnt/rs5Archive1/86/W1KG22986
/mnt/rs5Archive1/87/W1KG22987
/mnt/rs5Archive1/88/W1KG22988
/mnt/rs5Archive1/90/W1KG22990
/mnt/rs5Archive1/91/W1KG22991
/mnt/rs5Archive0/20/W1KG23020
/mnt/rs5Archive1/85/W1KG23085
/mnt/rs5Archive1/86/W1KG23086
/mnt/rs5Archive1/86/W1KG23086
/mnt/rs5Archive1/87/W1KG23087
/mnt/rs5Archive1/91/W1KG23091
/mnt/rs5Archive0/31/W1KG23131
/mnt/rs5Archive0/20/W1KG23520
/mnt/rs5Archive0/38/W1KG23538
/mnt/rs5Archive0/17/W1KG23717
/mnt/rs5Archive1/64/W1KG23764
/mnt/rs5Archive1/70/W1KG24470
/mnt/rs5Archive1/89/W1KG25089
/mnt/rs5Archive0/35/W1KG25135
/mnt/rs5Archive1/62/W1KG25162
/mnt/rs5Archive1/83/W1KG25183
/mnt/rs5Archive1/53/W1KG25353
/mnt/rs5Archive1/62/W1KG25362
/mnt/rs5Archive1/65/W1KG25365
/mnt/rs5Archive1/71/W1KG25371
/mnt/rs5Archive1/77/W1KG25377
/mnt/rs5Archive1/80/W1KG25380
/mnt/rs5Archive1/83/W1KG25383
/mnt/rs5Archive1/86/W1KG25386
/mnt/rs5Archive1/89/W1KG25389
/mnt/rs5Archive1/92/W1KG25392
/mnt/rs5Archive1/95/W1KG25395
/mnt/rs5Archive1/98/W1KG25398
/mnt/rs5Archive0/01/W1KG25401
/mnt/rs5Archive0/04/W1KG25404
/mnt/rs5Archive0/10/W1KG25410
/mnt/rs5Archive0/13/W1KG25413
/mnt/rs5Archive0/16/W1KG25416
/mnt/rs5Archive0/19/W1KG25419
/mnt/rs5Archive0/22/W1KG25422
/mnt/rs5Archive0/43/W1KG25443
/mnt/rs5Archive0/49/W1KG25449
/mnt/rs5Archive1/61/W1KG25461
/mnt/rs5Archive1/82/W1KG25482
/mnt/rs5Archive1/85/W1KG25485
/mnt/rs5Archive0/03/W1KG25503
/mnt/rs5Archive0/27/W1KG25527
/mnt/rs5Archive0/48/W1KG25548
/mnt/rs5Archive1/78/W1KG25578
/mnt/rs5Archive1/93/W1KG25593
/mnt/rs5Archive1/96/W1KG25596
/mnt/rs5Archive0/16/W1KG25716
/mnt/rs5Archive0/19/W1KG25719
/mnt/rs5Archive0/34/W1KG25734
/mnt/rs5Archive0/37/W1KG25737
/mnt/rs5Archive0/43/W1KG25743
/mnt/rs5Archive0/49/W1KG25749
/mnt/rs5Archive1/70/W1KG25770
/mnt/rs5Archive1/79/W1KG25779
/mnt/rs5Archive1/82/W1KG25782
/mnt/rs5Archive0/40/W1KG25840
/mnt/rs5Archive1/57/W1KG2757
/mnt/rs5Archive1/65/W1KG3365
/mnt/rs5Archive0/47/W1KG3847
/mnt/rs5Archive0/26/W1KG3926
/mnt/rs5Archive0/41/W1KG4241
/mnt/rs5Archive0/42/W1KG4242
/mnt/rs5Archive0/45/W1KG4245
/mnt/rs5Archive0/46/W1KG4246
/mnt/rs5Archive1/50/W1KG4250
/mnt/rs5Archive1/53/W1KG4253
/mnt/rs5Archive1/54/W1KG4254
/mnt/rs5Archive1/55/W1KG4255
/mnt/rs5Archive1/56/W1KG4256
/mnt/rs5Archive1/57/W1KG4257
/mnt/rs5Archive1/58/W1KG4258
/mnt/rs5Archive1/62/W1KG4262
/mnt/rs5Archive1/63/W1KG4263
/mnt/rs5Archive1/65/W1KG4265
/mnt/rs5Archive1/73/W1KG4273
/mnt/rs5Archive1/74/W1KG4274
/mnt/rs5Archive0/28/W1KG4328
/mnt/rs5Archive1/52/W1KG4852
/mnt/rs5Archive1/76/W1KG4876
/mnt/rs5Archive1/93/W1KG5093
/mnt/rs5Archive0/29/W1KG5129
/mnt/rs5Archive0/22/W1KG5422
/mnt/rs5Archive0/22/W1KG5422
/mnt/rs5Archive1/52/W1KG5452
/mnt/rs5Archive1/68/W1KG5468
/mnt/rs5Archive0/07/W1KG5507
/mnt/rs5Archive0/09/W1KG5609
/mnt/rs5Archive0/13/W1KG5613
/mnt/rs5Archive0/15/W1KG5615
/mnt/rs5Archive0/17/W1KG5617
/mnt/rs5Archive0/19/W1KG5619
/mnt/rs5Archive0/21/W1KG5621
/mnt/rs5Archive0/22/W1KG5622
/mnt/rs5Archive1/75/W1KG5775
/mnt/rs5Archive1/80/W1KG580
/mnt/rs5Archive0/08/W1KG5808
/mnt/rs5Archive0/42/W1KG5842
/mnt/rs5Archive1/57/W1KG5857
/mnt/rs5Archive1/59/W1KG5859
/mnt/rs5Archive1/66/W1KG5866
/mnt/rs5Archive1/68/W1KG5868
/mnt/rs5Archive1/71/W1KG5871
/mnt/rs5Archive1/72/W1KG5872
/mnt/rs5Archive1/75/W1KG5875
/mnt/rs5Archive1/76/W1KG5876
/mnt/rs5Archive1/79/W1KG5879
/mnt/rs5Archive0/30/W1KG5930
/mnt/rs5Archive0/45/W1KG5945
/mnt/rs5Archive1/62/W1KG5962
/mnt/rs5Archive1/67/W1KG5967
/mnt/rs5Archive1/87/W1KG5987
/mnt/rs5Archive1/91/W1KG5991
/mnt/rs5Archive0/14/W1KG6014
/mnt/rs5Archive1/51/W1KG6051
/mnt/rs5Archive1/55/W1KG6055
/mnt/rs5Archive1/56/W1KG6056
/mnt/rs5Archive1/68/W1KG6068
/mnt/rs5Archive1/76/W1KG6076
/mnt/rs5Archive1/76/W1KG6076
/mnt/rs5Archive0/49/W1KG6149
/mnt/rs5Archive1/69/W1KG6169
/mnt/rs5Archive0/47/W1KG6247
/mnt/rs5Archive0/48/W1KG6248
/mnt/rs5Archive0/49/W1KG6249
/mnt/rs5Archive1/54/W1KG6254
/mnt/rs5Archive1/56/W1KG6256
/mnt/rs5Archive1/98/W1KG6298
/mnt/rs5Archive0/46/W1KG6346
/mnt/rs5Archive0/47/W1KG6347
/mnt/rs5Archive1/96/W1KG8296
/mnt/rs5Archive1/99/W1KG8299
/mnt/rs5Archive0/13/W1KG8313
/mnt/rs5Archive0/16/W1KG8316
/mnt/rs5Archive0/17/W1KG8317
/mnt/rs5Archive0/19/W1KG8319
/mnt/rs5Archive0/20/W1KG8320
/mnt/rs5Archive0/27/W1KG8527
/mnt/rs5Archive0/29/W1KG8529
/mnt/rs5Archive0/31/W1KG8531
/mnt/rs5Archive0/32/W1KG8532
/mnt/rs5Archive0/33/W1KG8533
/mnt/rs5Archive0/36/W1KG8536
/mnt/rs5Archive1/79/W1KG8579
/mnt/rs5Archive1/80/W1KG8580
/mnt/rs5Archive1/83/W1KG8583
/mnt/rs5Archive1/84/W1KG8584
/mnt/rs5Archive1/85/W1KG8585
/mnt/rs5Archive1/86/W1KG8586
/mnt/rs5Archive0/24/W1KG8724
/mnt/rs5Archive0/25/W1KG8725
/mnt/rs5Archive0/23/W1KG8823
/mnt/rs5Archive1/96/W1KG8896
/mnt/rs5Archive0/15/W1KG9015
/mnt/rs5Archive0/28/W1KG9028
/mnt/rs5Archive0/29/W1KG9029
/mnt/rs5Archive0/30/W1KG9030
/mnt/rs5Archive0/31/W1KG9031
/mnt/rs5Archive0/32/W1KG9032
/mnt/rs5Archive0/33/W1KG9033
/mnt/rs5Archive0/34/W1KG9034
/mnt/rs5Archive0/35/W1KG9035
/mnt/rs5Archive0/36/W1KG9036
/mnt/rs5Archive0/37/W1KG9037
/mnt/rs5Archive0/38/W1KG9038
/mnt/rs5Archive0/39/W1KG9039
/mnt/rs5Archive0/40/W1KG9040
/mnt/rs5Archive1/87/W1KG9087
/mnt/rs5Archive1/88/W1KG9088
/mnt/rs5Archive1/90/W1KG9090
/mnt/rs5Archive1/70/W1KG91170
/mnt/rs5Archive0/22/W1KG9122
/mnt/rs5Archive0/23/W1KG9123
/mnt/rs5Archive1/74/W1KG9274
/mnt/rs5Archive0/07/W1KG9407
/mnt/rs5Archive0/09/W1KG9409
/mnt/rs5Archive0/12/W1KG9412
/mnt/rs5Archive1/53/W1KG9453
/mnt/rs5Archive1/61/W1KG9561
/mnt/rs5Archive1/63/W1KG9563
/mnt/rs5Archive0/08/W1KG9608
/mnt/rs5Archive1/71/W1KG9771
/mnt/rs5Archive1/72/W1KG9772
/mnt/rs5Archive1/88/W1KG9788
/mnt/rs5Archive0/01/W1KG9801
/mnt/rs5Archive0/27/W1KG9827
/mnt/rs5Archive1/98/W1PD104698
/mnt/rs5Archive0/32/W1PD104832
/mnt/rs5Archive1/52/W1PD105852
/mnt/rs5Archive0/42/W1PD107142
/mnt/rs5Archive1/52/W1PD107152
/mnt/rs5Archive0/37/W1PD107937
/mnt/rs5Archive1/85/W1PD108085
/mnt/rs5Archive1/87/W1PD108087
/mnt/rs5Archive1/54/W1PD108254
/mnt/rs5Archive0/11/W1PD137811
/mnt/rs5Archive1/82/W1PD137882
/mnt/rs5Archive0/36/W1PD153536
/mnt/rs5Archive0/37/W1PD153537
/mnt/rs5Archive0/15/W1PD159415
/mnt/rs5Archive1/57/W1PD177557
/mnt/rs5Archive1/52/W1PD177852
/mnt/rs5Archive0/10/W1PD181210
/mnt/rs5Archive1/57/W1PD53257
/mnt/rs5Archive1/65/W1PD83965
/mnt/rs5Archive1/77/W1PD83977
/mnt/rs5Archive1/77/W1PD88977
/mnt/rs5Archive1/83/W1PD88983
/mnt/rs5Archive1/84/W1PD88984
/mnt/rs5Archive1/96/W1PD88996
/mnt/rs5Archive0/24/W1PD89024
/mnt/rs5Archive1/51/W1PD89051
/mnt/rs5Archive1/84/W1PD89084
/mnt/rs5Archive0/29/W1PD90129
/mnt/rs5Archive0/04/W1PD90704
/mnt/rs5Archive0/27/W1PD95727
/mnt/rs5Archive1/87/W1PD95787
/mnt/rs5Archive0/02/W1PD95802
/mnt/rs5Archive0/05/W1PD95805
/mnt/rs5Archive0/07/W1PD95807
/mnt/rs5Archive0/08/W1PD95808
/mnt/rs5Archive0/09/W1PD95809
/mnt/rs5Archive0/10/W1PD95810
/mnt/rs5Archive0/11/W1PD95811
/mnt/rs5Archive0/12/W1PD95812
/mnt/rs5Archive0/13/W1PD95813
/mnt/rs5Archive0/14/W1PD95814
/mnt/rs5Archive0/15/W1PD95815
/mnt/rs5Archive0/48/W1PD96348
/mnt/rs5Archive1/97/W1PD96997
/mnt/rs5Archive1/85/W1PD97485
/mnt/rs5Archive0/15/W20015
/mnt/rs5Archive0/19/W20019
/mnt/rs5Archive0/26/W20026
/mnt/rs5Archive0/34/W20034
/mnt/rs5Archive0/36/W20036
/mnt/rs5Archive0/44/W20044
/mnt/rs5Archive1/63/W20063
/mnt/rs5Archive1/68/W20068
/mnt/rs5Archive1/75/W20075
/mnt/rs5Archive1/78/W20078
/mnt/rs5Archive1/82/W20082
/mnt/rs5Archive1/85/W20085
/mnt/rs5Archive1/88/W20088
/mnt/rs5Archive1/89/W20089
/mnt/rs5Archive1/92/W20092
/mnt/rs5Archive1/95/W20095
/mnt/rs5Archive0/03/W20103
/mnt/rs5Archive0/05/W20105
/mnt/rs5Archive0/06/W20106
/mnt/rs5Archive0/09/W20109
/mnt/rs5Archive0/14/W20114
/mnt/rs5Archive0/27/W20127
/mnt/rs5Archive0/29/W20129
/mnt/rs5Archive0/30/W20130
/mnt/rs5Archive0/31/W20131
/mnt/rs5Archive0/32/W20132
/mnt/rs5Archive0/34/W20134
/mnt/rs5Archive0/38/W20138
/mnt/rs5Archive0/49/W20149
/mnt/rs5Archive1/72/W20172
/mnt/rs5Archive1/79/W20179
/mnt/rs5Archive1/85/W20185
/mnt/rs5Archive1/89/W20189
/mnt/rs5Archive1/93/W20193
/mnt/rs5Archive1/94/W20194
/mnt/rs5Archive0/02/W20202
/mnt/rs5Archive0/15/W20215
/mnt/rs5Archive0/20/W20220
/mnt/rs5Archive0/21/W20221
/mnt/rs5Archive0/22/W20222
/mnt/rs5Archive0/25/W20225
/mnt/rs5Archive0/26/W20226
/mnt/rs5Archive0/27/W20227
/mnt/rs5Archive0/42/W20242
/mnt/rs5Archive0/44/W20244
/mnt/rs5Archive0/25/W20325
/mnt/rs5Archive1/87/W20387
/mnt/rs5Archive1/98/W20398
/mnt/rs5Archive1/99/W20399
/mnt/rs5Archive0/01/W20401
/mnt/rs5Archive0/02/W20402
/mnt/rs5Archive0/03/W20403
/mnt/rs5Archive0/04/W20404
/mnt/rs5Archive0/05/W20405
/mnt/rs5Archive0/07/W20407
/mnt/rs5Archive0/14/W20414
/mnt/rs5Archive0/42/W20442
/mnt/rs5Archive1/52/W20452
/mnt/rs5Archive1/55/W20455
/mnt/rs5Archive1/56/W20456
/mnt/rs5Archive1/59/W20459
/mnt/rs5Archive1/85/W20485
/mnt/rs5Archive0/10/W20510
/mnt/rs5Archive0/10/W20510
/mnt/rs5Archive0/28/W20528
/mnt/rs5Archive1/55/W20555
/mnt/rs5Archive1/64/W20564
/mnt/rs5Archive1/68/W20568
/mnt/rs5Archive1/74/W20574
/mnt/rs5Archive0/20/W20820
/mnt/rs5Archive0/21/W20821
/mnt/rs5Archive0/27/W20827
/mnt/rs5Archive0/30/W20830
/mnt/rs5Archive0/32/W20832
/mnt/rs5Archive1/52/W20852
/mnt/rs5Archive0/14/W20914
/mnt/rs5Archive1/95/W21295
/mnt/rs5Archive0/00/W21500
/mnt/rs5Archive0/08/W21508
/mnt/rs5Archive1/82/W21582
/mnt/rs5Archive1/92/W21592
/mnt/rs5Archive1/98/W21598
/mnt/rs5Archive1/99/W21599
/mnt/rs5Archive0/00/W21600
/mnt/rs5Archive0/01/W21601
/mnt/rs5Archive0/02/W21602
/mnt/rs5Archive0/09/W21609
/mnt/rs5Archive0/18/W21618
/mnt/rs5Archive0/19/W21619
/mnt/rs5Archive0/36/W21636
/mnt/rs5Archive1/56/W21656
/mnt/rs5Archive1/61/W21661
/mnt/rs5Archive1/74/W21674
/mnt/rs5Archive1/78/W21678
/mnt/rs5Archive1/82/W21682
/mnt/rs5Archive1/83/W21683
/mnt/rs5Archive1/86/W21686
/mnt/rs5Archive1/87/W21687
/mnt/rs5Archive1/94/W21694
/mnt/rs5Archive1/96/W21696
/mnt/rs5Archive1/99/W21699
/mnt/rs5Archive0/00/W21700
/mnt/rs5Archive0/07/W21707
/mnt/rs5Archive0/22/W21722
/mnt/rs5Archive0/44/W21744
/mnt/rs5Archive0/46/W21746
/mnt/rs5Archive1/50/W21750
/mnt/rs5Archive1/56/W21756
/mnt/rs5Archive1/62/W21762
/mnt/rs5Archive1/67/W21767
/mnt/rs5Archive1/68/W21768
/mnt/rs5Archive1/74/W21774
/mnt/rs5Archive1/82/W21782
/mnt/rs5Archive0/04/W21804
/mnt/rs5Archive0/09/W21809
/mnt/rs5Archive0/21/W21821
/mnt/rs5Archive0/27/W21827
/mnt/rs5Archive0/38/W21838
/mnt/rs5Archive0/46/W21846
/mnt/rs5Archive0/48/W21848
/mnt/rs5Archive0/49/W21849
/mnt/rs5Archive1/61/W21861
/mnt/rs5Archive1/64/W21864
/mnt/rs5Archive1/73/W21873
/mnt/rs5Archive1/75/W21875
/mnt/rs5Archive1/78/W21878
/mnt/rs5Archive1/79/W21879
/mnt/rs5Archive1/82/W21882
/mnt/rs5Archive1/84/W21884
/mnt/rs5Archive1/86/W21886
/mnt/rs5Archive1/89/W21889
/mnt/rs5Archive0/10/W21910
/mnt/rs5Archive0/12/W21912
/mnt/rs5Archive0/13/W21913
/mnt/rs5Archive0/15/W21915
/mnt/rs5Archive0/26/W21926
/mnt/rs5Archive0/34/W21934
/mnt/rs5Archive0/45/W21945
/mnt/rs5Archive1/64/W21964
/mnt/rs5Archive1/68/W21968
/mnt/rs5Archive1/71/W21971
/mnt/rs5Archive1/85/W21985
/mnt/rs5Archive1/87/W21987
/mnt/rs5Archive1/99/W21999
/mnt/rs5Archive0/08/W22008
/mnt/rs5Archive0/09/W22009
/mnt/rs5Archive0/13/W22013
/mnt/rs5Archive0/15/W22015
/mnt/rs5Archive0/17/W22017
/mnt/rs5Archive0/18/W22018
/mnt/rs5Archive0/23/W22023
/mnt/rs5Archive0/32/W22032
/mnt/rs5Archive0/33/W22033
/mnt/rs5Archive0/35/W22035
/mnt/rs5Archive0/38/W22038
/mnt/rs5Archive0/40/W22040
/mnt/rs5Archive0/41/W22041
/mnt/rs5Archive0/42/W22042
/mnt/rs5Archive0/44/W22044
/mnt/rs5Archive0/45/W22045
/mnt/rs5Archive1/51/W22051
/mnt/rs5Archive1/56/W22056
/mnt/rs5Archive1/62/W22062
/mnt/rs5Archive1/63/W22063
/mnt/rs5Archive1/64/W22064
/mnt/rs5Archive1/66/W22066
/mnt/rs5Archive1/67/W22067
/mnt/rs5Archive1/68/W22068
/mnt/rs5Archive1/69/W22069
/mnt/rs5Archive1/71/W22071
/mnt/rs5Archive1/72/W22072
/mnt/rs5Archive1/73/W22073
/mnt/rs5Archive1/76/W22076
/mnt/rs5Archive1/99/W22099
/mnt/rs5Archive0/02/W22102
/mnt/rs5Archive0/06/W22106
/mnt/rs5Archive0/49/W22149
/mnt/rs5Archive1/52/W22152
/mnt/rs5Archive1/59/W22159
/mnt/rs5Archive1/60/W22160
/mnt/rs5Archive1/63/W22163
/mnt/rs5Archive1/67/W22167
/mnt/rs5Archive1/77/W22177
/mnt/rs5Archive1/86/W22186
/mnt/rs5Archive1/88/W22188
/mnt/rs5Archive1/73/W22273
/mnt/rs5Archive1/80/W22280
/mnt/rs5Archive1/98/W22298
/mnt/rs5Archive0/04/W22704
/mnt/rs5Archive0/20/W22720
/mnt/rs5Archive0/14/W22914
/mnt/rs5Archive0/36/W22936
/mnt/rs5Archive1/60/W23160
/mnt/rs5Archive0/38/W23638
/mnt/rs5Archive1/63/W23663
/mnt/rs5Archive1/74/W23674
/mnt/rs5Archive1/88/W23888
/mnt/rs5Archive1/93/W23893
/mnt/rs5Archive1/97/W23897
/mnt/rs5Archive1/90/W24590
/mnt/rs5Archive0/24/W24824
/mnt/rs5Archive0/26/W24826
/mnt/rs5Archive0/27/W24827
/mnt/rs5Archive0/14/W25114
/mnt/rs5Archive0/15/W25115
/mnt/rs5Archive0/21/W25121
/mnt/rs5Archive0/25/W25125
/mnt/rs5Archive0/26/W25126
/mnt/rs5Archive0/43/W25143
/mnt/rs5Archive0/44/W25144
/mnt/rs5Archive1/97/W25197
/mnt/rs5Archive1/99/W25199
/mnt/rs5Archive0/43/W25243
/mnt/rs5Archive1/50/W25250
/mnt/rs5Archive1/69/W25269
/mnt/rs5Archive1/70/W25270
/mnt/rs5Archive0/05/W26005
/mnt/rs5Archive0/31/W26031
/mnt/rs5Archive1/83/W26183
/mnt/rs5Archive1/72/W26372
/mnt/rs5Archive1/63/W26963
/mnt/rs5Archive0/06/W27306
/mnt/rs5Archive1/98/W27498
/mnt/rs5Archive0/26/W27926
/mnt/rs5Archive1/64/W28064
/mnt/rs5Archive1/63/W28263
/mnt/rs5Archive0/31/W2831
/mnt/rs5Archive1/99/W28799
/mnt/rs5Archive0/09/W28809
/mnt/rs5Archive0/29/W28829
/mnt/rs5Archive0/31/W28831
/mnt/rs5Archive0/41/W28841
/mnt/rs5Archive0/47/W28847
/mnt/rs5Archive1/58/W28858
/mnt/rs5Archive1/60/W28860
/mnt/rs5Archive1/61/W28861
/mnt/rs5Archive1/83/W28883
/mnt/rs5Archive0/41/W28941
/mnt/rs5Archive0/49/W28949
/mnt/rs5Archive1/59/W28959
/mnt/rs5Archive1/64/W28964
/mnt/rs5Archive1/69/W28969
/mnt/rs5Archive1/70/W28970
/mnt/rs5Archive0/35/W29035
/mnt/rs5Archive1/92/W29092
/mnt/rs5Archive0/06/W29106
/mnt/rs5Archive0/44/W29144
/mnt/rs5Archive0/19/W29219
/mnt/rs5Archive0/34/W29234
/mnt/rs5Archive0/37/W29237
/mnt/rs5Archive0/38/W29238
/mnt/rs5Archive0/39/W29239
/mnt/rs5Archive0/40/W29240
/mnt/rs5Archive0/42/W29242
/mnt/rs5Archive0/44/W29244
/mnt/rs5Archive1/51/W29251
/mnt/rs5Archive1/63/W29263
/mnt/rs5Archive1/78/W29278
/mnt/rs5Archive1/98/W29298
/mnt/rs5Archive1/78/W29478
/mnt/rs5Archive1/88/W29488
/mnt/rs5Archive1/89/W29489
/mnt/rs5Archive1/93/W29493
/mnt/rs5Archive0/10/W29510
/mnt/rs5Archive0/13/W29513
/mnt/rs5Archive0/15/W29515
/mnt/rs5Archive0/20/W29520
/mnt/rs5Archive0/23/W29523
/mnt/rs5Archive1/64/W29564
/mnt/rs5Archive0/42/W29642
/mnt/rs5Archive0/46/W29646
/mnt/rs5Archive1/53/W29653
/mnt/rs5Archive1/55/W29655
/mnt/rs5Archive1/68/W29668
/mnt/rs5Archive1/87/W29987
/mnt/rs5Archive1/89/W29989
/mnt/rs5Archive1/93/W29993
/mnt/rs5Archive0/39/W2CZ10139
/mnt/rs5Archive0/41/W2CZ10141
/mnt/rs5Archive0/42/W2CZ10142
/mnt/rs5Archive0/41/W2CZ7841
/mnt/rs5Archive1/59/W2CZ7859
/mnt/rs5Archive1/62/W2CZ7862
/mnt/rs5Archive1/76/W2CZ7876
/mnt/rs5Archive1/77/W2CZ7877
/mnt/rs5Archive1/55/W2CZ7955
/mnt/rs5Archive1/58/W2CZ7958
/mnt/rs5Archive0/08/W2CZ8008
/mnt/rs5Archive0/15/W2CZ8015
/mnt/rs5Archive0/25/W2CZ8025
/mnt/rs5Archive0/32/W2CZ8032
/mnt/rs5Archive0/40/W2CZ8040
/mnt/rs5Archive0/41/W2CZ8041
/mnt/rs5Archive0/44/W2CZ8044
/mnt/rs5Archive0/46/W2CZ8046
/mnt/rs5Archive0/47/W2CZ8047
/mnt/rs5Archive1/50/W2CZ8050
/mnt/rs5Archive1/56/W2CZ8056
/mnt/rs5Archive1/57/W2CZ8057
/mnt/rs5Archive1/58/W2CZ8058
/mnt/rs5Archive1/96/W2CZ8096
/mnt/rs5Archive0/21/W2CZ9121
/mnt/rs5Archive0/31/W2CZ9131
/mnt/rs5Archive1/54/W2CZ9154
/mnt/rs5Archive1/88/W2DB4588
/mnt/rs5Archive1/78/W2DB5978
/mnt/rs5Archive1/77/W2KG1677
/mnt/rs5Archive1/63/W2KG763
/mnt/rs5Archive1/66/W2KG766
/mnt/rs5Archive1/68/W2KG768
/mnt/rs5Archive0/08/W2PD17608
/mnt/rs5Archive1/90/W2PD18390
/mnt/rs5Archive0/26/W30026
/mnt/rs5Archive0/37/W30037
/mnt/rs5Archive0/49/W30049
/mnt/rs5Archive1/50/W30050
/mnt/rs5Archive1/52/W30052
/mnt/rs5Archive1/58/W30058
/mnt/rs5Archive1/63/W30063
/mnt/rs5Archive1/66/W30066
/mnt/rs5Archive1/66/W30066
/mnt/rs5Archive1/70/W30070
/mnt/rs5Archive1/71/W30071
/mnt/rs5Archive1/72/W30072
/mnt/rs5Archive1/73/W30073
/mnt/rs5Archive1/76/W30076
/mnt/rs5Archive1/83/W30083
/mnt/rs5Archive1/84/W30084
/mnt/rs5Archive1/85/W30085
/mnt/rs5Archive1/87/W30087
/mnt/rs5Archive1/90/W30090
/mnt/rs5Archive1/92/W30092
/mnt/rs5Archive0/05/W30105
/mnt/rs5Archive0/06/W30106
/mnt/rs5Archive0/10/W30110
/mnt/rs5Archive0/14/W30114
/mnt/rs5Archive1/63/W30163
/mnt/rs5Archive1/78/W30278
/mnt/rs5Archive1/86/W30286
/mnt/rs5Archive0/19/W30319
/mnt/rs5Archive1/67/W30367
/mnt/rs5Archive1/88/W30388
/mnt/rs5Archive1/89/W30389
/mnt/rs5Archive1/91/W30391
/mnt/rs5Archive1/94/W30394
/mnt/rs5Archive1/95/W30395
/mnt/rs5Archive0/05/W30405
/mnt/rs5Archive0/08/W30408
/mnt/rs5Archive0/09/W30409
/mnt/rs5Archive0/10/W30410
/mnt/rs5Archive0/18/W30418
/mnt/rs5Archive0/19/W30419
/mnt/rs5Archive0/22/W30422
/mnt/rs5Archive0/34/W30434
/mnt/rs5Archive1/74/W30474
/mnt/rs5Archive1/75/W30475
/mnt/rs5Archive1/77/W30477
/mnt/rs5Archive1/78/W30478
/mnt/rs5Archive1/79/W30479
/mnt/rs5Archive1/80/W30480
/mnt/rs5Archive1/81/W30481
/mnt/rs5Archive1/82/W30482
/mnt/rs5Archive1/83/W30483
/mnt/rs5Archive1/84/W30484
/mnt/rs5Archive1/95/W30495
/mnt/rs5Archive1/96/W30496
/mnt/rs5Archive0/16/W30516
/mnt/rs5Archive0/23/W30523
/mnt/rs5Archive0/25/W30525
/mnt/rs5Archive0/27/W30527
/mnt/rs5Archive0/28/W30528
/mnt/rs5Archive0/35/W30535
/mnt/rs5Archive0/37/W30537
/mnt/rs5Archive1/98/W3CN2098
/mnt/rs5Archive0/01/W3CN2101
/mnt/rs5Archive0/04/W3CN2104
/mnt/rs5Archive1/97/W3CN2397
/mnt/rs5Archive1/60/W3CN2460
/mnt/rs5Archive1/86/W3CN2886
/mnt/rs5Archive0/14/W3CN3014
/mnt/rs5Archive0/00/W3CN3400
/mnt/rs5Archive0/27/W3CN4927
/mnt/rs5Archive0/11/W3CN5111
/mnt/rs5Archive1/77/W3CN5177
/mnt/rs5Archive1/80/W3CN5180
/mnt/rs5Archive1/95/W3CN5195
/mnt/rs5Archive0/10/W3CN5210
/mnt/rs5Archive0/16/W3CN5216
/mnt/rs5Archive1/52/W3CN5252
/mnt/rs5Archive1/58/W3CN5258
/mnt/rs5Archive1/85/W3CN5285
/mnt/rs5Archive0/15/W3CN5315
/mnt/rs5Archive1/84/W3CN5384
/mnt/rs5Archive1/84/W3CN5484
/mnt/rs5Archive1/87/W3CN5487
/mnt/rs5Archive0/18/W3CN5618
/mnt/rs5Archive1/86/W3CN6386
/mnt/rs5Archive0/31/W3CN6531
/mnt/rs5Archive1/91/W3CN6591
/mnt/rs5Archive0/12/W3CN6612
/mnt/rs5Archive0/18/W3CN6618
/mnt/rs5Archive1/88/W3CN6688
/mnt/rs5Archive1/94/W3CN6694
/mnt/rs5Archive0/25/W3CN6825
/mnt/rs5Archive0/31/W3CN6831
/mnt/rs5Archive0/37/W3CN6837
/mnt/rs5Archive0/40/W3CN6840
/mnt/rs5Archive0/46/W3CN6846
/mnt/rs5Archive0/49/W3CN6849
/mnt/rs5Archive1/52/W3CN6852
/mnt/rs5Archive1/82/W3CN6882
/mnt/rs5Archive0/03/W3CN6903
/mnt/rs5Archive1/73/W3CN6973
/mnt/rs5Archive0/04/W3CN7904
/mnt/rs5Archive0/10/W3CN7910
/mnt/rs5Archive1/94/W3CN7994
/mnt/rs5Archive0/03/W3CN8003
/mnt/rs5Archive0/24/W3CN8024
/mnt/rs5Archive1/84/W3CN8084
/mnt/rs5Archive1/87/W3CN8087
/mnt/rs5Archive1/61/W3MS261
/mnt/rs5Archive0/38/W3MS838
/mnt/rs5Archive1/56/W3MS856
/mnt/rs5Archive1/78/W3MS878
/mnt/rs5Archive1/88/W3MS88
/mnt/rs5Archive0/03/W3PD403
/mnt/rs5Archive1/86/W486
/mnt/rs5Archive1/96/W4996
/mnt/rs5Archive0/21/W4CZ1021
/mnt/rs5Archive0/22/W4CZ1022
/mnt/rs5Archive0/42/W4CZ1042
/mnt/rs5Archive0/44/W4CZ1044
/mnt/rs5Archive0/07/W4CZ1107
/mnt/rs5Archive1/87/W4CZ1687
/mnt/rs5Archive0/21/W4CZ1721
/mnt/rs5Archive1/93/W4CZ2193
/mnt/rs5Archive0/15/W4CZ24515
/mnt/rs5Archive0/32/W4CZ2732
/mnt/rs5Archive0/02/W4CZ30702
/mnt/rs5Archive0/21/W4CZ31321
/mnt/rs5Archive1/61/W4CZ34261
/mnt/rs5Archive0/30/W4CZ57130
/mnt/rs5Archive0/48/W4CZ57648
/mnt/rs5Archive0/12/W4CZ58512
/mnt/rs5Archive1/74/W4CZ62374
/mnt/rs5Archive0/45/W4CZ7445
/mnt/rs5Archive1/71/W7371
/mnt/rs5Archive0/41/W741
/mnt/rs5Archive0/45/W7445
/mnt/rs5Archive1/55/W7555
/mnt/rs5Archive0/48/W8248
/mnt/rs5Archive1/61/W861
/mnt/rs5Archive0/23/W8723
/mnt/rs5Archive1/80/W8880
/mnt/rs5Archive0/12/W8LS15812
/mnt/rs5Archive1/59/W8LS16559
/mnt/rs5Archive1/93/W8LS16693
/mnt/rs5Archive0/14/W8LS16714
/mnt/rs5Archive0/26/W8LS16726
/mnt/rs5Archive1/81/W8LS16781
/mnt/rs5Archive1/84/W8LS16784
/mnt/rs5Archive1/93/W8LS16793
/mnt/rs5Archive0/10/W8LS16810
/mnt/rs5Archive1/55/W8LS16855
/mnt/rs5Archive1/95/W8LS17095
/mnt/rs5Archive1/81/W8LS17281
/mnt/rs5Archive0/43/W8LS17743
/mnt/rs5Archive0/41/W8LS17841
/mnt/rs5Archive0/02/W8LS18002
/mnt/rs5Archive1/94/W8LS18094
/mnt/rs5Archive0/46/W8LS18146
/mnt/rs5Archive0/47/W8LS18147
/mnt/rs5Archive0/48/W8LS18148
/mnt/rs5Archive0/49/W8LS18149
/mnt/rs5Archive0/05/W8LS20005
/mnt/rs5Archive1/60/W8LS20060
/mnt/rs5Archive1/71/W8LS20171
/mnt/rs5Archive1/77/W8LS20177
/mnt/rs5Archive0/16/W8LS20216
/mnt/rs5Archive0/33/W8LS20433
/mnt/rs5Archive1/54/W8LS20454
/mnt/rs5Archive1/92/W8LS20492
/mnt/rs5Archive0/04/W8LS20504
/mnt/rs5Archive0/07/W8LS20507
/mnt/rs5Archive0/10/W8LS20510
/mnt/rs5Archive0/13/W8LS20513
/mnt/rs5Archive0/31/W8LS20531
/mnt/rs5Archive0/34/W8LS20534
/mnt/rs5Archive0/37/W8LS20537
/mnt/rs5Archive0/40/W8LS20540
/mnt/rs5Archive0/43/W8LS20543
/mnt/rs5Archive0/46/W8LS20546
/mnt/rs5Archive0/49/W8LS20549
/mnt/rs5Archive1/52/W8LS20552
/mnt/rs5Archive1/55/W8LS20555
/mnt/rs5Archive1/58/W8LS20558
/mnt/rs5Archive1/73/W8LS20573
/mnt/rs5Archive1/79/W8LS20579
/mnt/rs5Archive1/72/W8LS41972
/mnt/rs5Archive1/56/W8LS43856
/mnt/rs5Archive0/14/W914
/mnt/rs5Archive0/40/W9140
/mnt/rs5Archive0/42/W942
