bdrc-W00EGS1016969
bdrc-W00EGS1016969
bdrc-W00EGS1016969
bdrc-W00KG03658
bdrc-W00KG03658
bdrc-W00KG03658
bdrc-W00KG03794
bdrc-W00KG03794
bdrc-W00KG03794
bdrc-W10206
bdrc-W10206
bdrc-W10206
bdrc-W16515
bdrc-W1AC354
bdrc-W1AC361
bdrc-W1AC361
bdrc-W1AC361
bdrc-W1AC413
bdrc-W1AC413
bdrc-W1AC413
bdrc-W1FPL1033
bdrc-W1FPL1063
bdrc-W1FPL159
bdrc-W1FPL360
bdrc-W1FPL393
bdrc-W1FPL741
bdrc-W1GS139873
bdrc-W1KG10687
bdrc-W1KG10687
bdrc-W1KG13989
bdrc-W1KG14
bdrc-W1KG14
bdrc-W1KG14
bdrc-W1KG14303
bdrc-W1KG14303
bdrc-W1KG14350
bdrc-W1KG14534
bdrc-W1KG14589
bdrc-W1KG14607
bdrc-W1KG14667
bdrc-W1KG14667
bdrc-W1KG14667
bdrc-W1KG14743
bdrc-W1KG14743
bdrc-W1KG14743
bdrc-W1KG14783
bdrc-W1KG14783
bdrc-W1KG16154
bdrc-W1KG16154
bdrc-W1KG16203
bdrc-W1KG16203
bdrc-W1KG16203
bdrc-W1KG16205
bdrc-W1KG16205
bdrc-W1KG16212
bdrc-W1KG16212
bdrc-W1KG16212
bdrc-W1KG16590
bdrc-W1KG16590
bdrc-W1KG16720
bdrc-W1KG17329
bdrc-W1KG17426
bdrc-W1KG17448
bdrc-W1KG17448
bdrc-W1KG18564
bdrc-W1KG23086
bdrc-W1KG23086
bdrc-W1KG23520
bdrc-W1KG23538
bdrc-W1KG23538
bdrc-W1KG23717
bdrc-W1KG23764
bdrc-W1KG23764
bdrc-W1KG24470
bdrc-W1KG25365
bdrc-W1KG25380
bdrc-W1KG25398
bdrc-W1KG25404
bdrc-W1KG25527
bdrc-W1KG25527
bdrc-W1KG25737
bdrc-W1KG25840
bdrc-W1KG25840
bdrc-W1KG3365
bdrc-W1KG4241
bdrc-W1KG4241
bdrc-W1KG4245
bdrc-W1KG4245
bdrc-W1KG4274
bdrc-W1KG4274
bdrc-W1KG4852
bdrc-W1KG5422
bdrc-W1KG5609
bdrc-W1KG5609
bdrc-W1KG5613
bdrc-W1KG5613
bdrc-W1KG5615
bdrc-W1KG5617
bdrc-W1KG5619
bdrc-W1KG5621
bdrc-W1KG5621
bdrc-W1KG5621
bdrc-W1KG5622
bdrc-W1KG5945
bdrc-W1KG5945
bdrc-W1KG5945
bdrc-W1KG6076
bdrc-W1KG6076
bdrc-W1KG8579
bdrc-W1KG8583
bdrc-W1KG8583
bdrc-W1KG8724
bdrc-W1KG8896
bdrc-W1KG8896
bdrc-W1KG9090
bdrc-W1KG9409
bdrc-W1KG9561
bdrc-W1KG9563
bdrc-W1KG9563
bdrc-W1PD105852
bdrc-W1PD105852
bdrc-W1PD105852
bdrc-W1PD107937
bdrc-W1PD107937
bdrc-W1PD107937
bdrc-W1PD153536
bdrc-W1PD153536
bdrc-W1PD153537
bdrc-W1PD153537
bdrc-W1PD177852
bdrc-W1PD177852
bdrc-W1PD177852
bdrc-W1PD88996
bdrc-W1PD88996
bdrc-W1PD89051
bdrc-W1PD89051
bdrc-W1PD89051
bdrc-W1PD89084
bdrc-W1PD89084
bdrc-W1PD90129
bdrc-W1PD90129
bdrc-W1PD90129
bdrc-W1PD90704
bdrc-W1PD90704
bdrc-W1PD90704
bdrc-W1PD95727
bdrc-W1PD97485
bdrc-W1PD97485
bdrc-W20068
bdrc-W20068
bdrc-W20109
bdrc-W20109
bdrc-W20132
bdrc-W20132
bdrc-W20185
bdrc-W20185
bdrc-W20222
bdrc-W20222
bdrc-W20242
bdrc-W20242
bdrc-W20387
bdrc-W20387
bdrc-W20407
bdrc-W20407
bdrc-W20414
bdrc-W20414
bdrc-W20452
bdrc-W20452
bdrc-W20510
bdrc-W20510
bdrc-W20555
bdrc-W20555
bdrc-W20820
bdrc-W20820
bdrc-W20820
bdrc-W20830
bdrc-W20830
bdrc-W20830
bdrc-W20832
bdrc-W20832
bdrc-W20852
bdrc-W20852
bdrc-W20914
bdrc-W20914
bdrc-W20914
bdrc-W21295
bdrc-W21508
bdrc-W21592
bdrc-W21592
bdrc-W21609
bdrc-W21609
bdrc-W21609
bdrc-W21619
bdrc-W21619
bdrc-W21678
bdrc-W21678
bdrc-W21696
bdrc-W21696
bdrc-W21750
bdrc-W21750
bdrc-W21809
bdrc-W21809
bdrc-W21809
bdrc-W21878
bdrc-W21878
bdrc-W21912
bdrc-W21912
bdrc-W21968
bdrc-W21968
bdrc-W21968
bdrc-W21999
bdrc-W21999
bdrc-W22009
bdrc-W22009
bdrc-W22045
bdrc-W22045
bdrc-W22106
bdrc-W22186
bdrc-W22273
bdrc-W22704
bdrc-W22936
bdrc-W23160
bdrc-W23893
bdrc-W23897
bdrc-W23897
bdrc-W24590
bdrc-W24590
bdrc-W25243
bdrc-W25243
bdrc-W25250
bdrc-W25250
bdrc-W26031
bdrc-W26031
bdrc-W26183
bdrc-W26183
bdrc-W27306
bdrc-W27306
bdrc-W27498
bdrc-W27498
bdrc-W27926
bdrc-W27926
bdrc-W28809
bdrc-W28809
bdrc-W28809
bdrc-W28829
bdrc-W28829
bdrc-W28831
bdrc-W28831
bdrc-W28847
bdrc-W28847
bdrc-W28858
bdrc-W28858
bdrc-W28860
bdrc-W28860
bdrc-W28861
bdrc-W28861
bdrc-W28883
bdrc-W28883
bdrc-W28941
bdrc-W28941
bdrc-W28959
bdrc-W28959
bdrc-W28964
bdrc-W28964
bdrc-W28970
bdrc-W28970
bdrc-W28970
bdrc-W29035
bdrc-W29092
bdrc-W29092
bdrc-W29234
bdrc-W29234
bdrc-W29237
bdrc-W29237
bdrc-W29237
bdrc-W29238
bdrc-W29238
bdrc-W29238
bdrc-W29239
bdrc-W29239
bdrc-W29240
bdrc-W29240
bdrc-W29298
bdrc-W29298
bdrc-W29478
bdrc-W29478
bdrc-W29493
bdrc-W29493
bdrc-W29513
bdrc-W29513
bdrc-W29668
bdrc-W2CZ7862
bdrc-W2CZ7955
bdrc-W2CZ7958
bdrc-W2CZ7958
bdrc-W2CZ8047
bdrc-W2CZ8047
bdrc-W2CZ8096
bdrc-W2PD17608
bdrc-W2PD17608
bdrc-W2PD18390
bdrc-W2PD18390
bdrc-W30052
bdrc-W30052
bdrc-W30070
bdrc-W30070
bdrc-W30071
bdrc-W30071
bdrc-W30072
bdrc-W30072
bdrc-W30076
bdrc-W30076
bdrc-W30083
bdrc-W30083
bdrc-W30084
bdrc-W30084
bdrc-W30087
bdrc-W30087
bdrc-W30090
bdrc-W30090
bdrc-W30105
bdrc-W30105
bdrc-W30319
bdrc-W30319
bdrc-W30394
bdrc-W30394
bdrc-W30395
bdrc-W30405
bdrc-W30405
bdrc-W30405
bdrc-W30410
bdrc-W30535
bdrc-W30537
bdrc-W30537
bdrc-W3CN2098
bdrc-W3CN2101
bdrc-W3CN2104
bdrc-W3CN2460
bdrc-W3CN5111
bdrc-W3CN5111
bdrc-W3CN5195
bdrc-W3CN5195
bdrc-W3CN5285
bdrc-W3CN5285
bdrc-W3CN6386
bdrc-W3CN6386
bdrc-W3CN6531
bdrc-W3CN6591
bdrc-W3CN6612
bdrc-W3CN6612
bdrc-W3CN6825
bdrc-W3CN6837
bdrc-W3CN6840
bdrc-W3CN6846
bdrc-W3CN6882
bdrc-W3CN6903
bdrc-W3CN6973
bdrc-W3MS878
bdrc-W3PD403
bdrc-W3PD403
bdrc-W486
bdrc-W486
bdrc-W4CZ1042
bdrc-W4CZ1721
bdrc-W4CZ57648
bdrc-W4CZ57648
bdrc-W4CZ58512
bdrc-W4CZ62374
bdrc-W4CZ62374
bdrc-W4CZ62374
bdrc-W4CZ7445
bdrc-W741
bdrc-W741
bdrc-W861
bdrc-W8723
bdrc-W8LS17095
bdrc-W8LS17841
bdrc-W8LS17841
bdrc-W8LS17841
bdrc-W8LS18002
bdrc-W8LS18002
bdrc-W8LS20454
bdrc-W8LS20454
bdrc-W8LS20510
bdrc-W8LS20513
bdrc-W8LS20531
bdrc-W8LS20534
bdrc-W8LS20537
bdrc-W8LS20540
bdrc-W8LS20543
bdrc-W8LS20546
bdrc-W8LS20549
bdrc-W8LS41972
bdrc-W8LS41972
bdrc-W8LS41972
bdrc-W9140
items in buddhist-digital-resource-center-restricted that should not be:
items in geo_restricted that should not be:
items in inlibrary that should not be:
items not in buddhist-digital-resource-center-restricted that should be:
items not in geo_restricted that should be:
items not in inlibrary that should be:
listed items that should be unlisted:
unlisted items that should be listed:
