W00EGS1016962
W00EGS1016969
W00EGS1017093
W00EGS1017419
W00EGS1017555
W00KG015
W00KG03
W00KG03604
W00KG0547
W00KG0618
W00KG0620
W00KG07
W00KG08443
W10206
W10431
W12164
W13887
W14133
W14425
W148
W15222
W15915
W16079
W16484
W16515
W17165
W17166
W18123
W18127
W18598
W18619
W19617
W19639
W19643
W19657
W19678
W19680
W19684
W19825
W19841
W19848
W19849
W19956
W19962
W19976
W19981
W19994
W1AB2
W1AB5
W1AC354
W1AC361
W1AC413
W1FPL1033
W1FPL1063
W1FPL159
W1FPL360
W1FPL393
W1FPL741
W1GS139873
W1GS140301
W1GS54156
W1KG10030
W1KG10137
W1KG10155
W1KG10193
W1KG10237
W1KG10241
W1KG10250
W1KG10253
W1KG10281
W1KG10294
W1KG10421
W1KG10436
W1KG10549
W1KG10590
W1KG10630
W1KG10631
W1KG10687
W1KG10739
W1KG10749
W1KG10766
W1KG10770
W1KG10778
W1KG10787
W1KG11691
W1KG11704
W1KG11733
W1KG11781
W1KG11797
W1KG11882
W1KG11923
W1KG11965
W1KG12059
W1KG12060
W1KG12061
W1KG12070
W1KG12153
W1KG12160
W1KG12177
W1KG12204
W1KG12218
W1KG12302
W1KG12303
W1KG12304
W1KG12305
W1KG12306
W1KG12338
W1KG12370
W1KG12420
W1KG12422
W1KG12423
W1KG12425
W1KG12540
W1KG12589
W1KG12626
W1KG12629
W1KG12660
W1KG12664
W1KG12665
W1KG12713
W1KG12777
W1KG12789
W1KG12962
W1KG12972
W1KG12977
W1KG12979
W1KG12980
W1KG13022
W1KG13102
W1KG13106
W1KG13107
W1KG13108
W1KG13109
W1KG13110
W1KG13111
W1KG13112
W1KG13113
W1KG13114
W1KG13116
W1KG13117
W1KG13118
W1KG13119
W1KG13120
W1KG13121
W1KG13166
W1KG13431
W1KG13432
W1KG13604
W1KG13605
W1KG13683
W1KG13686
W1KG13697
W1KG13698
W1KG13703
W1KG13795
W1KG13840
W1KG13989
W1KG14
W1KG14335
W1KG14410
W1KG14455
W1KG14456
W1KG14457
W1KG14458
W1KG14465
W1KG14466
W1KG14467
W1KG14468
W1KG14469
W1KG14470
W1KG14493
W1KG14517
W1KG14555
W1KG14679
W1KG14680
W1KG14682
W1KG14689
W1KG14780
W1KG14781
W1KG14784
W1KG14786
W1KG14787
W1KG14788
W1KG14790
W1KG14793
W1KG14795
W1KG14796
W1KG14797
W1KG14799
W1KG14800
W1KG14815
W1KG14955
W1KG14967
W1KG14969
W1KG14970
W1KG14982
W1KG14992
W1KG14998
W1KG15036
W1KG15037
W1KG15238
W1KG15241
W1KG15364
W1KG15365
W1KG15366
W1KG15408
W1KG15446
W1KG15453
W1KG15459
W1KG15463
W1KG15464
W1KG15471
W1KG15516
W1KG15517
W1KG15518
W1KG15933
W1KG15934
W1KG15935
W1KG15962
W1KG15974
W1KG16152
W1KG16154
W1KG16203
W1KG16205
W1KG16207
W1KG16208
W1KG16212
W1KG16213
W1KG16214
W1KG16216
W1KG16278
W1KG16464
W1KG16590
W1KG16599
W1KG16600
W1KG16601
W1KG16602
W1KG16603
W1KG16604
W1KG16605
W1KG16606
W1KG16607
W1KG16608
W1KG16609
W1KG16610
W1KG16611
W1KG16612
W1KG16613
W1KG16720
W1KG16726
W1KG16728
W1KG16730
W1KG16731
W1KG16734
W1KG16738
W1KG16741
W1KG16742
W1KG16744
W1KG16745
W1KG16754
W1KG16760
W1KG16786
W1KG16787
W1KG16788
W1KG16789
W1KG16790
W1KG16791
W1KG16793
W1KG16794
W1KG16795
W1KG16796
W1KG16797
W1KG16798
W1KG16799
W1KG16800
W1KG16801
W1KG16802
W1KG16803
W1KG16805
W1KG16806
W1KG16917
W1KG16928
W1KG16945
W1KG16950
W1KG16951
W1KG17022
W1KG17023
W1KG17024
W1KG17025
W1KG17057
W1KG17112
W1KG17130
W1KG17152
W1KG17157
W1KG17175
W1KG17177
W1KG17180
W1KG17280
W1KG17281
W1KG17282
W1KG17329
W1KG17418
W1KG17419
W1KG17420
W1KG17421
W1KG17426
W1KG17446
W1KG17448
W1KG17454
W1KG17456
W1KG17603
W1KG18068
W1KG18131
W1KG18134
W1KG18139
W1KG18185
W1KG18187
W1KG18239
W1KG18292
W1KG18326
W1KG18407
W1KG18518
W1KG18530
W1KG18532
W1KG18533
W1KG18534
W1KG18535
W1KG18537
W1KG18564
W1KG18586
W1KG18758
W1KG18759
W1KG18764
W1KG18765
W1KG18838
W1KG19100
W1KG19402
W1KG20637
W1KG20638
W1KG20639
W1KG20783
W1KG20785
W1KG20874
W1KG20875
W1KG20879
W1KG20929
W1KG20930
W1KG20931
W1KG20956
W1KG20957
W1KG20998
W1KG20999
W1KG21000
W1KG21012
W1KG21013
W1KG21016
W1KG21020
W1KG21089
W1KG21090
W1KG2171
W1KG22150
W1KG22580
W1KG22691
W1KG22903
W1KG22904
W1KG22905
W1KG22906
W1KG22908
W1KG22909
W1KG22943
W1KG22946
W1KG22949
W1KG22950
W1KG22951
W1KG22986
W1KG22987
W1KG22988
W1KG22990
W1KG22991
W1KG23020
W1KG23085
W1KG23086
W1KG23087
W1KG23091
W1KG23131
W1KG23520
W1KG23538
W1KG23717
W1KG23764
W1KG24470
W1KG25089
W1KG25135
W1KG25162
W1KG25183
W1KG25353
W1KG25362
W1KG25365
W1KG25371
W1KG25377
W1KG25380
W1KG25383
W1KG25386
W1KG25389
W1KG25392
W1KG25395
W1KG25398
W1KG25401
W1KG25404
W1KG25410
W1KG25413
W1KG25416
W1KG25419
W1KG25422
W1KG25443
W1KG25449
W1KG25461
W1KG25482
W1KG25485
W1KG25503
W1KG25527
W1KG25548
W1KG25578
W1KG25593
W1KG25596
W1KG25716
W1KG25719
W1KG25734
W1KG25737
W1KG25743
W1KG25749
W1KG25770
W1KG25779
W1KG25782
W1KG25840
W1KG2757
W1KG3365
W1KG3847
W1KG3926
W1KG4241
W1KG4242
W1KG4245
W1KG4246
W1KG4250
W1KG4253
W1KG4254
W1KG4255
W1KG4256
W1KG4257
W1KG4258
W1KG4262
W1KG4263
W1KG4265
W1KG4273
W1KG4274
W1KG4328
W1KG4852
W1KG4876
W1KG5093
W1KG5129
W1KG5422
W1KG5452
W1KG5468
W1KG5507
W1KG5609
W1KG5613
W1KG5615
W1KG5617
W1KG5619
W1KG5621
W1KG5622
W1KG5775
W1KG580
W1KG5808
W1KG5842
W1KG5857
W1KG5859
W1KG5866
W1KG5868
W1KG5871
W1KG5872
W1KG5875
W1KG5876
W1KG5879
W1KG5930
W1KG5945
W1KG5962
W1KG5967
W1KG5987
W1KG5991
W1KG6014
W1KG6051
W1KG6055
W1KG6056
W1KG6068
W1KG6076
W1KG6149
W1KG6169
W1KG6247
W1KG6248
W1KG6249
W1KG6254
W1KG6256
W1KG6298
W1KG6346
W1KG6347
W1KG8296
W1KG8299
W1KG8313
W1KG8316
W1KG8317
W1KG8319
W1KG8320
W1KG8527
W1KG8529
W1KG8531
W1KG8532
W1KG8533
W1KG8536
W1KG8579
W1KG8580
W1KG8583
W1KG8584
W1KG8585
W1KG8586
W1KG8724
W1KG8725
W1KG8823
W1KG8896
W1KG9015
W1KG9028
W1KG9029
W1KG9030
W1KG9031
W1KG9032
W1KG9033
W1KG9034
W1KG9035
W1KG9036
W1KG9037
W1KG9038
W1KG9039
W1KG9040
W1KG9087
W1KG9088
W1KG9090
W1KG91170
W1KG9122
W1KG9123
W1KG9274
W1KG9407
W1KG9409
W1KG9412
W1KG9453
W1KG9561
W1KG9563
W1KG9608
W1KG9771
W1KG9772
W1KG9788
W1KG9801
W1KG9827
W1PD104698
W1PD104832
W1PD105852
W1PD107142
W1PD107152
W1PD107937
W1PD108085
W1PD108087
W1PD108254
W1PD137811
W1PD137882
W1PD153536
W1PD153537
W1PD159415
W1PD177557
W1PD177852
W1PD181210
W1PD53257
W1PD83965
W1PD83977
W1PD88977
W1PD88983
W1PD88984
W1PD88996
W1PD89024
W1PD89051
W1PD89084
W1PD90129
W1PD90704
W1PD95727
W1PD95787
W1PD95802
W1PD95805
W1PD95807
W1PD95808
W1PD95809
W1PD95810
W1PD95811
W1PD95812
W1PD95813
W1PD95814
W1PD95815
W1PD96348
W1PD96997
W1PD97485
W20015
W20019
W20026
W20034
W20036
W20044
W20063
W20068
W20075
W20078
W20082
W20085
W20088
W20089
W20092
W20095
W20103
W20105
W20106
W20109
W20114
W20127
W20129
W20130
W20131
W20132
W20134
W20138
W20149
W20172
W20179
W20185
W20189
W20193
W20194
W20202
W20215
W20220
W20221
W20222
W20225
W20226
W20227
W20242
W20244
W20325
W20387
W20398
W20399
W20401
W20402
W20403
W20404
W20405
W20407
W20414
W20442
W20452
W20455
W20456
W20459
W20485
W20510
W20528
W20555
W20564
W20568
W20574
W20820
W20821
W20827
W20830
W20832
W20852
W20914
W21295
W21500
W21508
W21582
W21592
W21598
W21599
W21600
W21601
W21602
W21609
W21618
W21619
W21636
W21656
W21661
W21674
W21678
W21682
W21683
W21686
W21687
W21694
W21696
W21699
W21700
W21707
W21722
W21744
W21746
W21750
W21756
W21762
W21767
W21768
W21774
W21782
W21804
W21809
W21821
W21827
W21838
W21846
W21848
W21849
W21861
W21864
W21873
W21875
W21878
W21879
W21882
W21884
W21886
W21889
W21910
W21912
W21913
W21915
W21926
W21934
W21945
W21964
W21968
W21971
W21985
W21987
W21999
W22008
W22009
W22013
W22015
W22017
W22018
W22023
W22032
W22033
W22035
W22038
W22040
W22041
W22042
W22044
W22045
W22051
W22056
W22062
W22063
W22064
W22066
W22067
W22068
W22069
W22071
W22072
W22073
W22076
W22099
W22102
W22106
W22149
W22152
W22159
W22160
W22163
W22167
W22177
W22186
W22188
W22273
W22280
W22298
W22704
W22720
W22914
W22936
W23160
W23638
W23663
W23674
W23888
W23893
W23897
W24590
W24824
W24826
W24827
W25114
W25115
W25121
W25125
W25126
W25143
W25144
W25197
W25199
W25243
W25250
W25269
W25270
W26005
W26031
W26183
W26372
W26963
W27306
W27498
W27926
W28064
W28263
W2831
W28799
W28809
W28829
W28831
W28841
W28847
W28858
W28860
W28861
W28883
W28941
W28949
W28959
W28964
W28969
W28970
W29035
W29092
W29106
W29144
W29219
W29234
W29237
W29238
W29239
W29240
W29242
W29244
W29251
W29263
W29278
W29298
W29478
W29488
W29489
W29493
W29510
W29513
W29515
W29520
W29523
W29564
W29642
W29646
W29653
W29655
W29668
W29987
W29989
W29993
W2CZ10139
W2CZ10141
W2CZ10142
W2CZ7841
W2CZ7859
W2CZ7862
W2CZ7876
W2CZ7877
W2CZ7955
W2CZ7958
W2CZ8008
W2CZ8015
W2CZ8025
W2CZ8032
W2CZ8040
W2CZ8041
W2CZ8044
W2CZ8046
W2CZ8047
W2CZ8050
W2CZ8056
W2CZ8057
W2CZ8058
W2CZ8096
W2CZ9121
W2CZ9131
W2CZ9154
W2DB4588
W2DB5978
W2KG1677
W2KG230201
W2KG763
W2KG766
W2KG768
W2PD17608
W2PD18390
W30026
W30037
W30049
W30050
W30052
W30058
W30063
W30066
W30070
W30071
W30072
W30073
W30076
W30083
W30084
W30085
W30087
W30090
W30092
W30105
W30106
W30110
W30114
W30163
W30278
W30286
W30319
W30367
W30388
W30389
W30391
W30394
W30395
W30405
W30408
W30409
W30410
W30418
W30419
W30422
W30434
W30474
W30475
W30477
W30478
W30479
W30480
W30481
W30482
W30483
W30484
W30495
W30496
W30516
W30523
W30525
W30527
W30528
W30535
W30537
W3CN12981
W3CN2098
W3CN2101
W3CN2104
W3CN2397
W3CN2460
W3CN2886
W3CN3014
W3CN3400
W3CN4927
W3CN5111
W3CN5177
W3CN5180
W3CN5195
W3CN5210
W3CN5216
W3CN5252
W3CN5258
W3CN5285
W3CN5315
W3CN5384
W3CN5484
W3CN5487
W3CN5618
W3CN6386
W3CN6531
W3CN6591
W3CN6612
W3CN6618
W3CN6688
W3CN6694
W3CN6825
W3CN6831
W3CN6837
W3CN6840
W3CN6846
W3CN6849
W3CN6852
W3CN6882
W3CN6903
W3CN6973
W3CN7904
W3CN7910
W3CN7994
W3CN8003
W3CN8024
W3CN8084
W3CN8087
W3MS261
W3MS838
W3MS856
W3MS878
W3MS88
W3PD403
W486
W4996
W4CZ1021
W4CZ1022
W4CZ1042
W4CZ1044
W4CZ1107
W4CZ1687
W4CZ1721
W4CZ2193
W4CZ24515
W4CZ2732
W4CZ30702
W4CZ31321
W4CZ34261
W4CZ57130
W4CZ57648
W4CZ58512
W4CZ62374
W4CZ7445
W7371
W741
W7445
W7555
W8248
W861
W8723
W8880
W8LS15812
W8LS16559
W8LS16693
W8LS16714
W8LS16726
W8LS16781
W8LS16784
W8LS16793
W8LS16810
W8LS16855
W8LS17095
W8LS17281
W8LS17743
W8LS17841
W8LS18002
W8LS18094
W8LS18146
W8LS18147
W8LS18148
W8LS18149
W8LS20005
W8LS20060
W8LS20171
W8LS20177
W8LS20216
W8LS20433
W8LS20454
W8LS20492
W8LS20504
W8LS20507
W8LS20510
W8LS20513
W8LS20531
W8LS20534
W8LS20537
W8LS20540
W8LS20543
W8LS20546
W8LS20549
W8LS20552
W8LS20555
W8LS20558
W8LS20573
W8LS20579
W8LS41972
W8LS43856
W914
W9140
W942
WID
listed items that should be unlisted:
unlisted items that should be listed:
items in buddhist-digital-resource-center-restricted that should not be:
items not in buddhist-digital-resource-center-restricted that should be:
items in inlibrary that should not be:
items not in inlibrary that should be:
items not in bdrc-fplmanuscripts that should be:
items not in bdrc-khmermanuscripts that should be:
items in geo_restricted that should not be:
items not in geo_restricted that should be:
